-- The CXX compiler identification is GNU 11.4.0
-- The C compiler identification is GNU 11.4.0
-- Detecting CXX compiler ABI info
-- Detecting CXX compiler ABI info - done
-- Check for working CXX compiler: /usr/bin/c++ - skipped
-- Detecting CXX compile features
-- Detecting CXX compile features - done
-- Detecting C compiler ABI info
-- Detecting C compiler ABI info - done
-- Check for working C compiler: /usr/bin/cc - skipped
-- Detecting C compile features
-- Detecting C compile features - done
-- Checking internet connection...
-- Internet connection identified
-- Info: REALSENSE_VERSION_STRING=2.55.1
-- Setting Unix configurations
-- No output directory set; using /home/imr/jauremax_ros2/src/build/librealsense2/Release/
-- Building libcurl enabled
-- Found OpenSSL: /usr/lib/x86_64-linux-gnu/libcrypto.so (found version "3.0.2")  
-- Performing Test SUPPORTS_CXX14
-- Performing Test SUPPORTS_CXX14 - Success
-- using RS2_USE_V4L2_BACKEND
-- Found usb: /usr/lib/x86_64-linux-gnu/libusb-1.0.so  
-- Found PkgConfig: /usr/bin/pkg-config (found version "0.29.2") 
-- Checking for module 'libudev'
--   Found libudev, version 249
-- Found Udev: /usr/include  
-- Fetching nlohmann/json...
-- Using the multi-header code from /home/imr/jauremax_ros2/src/build/librealsense2/third-party/json/include/
-- Fetching nlohmann/json - Done
-- Found OpenGL: /usr/lib/x86_64-linux-gnu/libOpenGL.so   
-- Looking for pthread.h
-- Looking for pthread.h - found
-- Performing Test CMAKE_HAVE_LIBC_PTHREAD
-- Performing Test CMAKE_HAVE_LIBC_PTHREAD - Success
-- Found Threads: TRUE  
-- Check for updates capability added to realsense-viewer
-- Check for updates capability added to realsense-depth-quality
-- Fetching recommended firmwares:
-- disable link time optimization for fw project
-- ... https://librealsense.intel.com/Releases/RS4xx/FW/D4XX_FW_Image-5.16.0.1.bin
-- Configuring done
-- Generating done
-- Build files have been written to: /home/imr/jauremax_ros2/src/build/librealsense2
