[0.025s] Invoking command in '/home/imr/jauremax_ros2/src/build/librealsense2': CMAKE_PREFIX_PATH=${CMAKE_PREFIX_PATH}:/home/imr/jauremax_ros2/install/controller_launcher:/home/imr/install/controller_launcher:/opt/ros/humble /usr/bin/cmake /home/imr/jauremax_ros2/src/librealsense -DCMAKE_INSTALL_PREFIX=/home/imr/jauremax_ros2/src/install/librealsense2
[0.146s] -- The CXX compiler identification is GNU 11.4.0
[0.205s] -- The C compiler identification is GNU 11.4.0
[0.218s] -- Detecting CXX compiler ABI info
[0.321s] -- Detecting CXX compiler ABI info - done
[0.331s] -- Check for working CXX compiler: /usr/bin/c++ - skipped
[0.331s] -- Detecting CXX compile features
[0.332s] -- Detecting CXX compile features - done
[0.335s] -- Detecting C compiler ABI info
[0.415s] -- Detecting C compiler ABI info - done
[0.423s] -- Check for working C compiler: /usr/bin/cc - skipped
[0.423s] -- Detecting C compile features
[0.424s] -- Detecting C compile features - done
[0.425s] -- Checking internet connection...
[0.582s] -- Internet connection identified
[0.584s] -- Info: REALSENSE_VERSION_STRING=2.55.1
[0.585s] -- Setting Unix configurations
[0.585s] -- No output directory set; using /home/imr/jauremax_ros2/src/build/librealsense2/Release/
[0.592s] -- Building libcurl enabled
[0.672s] -- Found OpenSSL: /usr/lib/x86_64-linux-gnu/libcrypto.so (found version "3.0.2")  
[0.674s] -- Performing Test SUPPORTS_CXX14
[0.758s] -- Performing Test SUPPORTS_CXX14 - Success
[0.759s] -- using RS2_USE_V4L2_BACKEND
[0.764s] -- Found usb: /usr/lib/x86_64-linux-gnu/libusb-1.0.so  
[0.769s] -- Found PkgConfig: /usr/bin/pkg-config (found version "0.29.2") 
[0.770s] -- Checking for module 'libudev'
[0.784s] --   Found libudev, version 249
[0.820s] -- Found Udev: /usr/include  
[0.824s] -- Fetching nlohmann/json...
[1.009s] Cloning into 'json'...
[21.503s] HEAD is now at 9cca280 JSON for Modern C++ 3.11.3 (#4222)
[21.792s] -- Using the multi-header code from /home/imr/jauremax_ros2/src/build/librealsense2/third-party/json/include/
[21.793s] -- Fetching nlohmann/json - Done
[21.815s] -- Found OpenGL: /usr/lib/x86_64-linux-gnu/libOpenGL.so   
[21.827s] -- Looking for pthread.h
[21.909s] -- Looking for pthread.h - found
[21.909s] -- Performing Test CMAKE_HAVE_LIBC_PTHREAD
[21.998s] -- Performing Test CMAKE_HAVE_LIBC_PTHREAD - Success
[21.999s] -- Found Threads: TRUE  
[22.016s] -- Check for updates capability added to realsense-viewer
[22.020s] -- Check for updates capability added to realsense-depth-quality
[22.023s] -- Fetching recommended firmwares:
[22.023s] -- disable link time optimization for fw project
[22.023s] -- ... https://librealsense.intel.com/Releases/RS4xx/FW/D4XX_FW_Image-5.16.0.1.bin
[22.522s] -- Configuring done
[22.696s] -- Generating done
[22.739s] -- Build files have been written to: /home/imr/jauremax_ros2/src/build/librealsense2
