[35m[1mConsolidate compiler generated dependencies of target teleop_twist_joy[0m
[ 50%] Built target teleop_twist_joy
[35m[1mConsolidate compiler generated dependencies of target teleop_twist_joy_node[0m
[100%] Built target teleop_twist_joy_node
-- Install configuration: ""
-- Installing: /home/imr/jauremax_ros2/src/install/teleop_twist_joy/lib/libteleop_twist_joy.so
-- Set runtime path of "/home/imr/jauremax_ros2/src/install/teleop_twist_joy/lib/libteleop_twist_joy.so" to ""
-- Installing: /home/imr/jauremax_ros2/src/install/teleop_twist_joy/lib/teleop_twist_joy/teleop_node
-- Set runtime path of "/home/imr/jauremax_ros2/src/install/teleop_twist_joy/lib/teleop_twist_joy/teleop_node" to ""
-- Installing: /home/imr/jauremax_ros2/src/install/teleop_twist_joy/include/teleop_twist_joy
-- Installing: /home/imr/jauremax_ros2/src/install/teleop_twist_joy/include/teleop_twist_joy/teleop_twist_joy
-- Installing: /home/imr/jauremax_ros2/src/install/teleop_twist_joy/include/teleop_twist_joy/teleop_twist_joy/teleop_twist_joy.hpp
-- Installing: /home/imr/jauremax_ros2/src/install/teleop_twist_joy/include/teleop_twist_joy/teleop_twist_joy/teleop_twist_joy_export.h
-- Installing: /home/imr/jauremax_ros2/src/install/teleop_twist_joy/share/teleop_twist_joy/launch
-- Installing: /home/imr/jauremax_ros2/src/install/teleop_twist_joy/share/teleop_twist_joy/launch/teleop-launch.py
-- Installing: /home/imr/jauremax_ros2/src/install/teleop_twist_joy/share/teleop_twist_joy/config
-- Installing: /home/imr/jauremax_ros2/src/install/teleop_twist_joy/share/teleop_twist_joy/config/ps5.config.yaml
-- Installing: /home/imr/jauremax_ros2/src/install/teleop_twist_joy/share/teleop_twist_joy/config/ps3.config.yaml
-- Installing: /home/imr/jauremax_ros2/src/install/teleop_twist_joy/share/teleop_twist_joy/config/joy_config.yaml
-- Installing: /home/imr/jauremax_ros2/src/install/teleop_twist_joy/share/teleop_twist_joy/config/ps3-holonomic.config.yaml
-- Installing: /home/imr/jauremax_ros2/src/install/teleop_twist_joy/share/teleop_twist_joy/config/atk3.config.yaml
-- Installing: /home/imr/jauremax_ros2/src/install/teleop_twist_joy/share/teleop_twist_joy/config/xd3.config.yaml
-- Installing: /home/imr/jauremax_ros2/src/install/teleop_twist_joy/share/teleop_twist_joy/config/pdp.config.yaml
-- Installing: /home/imr/jauremax_ros2/src/install/teleop_twist_joy/share/teleop_twist_joy/config/xbox.config.yaml
-- Installing: /home/imr/jauremax_ros2/src/install/teleop_twist_joy/share/teleop_twist_joy/environment/library_path.sh
-- Installing: /home/imr/jauremax_ros2/src/install/teleop_twist_joy/share/teleop_twist_joy/environment/library_path.dsv
-- Installing: /home/imr/jauremax_ros2/src/install/teleop_twist_joy/share/ament_index/resource_index/package_run_dependencies/teleop_twist_joy
-- Installing: /home/imr/jauremax_ros2/src/install/teleop_twist_joy/share/ament_index/resource_index/parent_prefix_path/teleop_twist_joy
-- Installing: /home/imr/jauremax_ros2/src/install/teleop_twist_joy/share/teleop_twist_joy/environment/ament_prefix_path.sh
-- Installing: /home/imr/jauremax_ros2/src/install/teleop_twist_joy/share/teleop_twist_joy/environment/ament_prefix_path.dsv
-- Installing: /home/imr/jauremax_ros2/src/install/teleop_twist_joy/share/teleop_twist_joy/environment/path.sh
-- Installing: /home/imr/jauremax_ros2/src/install/teleop_twist_joy/share/teleop_twist_joy/environment/path.dsv
-- Installing: /home/imr/jauremax_ros2/src/install/teleop_twist_joy/share/teleop_twist_joy/local_setup.bash
-- Installing: /home/imr/jauremax_ros2/src/install/teleop_twist_joy/share/teleop_twist_joy/local_setup.sh
-- Installing: /home/imr/jauremax_ros2/src/install/teleop_twist_joy/share/teleop_twist_joy/local_setup.zsh
-- Installing: /home/imr/jauremax_ros2/src/install/teleop_twist_joy/share/teleop_twist_joy/local_setup.dsv
-- Installing: /home/imr/jauremax_ros2/src/install/teleop_twist_joy/share/teleop_twist_joy/package.dsv
-- Installing: /home/imr/jauremax_ros2/src/install/teleop_twist_joy/share/ament_index/resource_index/packages/teleop_twist_joy
-- Installing: /home/imr/jauremax_ros2/src/install/teleop_twist_joy/share/ament_index/resource_index/rclcpp_components/teleop_twist_joy
-- Installing: /home/imr/jauremax_ros2/src/install/teleop_twist_joy/share/teleop_twist_joy/cmake/export_teleop_twist_joyExport.cmake
-- Installing: /home/imr/jauremax_ros2/src/install/teleop_twist_joy/share/teleop_twist_joy/cmake/export_teleop_twist_joyExport-noconfig.cmake
-- Installing: /home/imr/jauremax_ros2/src/install/teleop_twist_joy/share/teleop_twist_joy/cmake/ament_cmake_export_include_directories-extras.cmake
-- Installing: /home/imr/jauremax_ros2/src/install/teleop_twist_joy/share/teleop_twist_joy/cmake/ament_cmake_export_libraries-extras.cmake
-- Installing: /home/imr/jauremax_ros2/src/install/teleop_twist_joy/share/teleop_twist_joy/cmake/ament_cmake_export_targets-extras.cmake
-- Installing: /home/imr/jauremax_ros2/src/install/teleop_twist_joy/share/teleop_twist_joy/cmake/teleop_twist_joyConfig.cmake
-- Installing: /home/imr/jauremax_ros2/src/install/teleop_twist_joy/share/teleop_twist_joy/cmake/teleop_twist_joyConfig-version.cmake
-- Installing: /home/imr/jauremax_ros2/src/install/teleop_twist_joy/share/teleop_twist_joy/package.xml
