[35m[1mConsolidate compiler generated dependencies of target rsutils[0m
[35m[1mConsolidate compiler generated dependencies of target realsense-file[0m
[35m[1mConsolidate compiler generated dependencies of target rs-embed[0m
[  0%] [34m[1mPerforming download step (git clone) for 'libcurl'[0m
[  0%] [32mBuilding CXX object third-party/rsutils/CMakeFiles/rsutils.dir/src/dispatcher.cpp.o[0m
[  0%] [32mBuilding CXX object third-party/realsense-file/CMakeFiles/realsense-file.dir/rosbag/rosbag_storage/src/bag.cpp.o[0m
[  1%] [32mBuilding C object tools/embed/CMakeFiles/rs-embed.dir/__/__/third-party/realsense-file/lz4/lz4.c.o[0m
[  2%] [32mBuilding CXX object third-party/rsutils/CMakeFiles/rsutils.dir/src/ensure-console.cpp.o[0m
[  2%] [32mBuilding CXX object third-party/rsutils/CMakeFiles/rsutils.dir/src/executable-name.cpp.o[0m
[  2%] [32mBuilding CXX object third-party/rsutils/CMakeFiles/rsutils.dir/src/float3.cpp.o[0m
[  3%] [32mBuilding CXX object third-party/rsutils/CMakeFiles/rsutils.dir/src/from.cpp.o[0m
[  3%] [32mBuilding CXX object third-party/realsense-file/CMakeFiles/realsense-file.dir/rosbag/rosbag_storage/src/bag_player.cpp.o[0m
[  3%] [32mBuilding CXX object third-party/rsutils/CMakeFiles/rsutils.dir/src/hexarray.cpp.o[0m
[  4%] [32mBuilding CXX object third-party/realsense-file/CMakeFiles/realsense-file.dir/rosbag/rosbag_storage/src/buffer.cpp.o[0m
[  4%] [32mBuilding CXX object third-party/realsense-file/CMakeFiles/realsense-file.dir/rosbag/rosbag_storage/src/chunked_file.cpp.o[0m
[  4%] [32mBuilding CXX object third-party/realsense-file/CMakeFiles/realsense-file.dir/rosbag/rosbag_storage/src/lz4_stream.cpp.o[0m
[  4%] [32m[1mLinking CXX executable ../../Release/rs-embed[0m
[  4%] Built target rs-embed
[  4%] [32mBuilding CXX object third-party/rsutils/CMakeFiles/rsutils.dir/src/hexdump.cpp.o[0m
[  4%] [32mBuilding CXX object third-party/realsense-file/CMakeFiles/realsense-file.dir/rosbag/rosbag_storage/src/message_instance.cpp.o[0m
[  4%] [32mBuilding CXX object third-party/rsutils/CMakeFiles/rsutils.dir/src/ip-address.cpp.o[0m
[  5%] [32mBuilding CXX object third-party/realsense-file/CMakeFiles/realsense-file.dir/rosbag/rosbag_storage/src/query.cpp.o[0m
[  5%] [32mBuilding CXX object third-party/realsense-file/CMakeFiles/realsense-file.dir/rosbag/rosbag_storage/src/stream.cpp.o[0m
[  6%] [32mBuilding CXX object third-party/rsutils/CMakeFiles/rsutils.dir/src/json.cpp.o[0m
[  6%] [32mBuilding CXX object third-party/realsense-file/CMakeFiles/realsense-file.dir/rosbag/rosbag_storage/src/uncompressed_stream.cpp.o[0m
[  6%] [32mBuilding CXX object third-party/realsense-file/CMakeFiles/realsense-file.dir/rosbag/rosbag_storage/src/view.cpp.o[0m
[  6%] [32mBuilding CXX object third-party/rsutils/CMakeFiles/rsutils.dir/src/make-less-screamy.cpp.o[0m
[  6%] [32mBuilding CXX object third-party/rsutils/CMakeFiles/rsutils.dir/src/os.cpp.o[0m
[  7%] [32mBuilding CXX object third-party/realsense-file/CMakeFiles/realsense-file.dir/rosbag/roscpp_serialization/src/serialization.cpp.o[0m
[  7%] [32mBuilding C object third-party/realsense-file/CMakeFiles/realsense-file.dir/rosbag/roslz4/src/lz4s.c.o[0m
[  7%] [32mBuilding C object common/fw/CMakeFiles/fw.dir/empty.c.o[0m
[  7%] [32mBuilding C object common/fw/CMakeFiles/fw.dir/D4XX_FW_Image.c.o[0m
[  7%] [32m[1mLinking C static library ../../Release/libfw.a[0m
[  7%] [32mBuilding C object third-party/realsense-file/CMakeFiles/realsense-file.dir/rosbag/roslz4/src/xxhash.c.o[0m
[  7%] Built target fw
[  8%] [32mBuilding CXX object third-party/realsense-file/CMakeFiles/realsense-file.dir/rosbag/rostime/src/duration.cpp.o[0m
[  8%] [32mBuilding CXX object third-party/rsutils/CMakeFiles/rsutils.dir/src/shorten-json-string.cpp.o[0m
[  8%] [32mBuilding CXX object third-party/realsense-file/CMakeFiles/realsense-file.dir/rosbag/rostime/src/rate.cpp.o[0m
[  8%] [32mBuilding CXX object third-party/realsense-file/CMakeFiles/realsense-file.dir/rosbag/rostime/src/time.cpp.o[0m
[  9%] [32mBuilding CXX object third-party/rsutils/CMakeFiles/rsutils.dir/src/special-folder.cpp.o[0m
[  9%] [32m[1mLinking CXX static library ../../Release/librealsense-file.a[0m
[ 10%] Built target realsense-file
[ 10%] [32mBuilding CXX object third-party/rsutils/CMakeFiles/rsutils.dir/src/version.cpp.o[0m
[ 10%] [32mBuilding CXX object third-party/rsutils/CMakeFiles/rsutils.dir/src/work-week.cpp.o[0m
[ 11%] [32m[1mLinking CXX static library ../../Release/librsutils.a[0m
[ 12%] Built target rsutils
[ 12%] [32mBuilding CXX object CMakeFiles/realsense2.dir/src/core/matcher-factory.cpp.o[0m
[ 12%] [32mBuilding CXX object CMakeFiles/realsense2.dir/src/core/notification.cpp.o[0m
[ 13%] [32mBuilding CXX object CMakeFiles/realsense2.dir/src/core/options-container.cpp.o[0m
[ 13%] [32mBuilding CXX object CMakeFiles/realsense2.dir/src/core/options-registry.cpp.o[0m
[ 13%] [32mBuilding CXX object CMakeFiles/realsense2.dir/src/core/options-watcher.cpp.o[0m
[ 13%] [32mBuilding CXX object CMakeFiles/realsense2.dir/src/ds/d400/d400-options.cpp.o[0m
[ 14%] [32mBuilding CXX object CMakeFiles/realsense2.dir/src/ds/d400/d400-private.cpp.o[0m
[ 14%] [32mBuilding CXX object CMakeFiles/realsense2.dir/src/ds/d400/d400-motion.cpp.o[0m
[ 14%] [32mBuilding CXX object CMakeFiles/realsense2.dir/src/ds/d400/d400-nonmonochrome.cpp.o[0m
[ 14%] [32mBuilding CXX object CMakeFiles/realsense2.dir/src/ds/d400/d400-device.cpp.o[0m
[ 15%] [34m[1mNo update step for 'libcurl'[0m
[ 15%] [34m[1mNo patch step for 'libcurl'[0m
[ 15%] [34m[1mPerforming configure step for 'libcurl'[0m
-- The C compiler identification is GNU 11.4.0
-- Detecting C compiler ABI info
-- Detecting C compiler ABI info - done
-- Check for working C compiler: /usr/bin/cc - skipped
-- Detecting C compile features
-- Detecting C compile features - done
-- curl version=[7.75.0-DEV]
-- Performing Test OPT_pedantic
-- Performing Test OPT_pedantic - Success
-- Performing Test OPT_Wall
-- Performing Test OPT_Wall - Success
-- Performing Test OPT_W
-- Performing Test OPT_W - Success
-- Performing Test OPT_Wpointer_arith
-- Performing Test OPT_Wpointer_arith - Success
-- Performing Test OPT_Wwrite_strings
-- Performing Test OPT_Wwrite_strings - Success
-- Performing Test OPT_Wunused
-- Performing Test OPT_Wunused - Success
-- Performing Test OPT_Wshadow
-- Performing Test OPT_Wshadow - Success
-- Performing Test OPT_Winline
-- Performing Test OPT_Winline - Success
-- Performing Test OPT_Wnested_externs
-- Performing Test OPT_Wnested_externs - Success
-- Performing Test OPT_Wmissing_declarations
-- Performing Test OPT_Wmissing_declarations - Success
-- Performing Test OPT_Wmissing_prototypes
-- Performing Test OPT_Wmissing_prototypes - Success
-- Performing Test OPT_Wfloat_equal
-- Performing Test OPT_Wfloat_equal - Success
-- Performing Test OPT_Wsign_compare
-- Performing Test OPT_Wsign_compare - Success
-- Performing Test OPT_Wundef
-- Performing Test OPT_Wundef - Success
-- Performing Test OPT_Wendif_labels
-- Performing Test OPT_Wendif_labels - Success
-- Performing Test OPT_Wstrict_prototypes
-- Performing Test OPT_Wstrict_prototypes - Success
-- Performing Test OPT_Wdeclaration_after_statement
-- Performing Test OPT_Wdeclaration_after_statement - Success
-- Performing Test OPT_Wstrict_aliasing_3
-- Performing Test OPT_Wstrict_aliasing_3 - Success
-- Performing Test OPT_Wcast_align
-- Performing Test OPT_Wcast_align - Success
-- Performing Test OPT_Wtype_limits
-- Performing Test OPT_Wtype_limits - Success
-- Performing Test OPT_Wold_style_declaration
-- Performing Test OPT_Wold_style_declaration - Success
-- Performing Test OPT_Wmissing_parameter_type
-- Performing Test OPT_Wmissing_parameter_type - Success
-- Performing Test OPT_Wempty_body
-- Performing Test OPT_Wempty_body - Success
-- Performing Test OPT_Wclobbered
-- Performing Test OPT_Wclobbered - Success
-- Performing Test OPT_Wignored_qualifiers
-- Performing Test OPT_Wignored_qualifiers - Success
-- Performing Test OPT_Wconversion
[ 16%] [32mBuilding CXX object CMakeFiles/realsense2.dir/src/ds/d400/d400-color.cpp.o[0m
-- Performing Test OPT_Wconversion - Success
-- Performing Test OPT_Wvla
-- Performing Test OPT_Wvla - Success
-- Performing Test OPT_Wdouble_promotion
-- Performing Test OPT_Wdouble_promotion - Success
-- Performing Test OPTlong_long
-- Performing Test OPTlong_long - Success
-- Performing Test OPTmultichar
-- Performing Test OPTmultichar - Success
-- Performing Test OPTformat_nonliteral
-- Performing Test OPTformat_nonliteral - Success
-- Performing Test OPTsign_conversion
-- Performing Test OPTsign_conversion - Success
-- Performing Test OPTsystem_headers
-- Performing Test OPTsystem_headers - Success
-- Performing Test OPTpedantic_ms_format
-- Performing Test OPTpedantic_ms_format - Failed
-- Performing Test HAVE_SOCKADDR_IN6_SIN6_ADDR
-- Performing Test HAVE_SOCKADDR_IN6_SIN6_ADDR - Success
-- Performing Test HAVE_SOCKADDR_IN6_SIN6_SCOPE_ID
-- Performing Test HAVE_SOCKADDR_IN6_SIN6_SCOPE_ID - Success
-- Found Perl: /usr/bin/perl (found version "5.34.0") 
-- Looking for pthread.h
-- Looking for pthread.h - found
-- Performing Test CMAKE_HAVE_LIBC_PTHREAD
-- Performing Test CMAKE_HAVE_LIBC_PTHREAD - Success
-- Found Threads: TRUE  
-- Looking for dlopen in dl;
-- Looking for dlopen in dl; - found
-- Looking for connect in socket;dl
-- Looking for connect in socket;dl - not found
-- Looking for gethostbyname in c
-- Looking for gethostbyname in c - found
-- Looking for gethostname
-- Looking for gethostname - found
-- Found OpenSSL: /usr/lib/x86_64-linux-gnu/libcrypto.so (found version "3.0.2")  
-- Looking for openssl/crypto.h
-- Looking for openssl/crypto.h - found
-- Looking for openssl/err.h
-- Looking for openssl/err.h - found
-- Looking for openssl/pem.h
[ 16%] [32mBuilding CXX object CMakeFiles/realsense2.dir/src/ds/d400/d400-active.cpp.o[0m
-- Looking for openssl/pem.h - found
-- Looking for openssl/rsa.h
-- Looking for openssl/rsa.h - found
-- Looking for openssl/ssl.h
-- Looking for openssl/ssl.h - found
-- Looking for openssl/x509.h
-- Looking for openssl/x509.h - found
-- Looking for openssl/rand.h
-- Looking for openssl/rand.h - found
-- Looking for RAND_status
-- Looking for RAND_status - not found
-- Looking for RAND_screen
-- Looking for RAND_screen - not found
-- Looking for RAND_egd
-- Looking for RAND_egd - not found
-- Looking for dlopen in dl;OpenSSL::SSL;OpenSSL::Crypto
-- Looking for dlopen in dl;OpenSSL::SSL;OpenSSL::Crypto - found
-- Performing Test USE_UNIX_SOCKETS
-- Performing Test USE_UNIX_SOCKETS - Success
-- Found CA bundle: /etc/ssl/certs/ca-certificates.crt
-- Looking for include file stdio.h
-- Looking for include file stdio.h - found
-- Looking for include files stdio.h, inttypes.h
-- Looking for include files stdio.h, inttypes.h - found
-- Looking for 3 include files stdio.h, ..., sys/filio.h
-- Looking for 3 include files stdio.h, ..., sys/filio.h - not found
-- Looking for 3 include files stdio.h, ..., sys/ioctl.h
-- Looking for 3 include files stdio.h, ..., sys/ioctl.h - found
-- Looking for 4 include files stdio.h, ..., sys/param.h
-- Looking for 4 include files stdio.h, ..., sys/param.h - found
-- Looking for 5 include files stdio.h, ..., sys/poll.h
-- Looking for 5 include files stdio.h, ..., sys/poll.h - found
-- Looking for 6 include files stdio.h, ..., sys/resource.h
-- Looking for 6 include files stdio.h, ..., sys/resource.h - found
-- Looking for 7 include files stdio.h, ..., sys/select.h
-- Looking for 7 include files stdio.h, ..., sys/select.h - found
-- Looking for 8 include files stdio.h, ..., sys/socket.h
-- Looking for 8 include files stdio.h, ..., sys/socket.h - found
-- Looking for 9 include files stdio.h, ..., sys/sockio.h
-- Looking for 9 include files stdio.h, ..., sys/sockio.h - not found
-- Looking for 9 include files stdio.h, ..., sys/stat.h
-- Looking for 9 include files stdio.h, ..., sys/stat.h - found
-- Looking for 10 include files stdio.h, ..., sys/time.h
-- Looking for 10 include files stdio.h, ..., sys/time.h - found
-- Looking for 11 include files stdio.h, ..., sys/types.h
-- Looking for 11 include files stdio.h, ..., sys/types.h - found
-- Looking for 12 include files stdio.h, ..., sys/uio.h
-- Looking for 12 include files stdio.h, ..., sys/uio.h - found
-- Looking for 13 include files stdio.h, ..., sys/un.h
-- Looking for 13 include files stdio.h, ..., sys/un.h - found
-- Looking for 14 include files stdio.h, ..., sys/utime.h
-- Looking for 14 include files stdio.h, ..., sys/utime.h - not found
-- Looking for 14 include files stdio.h, ..., sys/xattr.h
-- Looking for 14 include files stdio.h, ..., sys/xattr.h - found
-- Looking for 15 include files stdio.h, ..., alloca.h
-- Looking for 15 include files stdio.h, ..., alloca.h - found
-- Looking for 16 include files stdio.h, ..., arpa/inet.h
-- Looking for 16 include files stdio.h, ..., arpa/inet.h - found
-- Looking for 17 include files stdio.h, ..., arpa/tftp.h
-- Looking for 17 include files stdio.h, ..., arpa/tftp.h - found
-- Looking for 18 include files stdio.h, ..., assert.h
-- Looking for 18 include files stdio.h, ..., assert.h - found
-- Looking for 19 include files stdio.h, ..., crypto.h
-- Looking for 19 include files stdio.h, ..., crypto.h - not found
-- Looking for 19 include files stdio.h, ..., err.h
-- Looking for 19 include files stdio.h, ..., err.h - found
-- Looking for 20 include files stdio.h, ..., errno.h
-- Looking for 20 include files stdio.h, ..., errno.h - found
-- Looking for 21 include files stdio.h, ..., fcntl.h
-- Looking for 21 include files stdio.h, ..., fcntl.h - found
-- Looking for 22 include files stdio.h, ..., idn2.h
-- Looking for 22 include files stdio.h, ..., idn2.h - not found
-- Looking for 22 include files stdio.h, ..., ifaddrs.h
-- Looking for 22 include files stdio.h, ..., ifaddrs.h - found
-- Looking for 23 include files stdio.h, ..., io.h
-- Looking for 23 include files stdio.h, ..., io.h - not found
-- Looking for 23 include files stdio.h, ..., krb.h
-- Looking for 23 include files stdio.h, ..., krb.h - not found
-- Looking for 23 include files stdio.h, ..., libgen.h
-- Looking for 23 include files stdio.h, ..., libgen.h - found
-- Looking for 24 include files stdio.h, ..., locale.h
-- Looking for 24 include files stdio.h, ..., locale.h - found
-- Looking for 25 include files stdio.h, ..., net/if.h
-- Looking for 25 include files stdio.h, ..., net/if.h - found
-- Looking for 26 include files stdio.h, ..., netdb.h
-- Looking for 26 include files stdio.h, ..., netdb.h - found
-- Looking for 27 include files stdio.h, ..., netinet/in.h
-- Looking for 27 include files stdio.h, ..., netinet/in.h - found
-- Looking for 28 include files stdio.h, ..., netinet/tcp.h
-- Looking for 28 include files stdio.h, ..., netinet/tcp.h - found
-- Looking for linux/tcp.h
-- Looking for linux/tcp.h - found
-- Looking for 29 include files stdio.h, ..., pem.h
-- Looking for 29 include files stdio.h, ..., pem.h - not found
-- Looking for 29 include files stdio.h, ..., poll.h
-- Looking for 29 include files stdio.h, ..., poll.h - found
-- Looking for 30 include files stdio.h, ..., pwd.h
-- Looking for 30 include files stdio.h, ..., pwd.h - found
-- Looking for 31 include files stdio.h, ..., rsa.h
-- Looking for 31 include files stdio.h, ..., rsa.h - not found
-- Looking for 31 include files stdio.h, ..., setjmp.h
-- Looking for 31 include files stdio.h, ..., setjmp.h - found
-- Looking for 32 include files stdio.h, ..., sgtty.h
-- Looking for 32 include files stdio.h, ..., sgtty.h - found
-- Looking for 33 include files stdio.h, ..., signal.h
-- Looking for 33 include files stdio.h, ..., signal.h - found
-- Looking for 34 include files stdio.h, ..., ssl.h
-- Looking for 34 include files stdio.h, ..., ssl.h - not found
-- Looking for 34 include files stdio.h, ..., stdbool.h
-- Looking for 34 include files stdio.h, ..., stdbool.h - found
-- Looking for 35 include files stdio.h, ..., stdint.h
-- Looking for 35 include files stdio.h, ..., stdint.h - found
-- Looking for 37 include files stdio.h, ..., stdlib.h
-- Looking for 37 include files stdio.h, ..., stdlib.h - found
-- Looking for 38 include files stdio.h, ..., string.h
[ 16%] [32mBuilding CXX object CMakeFiles/realsense2.dir/src/ds/d400/d400-factory.cpp.o[0m
-- Looking for 38 include files stdio.h, ..., string.h - found
-- Looking for 39 include files stdio.h, ..., strings.h
-- Looking for 39 include files stdio.h, ..., strings.h - found
-- Looking for 40 include files stdio.h, ..., stropts.h
-- Looking for 40 include files stdio.h, ..., stropts.h - not found
-- Looking for 40 include files stdio.h, ..., termio.h
-- Looking for 40 include files stdio.h, ..., termio.h - found
-- Looking for 41 include files stdio.h, ..., termios.h
-- Looking for 41 include files stdio.h, ..., termios.h - found
-- Looking for 42 include files stdio.h, ..., time.h
-- Looking for 42 include files stdio.h, ..., time.h - found
-- Looking for 43 include files stdio.h, ..., unistd.h
-- Looking for 43 include files stdio.h, ..., unistd.h - found
-- Looking for 44 include files stdio.h, ..., utime.h
-- Looking for 44 include files stdio.h, ..., utime.h - found
-- Looking for 45 include files stdio.h, ..., x509.h
-- Looking for 45 include files stdio.h, ..., x509.h - not found
-- Looking for 45 include files stdio.h, ..., process.h
-- Looking for 45 include files stdio.h, ..., process.h - not found
-- Looking for 45 include files stdio.h, ..., stddef.h
-- Looking for 45 include files stdio.h, ..., stddef.h - found
-- Looking for 46 include files stdio.h, ..., dlfcn.h
-- Looking for 46 include files stdio.h, ..., dlfcn.h - found
-- Looking for 47 include files stdio.h, ..., malloc.h
-- Looking for 47 include files stdio.h, ..., malloc.h - found
-- Looking for 48 include files stdio.h, ..., memory.h
-- Looking for 48 include files stdio.h, ..., memory.h - found
-- Looking for 49 include files stdio.h, ..., netinet/if_ether.h
-- Looking for 49 include files stdio.h, ..., netinet/if_ether.h - found
-- Looking for 51 include files stdio.h, ..., sockio.h
-- Looking for 51 include files stdio.h, ..., sockio.h - not found
-- Looking for 51 include files stdio.h, ..., sys/utsname.h
-- Looking for 51 include files stdio.h, ..., sys/utsname.h - found
-- Check size of size_t
-- Check size of size_t - done
-- Check size of ssize_t
-- Check size of ssize_t - done
-- Check size of long long
-- Check size of long long - done
-- Check size of long
[ 17%] [32mBuilding CXX object CMakeFiles/realsense2.dir/src/ds/d400/d400-fw-update-device.cpp.o[0m
-- Check size of long - done
-- Check size of short
-- Check size of short - done
-- Check size of int
-- Check size of int - done
-- Check size of __int64
-- Check size of __int64 - failed
-- Check size of long double
-- Check size of long double - done
-- Check size of time_t
-- Check size of time_t - done
-- Looking for basename
-- Looking for basename - found
-- Looking for socket
-- Looking for socket - found
-- Looking for select
-- Looking for select - found
-- Looking for poll
-- Looking for poll - found
-- Looking for strdup
-- Looking for strdup - found
-- Looking for strstr
-- Looking for strstr - found
-- Looking for strtok_r
-- Looking for strtok_r - found
-- Looking for strftime
-- Looking for strftime - found
-- Looking for uname
-- Looking for uname - found
-- Looking for strcasecmp
-- Looking for strcasecmp - found
-- Looking for stricmp
-- Looking for stricmp - not found
-- Looking for strcmpi
-- Looking for strcmpi - not found
-- Looking for strncmpi
-- Looking for strncmpi - not found
-- Looking for alarm
-- Looking for alarm - found
-- Looking for gethostbyaddr
-- Looking for gethostbyaddr - found
-- Looking for gethostbyaddr_r
-- Looking for gethostbyaddr_r - found
-- Looking for gettimeofday
-- Looking for gettimeofday - found
-- Looking for inet_addr
-- Looking for inet_addr - found
-- Looking for inet_ntoa
-- Looking for inet_ntoa - found
-- Looking for inet_ntoa_r
-- Looking for inet_ntoa_r - not found
-- Looking for tcsetattr
-- Looking for tcsetattr - found
-- Looking for tcgetattr
-- Looking for tcgetattr - found
-- Looking for perror
-- Looking for perror - found
-- Looking for closesocket
-- Looking for closesocket - not found
-- Looking for setvbuf
-- Looking for setvbuf - found
-- Looking for sigsetjmp
-- Looking for sigsetjmp - found
-- Looking for getpass_r
-- Looking for getpass_r - not found
-- Looking for strlcat
-- Looking for strlcat - not found
-- Looking for getpwuid
-- Looking for getpwuid - found
-- Looking for getpwuid_r
-- Looking for getpwuid_r - found
-- Looking for geteuid
-- Looking for geteuid - found
-- Looking for usleep
-- Looking for usleep - found
-- Looking for utime
-- Looking for utime - found
-- Looking for gmtime_r
-- Looking for gmtime_r - found
-- Looking for localtime_r
-- Looking for localtime_r - found
-- Looking for gethostbyname
-- Looking for gethostbyname - found
-- Looking for gethostbyname_r
[ 17%] [32mBuilding CXX object CMakeFiles/realsense2.dir/src/ds/d400/d400-auto-calibration.cpp.o[0m
-- Looking for gethostbyname_r - found
-- Looking for signal
-- Looking for signal - found
-- Looking for SIGALRM
-- Looking for SIGALRM - found
-- Looking for strtoll
-- Looking for strtoll - found
-- Looking for _strtoi64
-- Looking for _strtoi64 - not found
-- Looking for strerror_r
-- Looking for strerror_r - found
-- Looking for siginterrupt
-- Looking for siginterrupt - found
-- Looking for fork
-- Looking for fork - found
-- Looking for getaddrinfo
[ 17%] [32mBuilding CXX object CMakeFiles/realsense2.dir/src/ds/d400/d400-thermal-monitor.cpp.o[0m
-- Looking for getaddrinfo - found
-- Looking for freeaddrinfo
-- Looking for freeaddrinfo - found
-- Looking for freeifaddrs
-- Looking for freeifaddrs - found
-- Looking for pipe
-- Looking for pipe - found
-- Looking for ftruncate
-- Looking for ftruncate - found
-- Looking for getprotobyname
-- Looking for getprotobyname - found
-- Looking for getpeername
-- Looking for getpeername - found
-- Looking for getsockname
-- Looking for getsockname - found
-- Looking for if_nametoindex
-- Looking for if_nametoindex - found
-- Looking for getrlimit
-- Looking for getrlimit - found
-- Looking for setlocale
-- Looking for setlocale - found
-- Looking for setmode
-- Looking for setmode - not found
-- Looking for setrlimit
-- Looking for setrlimit - found
-- Looking for fcntl
-- Looking for fcntl - found
-- Looking for ioctl
-- Looking for ioctl - found
-- Looking for setsockopt
-- Looking for setsockopt - found
-- Looking for mach_absolute_time
-- Looking for mach_absolute_time - not found
-- Looking for inet_pton
-- Looking for inet_pton - found
-- Looking for fsetxattr
-- Looking for fsetxattr - found
-- Performing Curl Test HAVE_FSETXATTR_5
-- Performing Curl Test HAVE_FSETXATTR_5 - Success
-- Performing Curl Test HAVE_FSETXATTR_6
-- Performing Curl Test HAVE_FSETXATTR_6 - Failed
-- Looking for sigaction
-- Looking for sigaction - found
-- Performing Curl Test HAVE_FCNTL_O_NONBLOCK
-- Performing Curl Test HAVE_FCNTL_O_NONBLOCK - Success
-- Performing Curl Test HAVE_IOCTLSOCKET
-- Performing Curl Test HAVE_IOCTLSOCKET - Failed
-- Performing Curl Test HAVE_IOCTLSOCKET_CAMEL
-- Performing Curl Test HAVE_IOCTLSOCKET_CAMEL - Failed
-- Performing Curl Test HAVE_IOCTLSOCKET_CAMEL_FIONBIO
-- Performing Curl Test HAVE_IOCTLSOCKET_CAMEL_FIONBIO - Failed
-- Performing Curl Test HAVE_IOCTLSOCKET_FIONBIO
-- Performing Curl Test HAVE_IOCTLSOCKET_FIONBIO - Failed
-- Performing Curl Test HAVE_IOCTL_FIONBIO
-- Performing Curl Test HAVE_IOCTL_FIONBIO - Success
-- Performing Curl Test HAVE_IOCTL_SIOCGIFADDR
-- Performing Curl Test HAVE_IOCTL_SIOCGIFADDR - Success
-- Performing Curl Test HAVE_SETSOCKOPT_SO_NONBLOCK
-- Performing Curl Test HAVE_SETSOCKOPT_SO_NONBLOCK - Failed
-- Performing Curl Test TIME_WITH_SYS_TIME
-- Performing Curl Test TIME_WITH_SYS_TIME - Success
-- Performing Curl Test HAVE_O_NONBLOCK
-- Performing Curl Test HAVE_O_NONBLOCK - Failed
-- Performing Curl Test HAVE_GETHOSTBYADDR_R_5
-- Performing Curl Test HAVE_GETHOSTBYADDR_R_5 - Failed
-- Performing Curl Test HAVE_GETHOSTBYADDR_R_7
[ 17%] [32mBuilding CXX object CMakeFiles/realsense2.dir/src/ds/d500/d500-device.cpp.o[0m
-- Performing Curl Test HAVE_GETHOSTBYADDR_R_7 - Failed
-- Performing Curl Test HAVE_GETHOSTBYADDR_R_8
-- Performing Curl Test HAVE_GETHOSTBYADDR_R_8 - Success
-- Performing Curl Test HAVE_GETHOSTBYADDR_R_5_REENTRANT
-- Performing Curl Test HAVE_GETHOSTBYADDR_R_5_REENTRANT - Failed
-- Performing Curl Test HAVE_GETHOSTBYADDR_R_7_REENTRANT
-- Performing Curl Test HAVE_GETHOSTBYADDR_R_7_REENTRANT - Failed
-- Performing Curl Test HAVE_GETHOSTBYADDR_R_8_REENTRANT
-- Performing Curl Test HAVE_GETHOSTBYADDR_R_8_REENTRANT - Success
-- Performing Curl Test HAVE_GETHOSTBYNAME_R_3
-- Performing Curl Test HAVE_GETHOSTBYNAME_R_3 - Failed
-- Performing Curl Test HAVE_GETHOSTBYNAME_R_5
-- Performing Curl Test HAVE_GETHOSTBYNAME_R_5 - Failed
-- Performing Curl Test HAVE_GETHOSTBYNAME_R_6
-- Performing Curl Test HAVE_GETHOSTBYNAME_R_6 - Success
-- Performing Curl Test HAVE_GETHOSTBYNAME_R_3_REENTRANT
-- Performing Curl Test HAVE_GETHOSTBYNAME_R_3_REENTRANT - Failed
-- Performing Curl Test HAVE_GETHOSTBYNAME_R_5_REENTRANT
-- Performing Curl Test HAVE_GETHOSTBYNAME_R_5_REENTRANT - Failed
-- Performing Curl Test HAVE_GETHOSTBYNAME_R_6_REENTRANT
-- Performing Curl Test HAVE_GETHOSTBYNAME_R_6_REENTRANT - Success
-- Performing Curl Test HAVE_IN_ADDR_T
-- Performing Curl Test HAVE_IN_ADDR_T - Success
-- Performing Curl Test HAVE_BOOL_T
-- Performing Curl Test HAVE_BOOL_T - Success
-- Performing Curl Test STDC_HEADERS
-- Performing Curl Test STDC_HEADERS - Success
-- Performing Curl Test RETSIGTYPE_TEST
-- Performing Curl Test RETSIGTYPE_TEST - Success
-- Performing Curl Test HAVE_INET_NTOA_R_DECL
-- Performing Curl Test HAVE_INET_NTOA_R_DECL - Failed
-- Performing Curl Test HAVE_INET_NTOA_R_DECL_REENTRANT
-- Performing Curl Test HAVE_INET_NTOA_R_DECL_REENTRANT - Failed
-- Performing Curl Test HAVE_FILE_OFFSET_BITS
-- Performing Curl Test HAVE_FILE_OFFSET_BITS - Success
-- Performing Curl Test HAVE_VARIADIC_MACROS_C99
-- Performing Curl Test HAVE_VARIADIC_MACROS_C99 - Success
-- Performing Curl Test HAVE_VARIADIC_MACROS_GCC
-- Performing Curl Test HAVE_VARIADIC_MACROS_GCC - Success
-- Check size of off_t
-- Check size of off_t - done
-- Check size of curl_off_t
-- Check size of curl_off_t - done
-- Performing Curl Test HAVE_GLIBC_STRERROR_R
-- Performing Curl Test HAVE_GLIBC_STRERROR_R - Failed
-- Performing Curl Test HAVE_POSIX_STRERROR_R
-- Performing Curl Test HAVE_POSIX_STRERROR_R - Success
-- Performing Curl Test HAVE_CLOCK_GETTIME_MONOTONIC
-- Performing Curl Test HAVE_CLOCK_GETTIME_MONOTONIC - Success
-- Performing Curl Test HAVE_BUILTIN_AVAILABLE
-- Performing Curl Test HAVE_BUILTIN_AVAILABLE - Failed
