[0.172s] DEBUG:colcon:Command line arguments: ['/usr/bin/colcon', 'build']
[0.173s] DEBUG:colcon:Parsed command line arguments: Namespace(log_base=None, log_level=None, verb_name='build', build_base='build', install_base='install', merge_install=False, symlink_install=False, test_result_base=None, continue_on_error=False, executor='parallel', parallel_workers=4, event_handlers=None, ignore_user_meta=False, metas=['./colcon.meta'], base_paths=['.'], packages_ignore=None, packages_ignore_regex=None, paths=None, packages_up_to=None, packages_up_to_regex=None, packages_above=None, packages_above_and_dependencies=None, packages_above_depth=None, packages_select_by_dep=None, packages_skip_by_dep=None, packages_skip_up_to=None, packages_select_build_failed=False, packages_skip_build_finished=False, packages_select_test_failures=False, packages_skip_test_passed=False, packages_select=None, packages_skip=None, packages_select_regex=None, packages_skip_regex=None, packages_start=None, packages_end=None, allow_overriding=[], cmake_args=None, cmake_target=None, cmake_target_skip_unavailable=False, cmake_clean_cache=False, cmake_clean_first=False, cmake_force_configure=False, ament_cmake_args=None, catkin_cmake_args=None, catkin_skip_building_tests=False, verb_parser=<colcon_defaults.argument_parser.defaults.DefaultArgumentsDecorator object at 0x73f619f02530>, verb_extension=<colcon_core.verb.build.BuildVerb object at 0x73f61a05f9a0>, main=<bound method BuildVerb.main of <colcon_core.verb.build.BuildVerb object at 0x73f61a05f9a0>>)
[0.593s] Level 1:colcon.colcon_core.package_discovery:discover_packages(colcon_meta) check parameters
[0.593s] Level 1:colcon.colcon_core.package_discovery:discover_packages(recursive) check parameters
[0.593s] Level 1:colcon.colcon_core.package_discovery:discover_packages(ignore) check parameters
[0.593s] Level 1:colcon.colcon_core.package_discovery:discover_packages(path) check parameters
[0.593s] Level 1:colcon.colcon_core.package_discovery:discover_packages(colcon_meta) discover
[0.593s] Level 1:colcon.colcon_core.package_discovery:discover_packages(recursive) discover
[0.593s] INFO:colcon.colcon_core.package_discovery:Crawling recursively for packages in '/home/imr/ws-for-ov2slam'
[0.593s] Level 1:colcon.colcon_core.package_identification:_identify(.) by extensions ['ignore', 'ignore_ament_install']
[0.593s] Level 1:colcon.colcon_core.package_identification:_identify(.) by extension 'ignore'
[0.593s] Level 1:colcon.colcon_core.package_identification:_identify(.) by extension 'ignore_ament_install'
[0.593s] Level 1:colcon.colcon_core.package_identification:_identify(.) by extensions ['colcon_pkg']
[0.593s] Level 1:colcon.colcon_core.package_identification:_identify(.) by extension 'colcon_pkg'
[0.594s] Level 1:colcon.colcon_core.package_identification:_identify(.) by extensions ['colcon_meta']
[0.594s] Level 1:colcon.colcon_core.package_identification:_identify(.) by extension 'colcon_meta'
[0.594s] Level 1:colcon.colcon_core.package_identification:_identify(.) by extensions ['ros']
[0.594s] Level 1:colcon.colcon_core.package_identification:_identify(.) by extension 'ros'
[0.611s] Level 1:colcon.colcon_core.package_identification:_identify(.) by extensions ['cmake', 'python']
[0.611s] Level 1:colcon.colcon_core.package_identification:_identify(.) by extension 'cmake'
[0.611s] Level 1:colcon.colcon_core.package_identification:_identify(.) by extension 'python'
[0.611s] Level 1:colcon.colcon_core.package_identification:_identify(.) by extensions ['python_setup_py']
[0.611s] Level 1:colcon.colcon_core.package_identification:_identify(.) by extension 'python_setup_py'
[0.611s] Level 1:colcon.colcon_core.package_identification:_identify(build) by extensions ['ignore', 'ignore_ament_install']
[0.611s] Level 1:colcon.colcon_core.package_identification:_identify(build) by extension 'ignore'
[0.611s] Level 1:colcon.colcon_core.package_identification:_identify(build) ignored
[0.611s] Level 1:colcon.colcon_core.package_identification:_identify(install) by extensions ['ignore', 'ignore_ament_install']
[0.611s] Level 1:colcon.colcon_core.package_identification:_identify(install) by extension 'ignore'
[0.611s] Level 1:colcon.colcon_core.package_identification:_identify(install) ignored
[0.612s] Level 1:colcon.colcon_core.package_identification:_identify(log) by extensions ['ignore', 'ignore_ament_install']
[0.612s] Level 1:colcon.colcon_core.package_identification:_identify(log) by extension 'ignore'
[0.612s] Level 1:colcon.colcon_core.package_identification:_identify(log) ignored
[0.612s] Level 1:colcon.colcon_core.package_identification:_identify(src) by extensions ['ignore', 'ignore_ament_install']
[0.612s] Level 1:colcon.colcon_core.package_identification:_identify(src) by extension 'ignore'
[0.612s] Level 1:colcon.colcon_core.package_identification:_identify(src) by extension 'ignore_ament_install'
[0.612s] Level 1:colcon.colcon_core.package_identification:_identify(src) by extensions ['colcon_pkg']
[0.612s] Level 1:colcon.colcon_core.package_identification:_identify(src) by extension 'colcon_pkg'
[0.612s] Level 1:colcon.colcon_core.package_identification:_identify(src) by extensions ['colcon_meta']
[0.612s] Level 1:colcon.colcon_core.package_identification:_identify(src) by extension 'colcon_meta'
[0.612s] Level 1:colcon.colcon_core.package_identification:_identify(src) by extensions ['ros']
[0.612s] Level 1:colcon.colcon_core.package_identification:_identify(src) by extension 'ros'
[0.612s] Level 1:colcon.colcon_core.package_identification:_identify(src) by extensions ['cmake', 'python']
[0.612s] Level 1:colcon.colcon_core.package_identification:_identify(src) by extension 'cmake'
[0.612s] Level 1:colcon.colcon_core.package_identification:_identify(src) by extension 'python'
[0.612s] Level 1:colcon.colcon_core.package_identification:_identify(src) by extensions ['python_setup_py']
[0.612s] Level 1:colcon.colcon_core.package_identification:_identify(src) by extension 'python_setup_py'
[0.614s] Level 1:colcon.colcon_core.package_identification:_identify(src/build) by extensions ['ignore', 'ignore_ament_install']
[0.614s] Level 1:colcon.colcon_core.package_identification:_identify(src/build) by extension 'ignore'
[0.614s] Level 1:colcon.colcon_core.package_identification:_identify(src/build) ignored
[0.615s] Level 1:colcon.colcon_core.package_identification:_identify(src/controller_launcher) by extensions ['ignore', 'ignore_ament_install']
[0.615s] Level 1:colcon.colcon_core.package_identification:_identify(src/controller_launcher) by extension 'ignore'
[0.615s] Level 1:colcon.colcon_core.package_identification:_identify(src/controller_launcher) by extension 'ignore_ament_install'
[0.615s] Level 1:colcon.colcon_core.package_identification:_identify(src/controller_launcher) by extensions ['colcon_pkg']
[0.615s] Level 1:colcon.colcon_core.package_identification:_identify(src/controller_launcher) by extension 'colcon_pkg'
[0.615s] Level 1:colcon.colcon_core.package_identification:_identify(src/controller_launcher) by extensions ['colcon_meta']
[0.615s] Level 1:colcon.colcon_core.package_identification:_identify(src/controller_launcher) by extension 'colcon_meta'
[0.615s] Level 1:colcon.colcon_core.package_identification:_identify(src/controller_launcher) by extensions ['ros']
[0.615s] Level 1:colcon.colcon_core.package_identification:_identify(src/controller_launcher) by extension 'ros'
[0.620s] DEBUG:colcon.colcon_core.package_identification:Package 'src/controller_launcher' with type 'ros.ament_python' and name 'controller_launcher'
[0.620s] Level 1:colcon.colcon_core.package_identification:_identify(src/install) by extensions ['ignore', 'ignore_ament_install']
[0.620s] Level 1:colcon.colcon_core.package_identification:_identify(src/install) by extension 'ignore'
[0.620s] Level 1:colcon.colcon_core.package_identification:_identify(src/install) ignored
[0.620s] Level 1:colcon.colcon_core.package_identification:_identify(src/kobuki_node) by extensions ['ignore', 'ignore_ament_install']
[0.620s] Level 1:colcon.colcon_core.package_identification:_identify(src/kobuki_node) by extension 'ignore'
[0.620s] Level 1:colcon.colcon_core.package_identification:_identify(src/kobuki_node) by extension 'ignore_ament_install'
[0.621s] Level 1:colcon.colcon_core.package_identification:_identify(src/kobuki_node) by extensions ['colcon_pkg']
[0.621s] Level 1:colcon.colcon_core.package_identification:_identify(src/kobuki_node) by extension 'colcon_pkg'
[0.621s] Level 1:colcon.colcon_core.package_identification:_identify(src/kobuki_node) by extensions ['colcon_meta']
[0.621s] Level 1:colcon.colcon_core.package_identification:_identify(src/kobuki_node) by extension 'colcon_meta'
[0.621s] Level 1:colcon.colcon_core.package_identification:_identify(src/kobuki_node) by extensions ['ros']
[0.621s] Level 1:colcon.colcon_core.package_identification:_identify(src/kobuki_node) by extension 'ros'
[0.623s] DEBUG:colcon.colcon_core.package_identification:Package 'src/kobuki_node' with type 'ros.ament_cmake' and name 'kobuki_node'
[0.623s] Level 1:colcon.colcon_core.package_identification:_identify(src/log) by extensions ['ignore', 'ignore_ament_install']
[0.623s] Level 1:colcon.colcon_core.package_identification:_identify(src/log) by extension 'ignore'
[0.623s] Level 1:colcon.colcon_core.package_identification:_identify(src/log) ignored
[0.624s] Level 1:colcon.colcon_core.package_identification:_identify(src/opengv) by extensions ['ignore', 'ignore_ament_install']
[0.624s] Level 1:colcon.colcon_core.package_identification:_identify(src/opengv) by extension 'ignore'
[0.624s] Level 1:colcon.colcon_core.package_identification:_identify(src/opengv) by extension 'ignore_ament_install'
[0.624s] Level 1:colcon.colcon_core.package_identification:_identify(src/opengv) by extensions ['colcon_pkg']
[0.624s] Level 1:colcon.colcon_core.package_identification:_identify(src/opengv) by extension 'colcon_pkg'
[0.624s] Level 1:colcon.colcon_core.package_identification:_identify(src/opengv) by extensions ['colcon_meta']
[0.624s] Level 1:colcon.colcon_core.package_identification:_identify(src/opengv) by extension 'colcon_meta'
[0.624s] Level 1:colcon.colcon_core.package_identification:_identify(src/opengv) by extensions ['ros']
[0.624s] Level 1:colcon.colcon_core.package_identification:_identify(src/opengv) by extension 'ros'
[0.624s] Level 1:colcon.colcon_core.package_identification:_identify(src/opengv) ignored
[0.624s] Level 1:colcon.colcon_core.package_identification:_identify(src/ov2slam-ros2) by extensions ['ignore', 'ignore_ament_install']
[0.624s] Level 1:colcon.colcon_core.package_identification:_identify(src/ov2slam-ros2) by extension 'ignore'
[0.624s] Level 1:colcon.colcon_core.package_identification:_identify(src/ov2slam-ros2) by extension 'ignore_ament_install'
[0.624s] Level 1:colcon.colcon_core.package_identification:_identify(src/ov2slam-ros2) by extensions ['colcon_pkg']
[0.625s] Level 1:colcon.colcon_core.package_identification:_identify(src/ov2slam-ros2) by extension 'colcon_pkg'
[0.625s] Level 1:colcon.colcon_core.package_identification:_identify(src/ov2slam-ros2) by extensions ['colcon_meta']
[0.625s] Level 1:colcon.colcon_core.package_identification:_identify(src/ov2slam-ros2) by extension 'colcon_meta'
[0.625s] Level 1:colcon.colcon_core.package_identification:_identify(src/ov2slam-ros2) by extensions ['ros']
[0.625s] Level 1:colcon.colcon_core.package_identification:_identify(src/ov2slam-ros2) by extension 'ros'
[0.626s] DEBUG:colcon.colcon_core.package_identification:Package 'src/ov2slam-ros2' with type 'ros.ament_cmake' and name 'ov2slam'
[0.626s] Level 1:colcon.colcon_core.package_identification:_identify(src/teleop_twist_joy) by extensions ['ignore', 'ignore_ament_install']
[0.626s] Level 1:colcon.colcon_core.package_identification:_identify(src/teleop_twist_joy) by extension 'ignore'
[0.626s] Level 1:colcon.colcon_core.package_identification:_identify(src/teleop_twist_joy) by extension 'ignore_ament_install'
[0.627s] Level 1:colcon.colcon_core.package_identification:_identify(src/teleop_twist_joy) by extensions ['colcon_pkg']
[0.627s] Level 1:colcon.colcon_core.package_identification:_identify(src/teleop_twist_joy) by extension 'colcon_pkg'
[0.627s] Level 1:colcon.colcon_core.package_identification:_identify(src/teleop_twist_joy) by extensions ['colcon_meta']
[0.627s] Level 1:colcon.colcon_core.package_identification:_identify(src/teleop_twist_joy) by extension 'colcon_meta'
[0.627s] Level 1:colcon.colcon_core.package_identification:_identify(src/teleop_twist_joy) by extensions ['ros']
[0.627s] Level 1:colcon.colcon_core.package_identification:_identify(src/teleop_twist_joy) by extension 'ros'
[0.628s] DEBUG:colcon.colcon_core.package_identification:Package 'src/teleop_twist_joy' with type 'ros.ament_cmake' and name 'teleop_twist_joy'
[0.628s] Level 1:colcon.colcon_core.package_discovery:discover_packages(recursive) using defaults
[0.628s] Level 1:colcon.colcon_core.package_discovery:discover_packages(ignore) discover
[0.628s] Level 1:colcon.colcon_core.package_discovery:discover_packages(ignore) using defaults
[0.628s] Level 1:colcon.colcon_core.package_discovery:discover_packages(path) discover
[0.628s] Level 1:colcon.colcon_core.package_discovery:discover_packages(path) using defaults
[0.661s] Level 1:colcon.colcon_core.package_discovery:discover_packages(prefix_path) check parameters
[0.661s] Level 1:colcon.colcon_core.package_discovery:discover_packages(prefix_path) discover
[0.665s] DEBUG:colcon.colcon_installed_package_information.package_discovery:Found 3 installed packages in /home/imr/ros2_ws/install
[0.666s] DEBUG:colcon.colcon_installed_package_information.package_discovery:Found 3 installed packages in /home/imr/jauremax_ros2/install
[0.666s] DEBUG:colcon.colcon_installed_package_information.package_discovery:Found 1 installed packages in /home/imr/install
[0.667s] DEBUG:colcon.colcon_installed_package_information.package_discovery:Found 4 installed packages in /home/imr/ws-for-ov2slam/install
[0.668s] DEBUG:colcon.colcon_installed_package_information.package_discovery:Found 4 installed packages in /home/imr/ws-for-ov2slam/src/install
[0.670s] DEBUG:colcon.colcon_installed_package_information.package_discovery:Found 411 installed packages in /opt/ros/humble
[0.672s] Level 1:colcon.colcon_core.package_discovery:discover_packages(prefix_path) using defaults
[0.732s] Level 5:colcon.colcon_core.verb:set package 'kobuki_node' build argument 'cmake_args' from command line to 'None'
[0.732s] Level 5:colcon.colcon_core.verb:set package 'kobuki_node' build argument 'cmake_target' from command line to 'None'
[0.732s] Level 5:colcon.colcon_core.verb:set package 'kobuki_node' build argument 'cmake_target_skip_unavailable' from command line to 'False'
[0.732s] Level 5:colcon.colcon_core.verb:set package 'kobuki_node' build argument 'cmake_clean_cache' from command line to 'False'
[0.732s] Level 5:colcon.colcon_core.verb:set package 'kobuki_node' build argument 'cmake_clean_first' from command line to 'False'
[0.732s] Level 5:colcon.colcon_core.verb:set package 'kobuki_node' build argument 'cmake_force_configure' from command line to 'False'
[0.732s] Level 5:colcon.colcon_core.verb:set package 'kobuki_node' build argument 'ament_cmake_args' from command line to 'None'
[0.732s] Level 5:colcon.colcon_core.verb:set package 'kobuki_node' build argument 'catkin_cmake_args' from command line to 'None'
[0.732s] Level 5:colcon.colcon_core.verb:set package 'kobuki_node' build argument 'catkin_skip_building_tests' from command line to 'False'
[0.732s] DEBUG:colcon.colcon_core.verb:Building package 'kobuki_node' with the following arguments: {'ament_cmake_args': None, 'build_base': '/home/imr/ws-for-ov2slam/build/kobuki_node', 'catkin_cmake_args': None, 'catkin_skip_building_tests': False, 'cmake_args': None, 'cmake_clean_cache': False, 'cmake_clean_first': False, 'cmake_force_configure': False, 'cmake_target': None, 'cmake_target_skip_unavailable': False, 'install_base': '/home/imr/ws-for-ov2slam/install/kobuki_node', 'merge_install': False, 'path': '/home/imr/ws-for-ov2slam/src/kobuki_node', 'symlink_install': False, 'test_result_base': None}
[0.733s] Level 5:colcon.colcon_core.verb:set package 'ov2slam' build argument 'cmake_args' from command line to 'None'
[0.733s] Level 5:colcon.colcon_core.verb:set package 'ov2slam' build argument 'cmake_target' from command line to 'None'
[0.733s] Level 5:colcon.colcon_core.verb:set package 'ov2slam' build argument 'cmake_target_skip_unavailable' from command line to 'False'
[0.733s] Level 5:colcon.colcon_core.verb:set package 'ov2slam' build argument 'cmake_clean_cache' from command line to 'False'
[0.733s] Level 5:colcon.colcon_core.verb:set package 'ov2slam' build argument 'cmake_clean_first' from command line to 'False'
[0.733s] Level 5:colcon.colcon_core.verb:set package 'ov2slam' build argument 'cmake_force_configure' from command line to 'False'
[0.733s] Level 5:colcon.colcon_core.verb:set package 'ov2slam' build argument 'ament_cmake_args' from command line to 'None'
[0.733s] Level 5:colcon.colcon_core.verb:set package 'ov2slam' build argument 'catkin_cmake_args' from command line to 'None'
[0.733s] Level 5:colcon.colcon_core.verb:set package 'ov2slam' build argument 'catkin_skip_building_tests' from command line to 'False'
[0.733s] DEBUG:colcon.colcon_core.verb:Building package 'ov2slam' with the following arguments: {'ament_cmake_args': None, 'build_base': '/home/imr/ws-for-ov2slam/build/ov2slam', 'catkin_cmake_args': None, 'catkin_skip_building_tests': False, 'cmake_args': None, 'cmake_clean_cache': False, 'cmake_clean_first': False, 'cmake_force_configure': False, 'cmake_target': None, 'cmake_target_skip_unavailable': False, 'install_base': '/home/imr/ws-for-ov2slam/install/ov2slam', 'merge_install': False, 'path': '/home/imr/ws-for-ov2slam/src/ov2slam-ros2', 'symlink_install': False, 'test_result_base': None}
[0.733s] Level 5:colcon.colcon_core.verb:set package 'teleop_twist_joy' build argument 'cmake_args' from command line to 'None'
[0.733s] Level 5:colcon.colcon_core.verb:set package 'teleop_twist_joy' build argument 'cmake_target' from command line to 'None'
[0.733s] Level 5:colcon.colcon_core.verb:set package 'teleop_twist_joy' build argument 'cmake_target_skip_unavailable' from command line to 'False'
[0.733s] Level 5:colcon.colcon_core.verb:set package 'teleop_twist_joy' build argument 'cmake_clean_cache' from command line to 'False'
[0.733s] Level 5:colcon.colcon_core.verb:set package 'teleop_twist_joy' build argument 'cmake_clean_first' from command line to 'False'
[0.733s] Level 5:colcon.colcon_core.verb:set package 'teleop_twist_joy' build argument 'cmake_force_configure' from command line to 'False'
[0.733s] Level 5:colcon.colcon_core.verb:set package 'teleop_twist_joy' build argument 'ament_cmake_args' from command line to 'None'
[0.733s] Level 5:colcon.colcon_core.verb:set package 'teleop_twist_joy' build argument 'catkin_cmake_args' from command line to 'None'
[0.733s] Level 5:colcon.colcon_core.verb:set package 'teleop_twist_joy' build argument 'catkin_skip_building_tests' from command line to 'False'
[0.733s] DEBUG:colcon.colcon_core.verb:Building package 'teleop_twist_joy' with the following arguments: {'ament_cmake_args': None, 'build_base': '/home/imr/ws-for-ov2slam/build/teleop_twist_joy', 'catkin_cmake_args': None, 'catkin_skip_building_tests': False, 'cmake_args': None, 'cmake_clean_cache': False, 'cmake_clean_first': False, 'cmake_force_configure': False, 'cmake_target': None, 'cmake_target_skip_unavailable': False, 'install_base': '/home/imr/ws-for-ov2slam/install/teleop_twist_joy', 'merge_install': False, 'path': '/home/imr/ws-for-ov2slam/src/teleop_twist_joy', 'symlink_install': False, 'test_result_base': None}
[0.734s] Level 5:colcon.colcon_core.verb:set package 'controller_launcher' build argument 'cmake_args' from command line to 'None'
[0.734s] Level 5:colcon.colcon_core.verb:set package 'controller_launcher' build argument 'cmake_target' from command line to 'None'
[0.734s] Level 5:colcon.colcon_core.verb:set package 'controller_launcher' build argument 'cmake_target_skip_unavailable' from command line to 'False'
[0.734s] Level 5:colcon.colcon_core.verb:set package 'controller_launcher' build argument 'cmake_clean_cache' from command line to 'False'
[0.734s] Level 5:colcon.colcon_core.verb:set package 'controller_launcher' build argument 'cmake_clean_first' from command line to 'False'
[0.734s] Level 5:colcon.colcon_core.verb:set package 'controller_launcher' build argument 'cmake_force_configure' from command line to 'False'
[0.734s] Level 5:colcon.colcon_core.verb:set package 'controller_launcher' build argument 'ament_cmake_args' from command line to 'None'
[0.734s] Level 5:colcon.colcon_core.verb:set package 'controller_launcher' build argument 'catkin_cmake_args' from command line to 'None'
[0.734s] Level 5:colcon.colcon_core.verb:set package 'controller_launcher' build argument 'catkin_skip_building_tests' from command line to 'False'
[0.734s] DEBUG:colcon.colcon_core.verb:Building package 'controller_launcher' with the following arguments: {'ament_cmake_args': None, 'build_base': '/home/imr/ws-for-ov2slam/build/controller_launcher', 'catkin_cmake_args': None, 'catkin_skip_building_tests': False, 'cmake_args': None, 'cmake_clean_cache': False, 'cmake_clean_first': False, 'cmake_force_configure': False, 'cmake_target': None, 'cmake_target_skip_unavailable': False, 'install_base': '/home/imr/ws-for-ov2slam/install/controller_launcher', 'merge_install': False, 'path': '/home/imr/ws-for-ov2slam/src/controller_launcher', 'symlink_install': False, 'test_result_base': None}
[0.734s] INFO:colcon.colcon_core.executor:Executing jobs using 'parallel' executor
[0.735s] DEBUG:colcon.colcon_parallel_executor.executor.parallel:run_until_complete
[0.735s] INFO:colcon.colcon_ros.task.ament_cmake.build:Building ROS package in '/home/imr/ws-for-ov2slam/src/kobuki_node' with build type 'ament_cmake'
[0.735s] INFO:colcon.colcon_cmake.task.cmake.build:Building CMake package in '/home/imr/ws-for-ov2slam/src/kobuki_node'
[0.740s] INFO:colcon.colcon_core.plugin_system:Skipping extension 'colcon_core.shell.bat': Not used on non-Windows systems
[0.740s] INFO:colcon.colcon_core.shell:Skip shell extension 'powershell' for command environment: Not usable outside of PowerShell
[0.740s] DEBUG:colcon.colcon_core.shell:Skip shell extension 'dsv' for command environment
[0.747s] INFO:colcon.colcon_ros.task.ament_cmake.build:Building ROS package in '/home/imr/ws-for-ov2slam/src/teleop_twist_joy' with build type 'ament_cmake'
[0.747s] INFO:colcon.colcon_cmake.task.cmake.build:Building CMake package in '/home/imr/ws-for-ov2slam/src/teleop_twist_joy'
[0.748s] INFO:colcon.colcon_core.shell:Skip shell extension 'powershell' for command environment: Not usable outside of PowerShell
[0.748s] DEBUG:colcon.colcon_core.shell:Skip shell extension 'dsv' for command environment
[0.755s] INFO:colcon.colcon_ros.task.ament_cmake.build:Building ROS package in '/home/imr/ws-for-ov2slam/src/ov2slam-ros2' with build type 'ament_cmake'
[0.755s] INFO:colcon.colcon_cmake.task.cmake.build:Building CMake package in '/home/imr/ws-for-ov2slam/src/ov2slam-ros2'
[0.755s] INFO:colcon.colcon_core.shell:Skip shell extension 'powershell' for command environment: Not usable outside of PowerShell
[0.755s] DEBUG:colcon.colcon_core.shell:Skip shell extension 'dsv' for command environment
[0.769s] DEBUG:colcon.colcon_core.event_handler.log_command:Invoking command in '/home/imr/ws-for-ov2slam/build/kobuki_node': CMAKE_PREFIX_PATH=${CMAKE_PREFIX_PATH}:/home/imr/jauremax_ros2/install/controller_launcher:/home/imr/install/controller_launcher:/home/imr/ws-for-ov2slam/install/controller_launcher:/home/imr/ws-for-ov2slam/src/install/controller_launcher:/home/imr/ws-for-ov2slam/src/install/teleop_twist_joy:/home/imr/ws-for-ov2slam/src/install/kobuki_node:/opt/ros/humble /usr/bin/cmake --build /home/imr/ws-for-ov2slam/build/kobuki_node -- -j4 -l4
[0.775s] DEBUG:colcon.colcon_core.event_handler.log_command:Invoking command in '/home/imr/ws-for-ov2slam/build/teleop_twist_joy': CMAKE_PREFIX_PATH=${CMAKE_PREFIX_PATH}:/home/imr/jauremax_ros2/install/controller_launcher:/home/imr/install/controller_launcher:/home/imr/ws-for-ov2slam/install/controller_launcher:/home/imr/ws-for-ov2slam/src/install/controller_launcher:/home/imr/ws-for-ov2slam/src/install/teleop_twist_joy:/home/imr/ws-for-ov2slam/src/install/kobuki_node:/opt/ros/humble /usr/bin/cmake --build /home/imr/ws-for-ov2slam/build/teleop_twist_joy -- -j4 -l4
[0.783s] DEBUG:colcon.colcon_core.event_handler.log_command:Invoking command in '/home/imr/ws-for-ov2slam/build/ov2slam': CMAKE_PREFIX_PATH=${CMAKE_PREFIX_PATH}:/home/imr/jauremax_ros2/install/controller_launcher:/home/imr/install/controller_launcher:/home/imr/ws-for-ov2slam/install/controller_launcher:/home/imr/ws-for-ov2slam/src/install/controller_launcher:/home/imr/ws-for-ov2slam/src/install/teleop_twist_joy:/home/imr/ws-for-ov2slam/src/install/kobuki_node:/opt/ros/humble /usr/bin/cmake --build /home/imr/ws-for-ov2slam/build/ov2slam -- -j4 -l4
[0.987s] DEBUG:colcon.colcon_core.event_handler.log_command:Invoked command in '/home/imr/ws-for-ov2slam/build/kobuki_node' returned '0': CMAKE_PREFIX_PATH=${CMAKE_PREFIX_PATH}:/home/imr/jauremax_ros2/install/controller_launcher:/home/imr/install/controller_launcher:/home/imr/ws-for-ov2slam/install/controller_launcher:/home/imr/ws-for-ov2slam/src/install/controller_launcher:/home/imr/ws-for-ov2slam/src/install/teleop_twist_joy:/home/imr/ws-for-ov2slam/src/install/kobuki_node:/opt/ros/humble /usr/bin/cmake --build /home/imr/ws-for-ov2slam/build/kobuki_node -- -j4 -l4
[1.002s] DEBUG:colcon.colcon_core.event_handler.log_command:Invoking command in '/home/imr/ws-for-ov2slam/build/kobuki_node': CMAKE_PREFIX_PATH=${CMAKE_PREFIX_PATH}:/home/imr/jauremax_ros2/install/controller_launcher:/home/imr/install/controller_launcher:/home/imr/ws-for-ov2slam/install/controller_launcher:/home/imr/ws-for-ov2slam/src/install/controller_launcher:/home/imr/ws-for-ov2slam/src/install/teleop_twist_joy:/home/imr/ws-for-ov2slam/src/install/kobuki_node:/opt/ros/humble /usr/bin/cmake --install /home/imr/ws-for-ov2slam/build/kobuki_node
[1.004s] DEBUG:colcon.colcon_core.event_handler.log_command:Invoked command in '/home/imr/ws-for-ov2slam/build/teleop_twist_joy' returned '0': CMAKE_PREFIX_PATH=${CMAKE_PREFIX_PATH}:/home/imr/jauremax_ros2/install/controller_launcher:/home/imr/install/controller_launcher:/home/imr/ws-for-ov2slam/install/controller_launcher:/home/imr/ws-for-ov2slam/src/install/controller_launcher:/home/imr/ws-for-ov2slam/src/install/teleop_twist_joy:/home/imr/ws-for-ov2slam/src/install/kobuki_node:/opt/ros/humble /usr/bin/cmake --build /home/imr/ws-for-ov2slam/build/teleop_twist_joy -- -j4 -l4
[1.007s] DEBUG:colcon.colcon_core.event_handler.log_command:Invoking command in '/home/imr/ws-for-ov2slam/build/teleop_twist_joy': CMAKE_PREFIX_PATH=${CMAKE_PREFIX_PATH}:/home/imr/jauremax_ros2/install/controller_launcher:/home/imr/install/controller_launcher:/home/imr/ws-for-ov2slam/install/controller_launcher:/home/imr/ws-for-ov2slam/src/install/controller_launcher:/home/imr/ws-for-ov2slam/src/install/teleop_twist_joy:/home/imr/ws-for-ov2slam/src/install/kobuki_node:/opt/ros/humble /usr/bin/cmake --install /home/imr/ws-for-ov2slam/build/teleop_twist_joy
[1.024s] Level 1:colcon.colcon_core.environment:create_environment_scripts_only(kobuki_node)
[1.028s] DEBUG:colcon.colcon_core.event_handler.log_command:Invoked command in '/home/imr/ws-for-ov2slam/build/kobuki_node' returned '0': CMAKE_PREFIX_PATH=${CMAKE_PREFIX_PATH}:/home/imr/jauremax_ros2/install/controller_launcher:/home/imr/install/controller_launcher:/home/imr/ws-for-ov2slam/install/controller_launcher:/home/imr/ws-for-ov2slam/src/install/controller_launcher:/home/imr/ws-for-ov2slam/src/install/teleop_twist_joy:/home/imr/ws-for-ov2slam/src/install/kobuki_node:/opt/ros/humble /usr/bin/cmake --install /home/imr/ws-for-ov2slam/build/kobuki_node
[1.035s] Level 1:colcon.colcon_core.environment:checking '/home/imr/ws-for-ov2slam/install/kobuki_node' for CMake module files
[1.036s] Level 1:colcon.colcon_core.environment:checking '/home/imr/ws-for-ov2slam/install/kobuki_node' for CMake config files
[1.037s] Level 1:colcon.colcon_core.shell:create_environment_hook('kobuki_node', 'cmake_prefix_path')
[1.038s] INFO:colcon.colcon_core.shell:Creating environment hook '/home/imr/ws-for-ov2slam/install/kobuki_node/share/kobuki_node/hook/cmake_prefix_path.ps1'
[1.039s] INFO:colcon.colcon_core.shell:Creating environment descriptor '/home/imr/ws-for-ov2slam/install/kobuki_node/share/kobuki_node/hook/cmake_prefix_path.dsv'
[1.040s] INFO:colcon.colcon_core.shell:Creating environment hook '/home/imr/ws-for-ov2slam/install/kobuki_node/share/kobuki_node/hook/cmake_prefix_path.sh'
[1.042s] Level 1:colcon.colcon_core.environment:checking '/home/imr/ws-for-ov2slam/install/kobuki_node/lib'
[1.042s] Level 1:colcon.colcon_core.shell:create_environment_hook('kobuki_node', 'ld_library_path_lib')
[1.042s] INFO:colcon.colcon_core.shell:Creating environment hook '/home/imr/ws-for-ov2slam/install/kobuki_node/share/kobuki_node/hook/ld_library_path_lib.ps1'
[1.043s] INFO:colcon.colcon_core.shell:Creating environment descriptor '/home/imr/ws-for-ov2slam/install/kobuki_node/share/kobuki_node/hook/ld_library_path_lib.dsv'
[1.043s] INFO:colcon.colcon_core.shell:Creating environment hook '/home/imr/ws-for-ov2slam/install/kobuki_node/share/kobuki_node/hook/ld_library_path_lib.sh'
[1.044s] Level 1:colcon.colcon_core.environment:checking '/home/imr/ws-for-ov2slam/install/kobuki_node/bin'
[1.044s] Level 1:colcon.colcon_core.environment:checking '/home/imr/ws-for-ov2slam/install/kobuki_node/lib/pkgconfig/kobuki_node.pc'
[1.045s] Level 1:colcon.colcon_core.environment:checking '/home/imr/ws-for-ov2slam/install/kobuki_node/lib/python3.10/site-packages'
[1.045s] Level 1:colcon.colcon_core.environment:checking '/home/imr/ws-for-ov2slam/install/kobuki_node/bin'
[1.046s] INFO:colcon.colcon_core.shell:Creating package script '/home/imr/ws-for-ov2slam/install/kobuki_node/share/kobuki_node/package.ps1'
[1.047s] INFO:colcon.colcon_core.shell:Creating package descriptor '/home/imr/ws-for-ov2slam/install/kobuki_node/share/kobuki_node/package.dsv'
[1.048s] INFO:colcon.colcon_core.shell:Creating package script '/home/imr/ws-for-ov2slam/install/kobuki_node/share/kobuki_node/package.sh'
[1.050s] INFO:colcon.colcon_core.shell:Creating package script '/home/imr/ws-for-ov2slam/install/kobuki_node/share/kobuki_node/package.bash'
[1.051s] INFO:colcon.colcon_core.shell:Creating package script '/home/imr/ws-for-ov2slam/install/kobuki_node/share/kobuki_node/package.zsh'
[1.052s] Level 1:colcon.colcon_core.environment:create_file_with_runtime_dependencies(/home/imr/ws-for-ov2slam/install/kobuki_node/share/colcon-core/packages/kobuki_node)
[1.053s] Level 1:colcon.colcon_core.environment:create_environment_scripts_only(kobuki_node)
[1.053s] Level 1:colcon.colcon_core.environment:checking '/home/imr/ws-for-ov2slam/install/kobuki_node' for CMake module files
[1.053s] Level 1:colcon.colcon_core.environment:checking '/home/imr/ws-for-ov2slam/install/kobuki_node' for CMake config files
[1.053s] Level 1:colcon.colcon_core.shell:create_environment_hook('kobuki_node', 'cmake_prefix_path')
[1.054s] INFO:colcon.colcon_core.shell:Creating environment hook '/home/imr/ws-for-ov2slam/install/kobuki_node/share/kobuki_node/hook/cmake_prefix_path.ps1'
[1.054s] INFO:colcon.colcon_core.shell:Creating environment descriptor '/home/imr/ws-for-ov2slam/install/kobuki_node/share/kobuki_node/hook/cmake_prefix_path.dsv'
[1.054s] INFO:colcon.colcon_core.shell:Creating environment hook '/home/imr/ws-for-ov2slam/install/kobuki_node/share/kobuki_node/hook/cmake_prefix_path.sh'
[1.055s] Level 1:colcon.colcon_core.environment:checking '/home/imr/ws-for-ov2slam/install/kobuki_node/lib'
[1.055s] Level 1:colcon.colcon_core.shell:create_environment_hook('kobuki_node', 'ld_library_path_lib')
[1.055s] INFO:colcon.colcon_core.shell:Creating environment hook '/home/imr/ws-for-ov2slam/install/kobuki_node/share/kobuki_node/hook/ld_library_path_lib.ps1'
[1.056s] INFO:colcon.colcon_core.shell:Creating environment descriptor '/home/imr/ws-for-ov2slam/install/kobuki_node/share/kobuki_node/hook/ld_library_path_lib.dsv'
[1.056s] INFO:colcon.colcon_core.shell:Creating environment hook '/home/imr/ws-for-ov2slam/install/kobuki_node/share/kobuki_node/hook/ld_library_path_lib.sh'
[1.056s] Level 1:colcon.colcon_core.environment:checking '/home/imr/ws-for-ov2slam/install/kobuki_node/bin'
[1.057s] Level 1:colcon.colcon_core.environment:checking '/home/imr/ws-for-ov2slam/install/kobuki_node/lib/pkgconfig/kobuki_node.pc'
[1.057s] Level 1:colcon.colcon_core.environment:checking '/home/imr/ws-for-ov2slam/install/kobuki_node/lib/python3.10/site-packages'
[1.057s] Level 1:colcon.colcon_core.environment:checking '/home/imr/ws-for-ov2slam/install/kobuki_node/bin'
[1.057s] INFO:colcon.colcon_core.shell:Creating package script '/home/imr/ws-for-ov2slam/install/kobuki_node/share/kobuki_node/package.ps1'
[1.058s] INFO:colcon.colcon_core.shell:Creating package descriptor '/home/imr/ws-for-ov2slam/install/kobuki_node/share/kobuki_node/package.dsv'
[1.058s] INFO:colcon.colcon_core.shell:Creating package script '/home/imr/ws-for-ov2slam/install/kobuki_node/share/kobuki_node/package.sh'
[1.059s] INFO:colcon.colcon_core.shell:Creating package script '/home/imr/ws-for-ov2slam/install/kobuki_node/share/kobuki_node/package.bash'
[1.059s] INFO:colcon.colcon_core.shell:Creating package script '/home/imr/ws-for-ov2slam/install/kobuki_node/share/kobuki_node/package.zsh'
[1.060s] Level 1:colcon.colcon_core.environment:create_file_with_runtime_dependencies(/home/imr/ws-for-ov2slam/install/kobuki_node/share/colcon-core/packages/kobuki_node)
[1.061s] Level 1:colcon.colcon_core.environment:create_environment_scripts_only(teleop_twist_joy)
[1.061s] Level 1:colcon.colcon_core.environment:checking '/home/imr/ws-for-ov2slam/install/teleop_twist_joy' for CMake module files
[1.062s] DEBUG:colcon.colcon_core.event_handler.log_command:Invoked command in '/home/imr/ws-for-ov2slam/build/teleop_twist_joy' returned '0': CMAKE_PREFIX_PATH=${CMAKE_PREFIX_PATH}:/home/imr/jauremax_ros2/install/controller_launcher:/home/imr/install/controller_launcher:/home/imr/ws-for-ov2slam/install/controller_launcher:/home/imr/ws-for-ov2slam/src/install/controller_launcher:/home/imr/ws-for-ov2slam/src/install/teleop_twist_joy:/home/imr/ws-for-ov2slam/src/install/kobuki_node:/opt/ros/humble /usr/bin/cmake --install /home/imr/ws-for-ov2slam/build/teleop_twist_joy
[1.063s] Level 1:colcon.colcon_core.environment:checking '/home/imr/ws-for-ov2slam/install/teleop_twist_joy' for CMake config files
[1.063s] Level 1:colcon.colcon_core.shell:create_environment_hook('teleop_twist_joy', 'cmake_prefix_path')
[1.064s] INFO:colcon.colcon_core.shell:Creating environment hook '/home/imr/ws-for-ov2slam/install/teleop_twist_joy/share/teleop_twist_joy/hook/cmake_prefix_path.ps1'
[1.065s] INFO:colcon.colcon_core.shell:Creating environment descriptor '/home/imr/ws-for-ov2slam/install/teleop_twist_joy/share/teleop_twist_joy/hook/cmake_prefix_path.dsv'
[1.065s] INFO:colcon.colcon_core.shell:Creating environment hook '/home/imr/ws-for-ov2slam/install/teleop_twist_joy/share/teleop_twist_joy/hook/cmake_prefix_path.sh'
[1.066s] Level 1:colcon.colcon_core.environment:checking '/home/imr/ws-for-ov2slam/install/teleop_twist_joy/lib'
[1.066s] Level 1:colcon.colcon_core.shell:create_environment_hook('teleop_twist_joy', 'ld_library_path_lib')
[1.066s] INFO:colcon.colcon_core.shell:Creating environment hook '/home/imr/ws-for-ov2slam/install/teleop_twist_joy/share/teleop_twist_joy/hook/ld_library_path_lib.ps1'
[1.067s] INFO:colcon.colcon_core.shell:Creating environment descriptor '/home/imr/ws-for-ov2slam/install/teleop_twist_joy/share/teleop_twist_joy/hook/ld_library_path_lib.dsv'
[1.067s] INFO:colcon.colcon_core.shell:Creating environment hook '/home/imr/ws-for-ov2slam/install/teleop_twist_joy/share/teleop_twist_joy/hook/ld_library_path_lib.sh'
[1.068s] Level 1:colcon.colcon_core.environment:checking '/home/imr/ws-for-ov2slam/install/teleop_twist_joy/bin'
[1.068s] Level 1:colcon.colcon_core.environment:checking '/home/imr/ws-for-ov2slam/install/teleop_twist_joy/lib/pkgconfig/teleop_twist_joy.pc'
[1.068s] Level 1:colcon.colcon_core.environment:checking '/home/imr/ws-for-ov2slam/install/teleop_twist_joy/lib/python3.10/site-packages'
[1.068s] Level 1:colcon.colcon_core.environment:checking '/home/imr/ws-for-ov2slam/install/teleop_twist_joy/bin'
[1.069s] INFO:colcon.colcon_core.shell:Creating package script '/home/imr/ws-for-ov2slam/install/teleop_twist_joy/share/teleop_twist_joy/package.ps1'
[1.069s] INFO:colcon.colcon_core.shell:Creating package descriptor '/home/imr/ws-for-ov2slam/install/teleop_twist_joy/share/teleop_twist_joy/package.dsv'
[1.070s] INFO:colcon.colcon_core.shell:Creating package script '/home/imr/ws-for-ov2slam/install/teleop_twist_joy/share/teleop_twist_joy/package.sh'
[1.070s] INFO:colcon.colcon_core.shell:Creating package script '/home/imr/ws-for-ov2slam/install/teleop_twist_joy/share/teleop_twist_joy/package.bash'
[1.070s] INFO:colcon.colcon_core.shell:Creating package script '/home/imr/ws-for-ov2slam/install/teleop_twist_joy/share/teleop_twist_joy/package.zsh'
[1.071s] Level 1:colcon.colcon_core.environment:create_file_with_runtime_dependencies(/home/imr/ws-for-ov2slam/install/teleop_twist_joy/share/colcon-core/packages/teleop_twist_joy)
[1.071s] Level 1:colcon.colcon_core.environment:create_environment_scripts_only(teleop_twist_joy)
[1.072s] Level 1:colcon.colcon_core.environment:checking '/home/imr/ws-for-ov2slam/install/teleop_twist_joy' for CMake module files
[1.072s] Level 1:colcon.colcon_core.environment:checking '/home/imr/ws-for-ov2slam/install/teleop_twist_joy' for CMake config files
[1.072s] Level 1:colcon.colcon_core.shell:create_environment_hook('teleop_twist_joy', 'cmake_prefix_path')
[1.073s] INFO:colcon.colcon_core.shell:Creating environment hook '/home/imr/ws-for-ov2slam/install/teleop_twist_joy/share/teleop_twist_joy/hook/cmake_prefix_path.ps1'
[1.073s] INFO:colcon.colcon_core.shell:Creating environment descriptor '/home/imr/ws-for-ov2slam/install/teleop_twist_joy/share/teleop_twist_joy/hook/cmake_prefix_path.dsv'
[1.073s] INFO:colcon.colcon_core.shell:Creating environment hook '/home/imr/ws-for-ov2slam/install/teleop_twist_joy/share/teleop_twist_joy/hook/cmake_prefix_path.sh'
[1.074s] Level 1:colcon.colcon_core.environment:checking '/home/imr/ws-for-ov2slam/install/teleop_twist_joy/lib'
[1.074s] Level 1:colcon.colcon_core.shell:create_environment_hook('teleop_twist_joy', 'ld_library_path_lib')
[1.074s] INFO:colcon.colcon_core.shell:Creating environment hook '/home/imr/ws-for-ov2slam/install/teleop_twist_joy/share/teleop_twist_joy/hook/ld_library_path_lib.ps1'
[1.075s] INFO:colcon.colcon_core.shell:Creating environment descriptor '/home/imr/ws-for-ov2slam/install/teleop_twist_joy/share/teleop_twist_joy/hook/ld_library_path_lib.dsv'
[1.075s] INFO:colcon.colcon_core.shell:Creating environment hook '/home/imr/ws-for-ov2slam/install/teleop_twist_joy/share/teleop_twist_joy/hook/ld_library_path_lib.sh'
[1.075s] Level 1:colcon.colcon_core.environment:checking '/home/imr/ws-for-ov2slam/install/teleop_twist_joy/bin'
[1.075s] Level 1:colcon.colcon_core.environment:checking '/home/imr/ws-for-ov2slam/install/teleop_twist_joy/lib/pkgconfig/teleop_twist_joy.pc'
[1.076s] Level 1:colcon.colcon_core.environment:checking '/home/imr/ws-for-ov2slam/install/teleop_twist_joy/lib/python3.10/site-packages'
[1.076s] Level 1:colcon.colcon_core.environment:checking '/home/imr/ws-for-ov2slam/install/teleop_twist_joy/bin'
[1.076s] INFO:colcon.colcon_core.shell:Creating package script '/home/imr/ws-for-ov2slam/install/teleop_twist_joy/share/teleop_twist_joy/package.ps1'
[1.077s] INFO:colcon.colcon_core.shell:Creating package descriptor '/home/imr/ws-for-ov2slam/install/teleop_twist_joy/share/teleop_twist_joy/package.dsv'
[1.077s] INFO:colcon.colcon_core.shell:Creating package script '/home/imr/ws-for-ov2slam/install/teleop_twist_joy/share/teleop_twist_joy/package.sh'
[1.078s] INFO:colcon.colcon_core.shell:Creating package script '/home/imr/ws-for-ov2slam/install/teleop_twist_joy/share/teleop_twist_joy/package.bash'
[1.079s] INFO:colcon.colcon_core.shell:Creating package script '/home/imr/ws-for-ov2slam/install/teleop_twist_joy/share/teleop_twist_joy/package.zsh'
[1.079s] Level 1:colcon.colcon_core.environment:create_file_with_runtime_dependencies(/home/imr/ws-for-ov2slam/install/teleop_twist_joy/share/colcon-core/packages/teleop_twist_joy)
[1.079s] INFO:colcon.colcon_ros.task.ament_python.build:Building ROS package in '/home/imr/ws-for-ov2slam/src/controller_launcher' with build type 'ament_python'
[1.080s] Level 1:colcon.colcon_core.shell:create_environment_hook('controller_launcher', 'ament_prefix_path')
[1.080s] INFO:colcon.colcon_core.shell:Creating environment hook '/home/imr/ws-for-ov2slam/install/controller_launcher/share/controller_launcher/hook/ament_prefix_path.ps1'
[1.081s] INFO:colcon.colcon_core.shell:Creating environment descriptor '/home/imr/ws-for-ov2slam/install/controller_launcher/share/controller_launcher/hook/ament_prefix_path.dsv'
[1.081s] INFO:colcon.colcon_core.shell:Creating environment hook '/home/imr/ws-for-ov2slam/install/controller_launcher/share/controller_launcher/hook/ament_prefix_path.sh'
[1.082s] INFO:colcon.colcon_core.shell:Skip shell extension 'powershell' for command environment: Not usable outside of PowerShell
[1.082s] DEBUG:colcon.colcon_core.shell:Skip shell extension 'dsv' for command environment
[1.529s] INFO:colcon.colcon_core.task.python.build:Building Python package in '/home/imr/ws-for-ov2slam/src/controller_launcher'
[1.529s] INFO:colcon.colcon_core.shell:Skip shell extension 'powershell' for command environment: Not usable outside of PowerShell
[1.529s] DEBUG:colcon.colcon_core.shell:Skip shell extension 'dsv' for command environment
[1.536s] DEBUG:colcon.colcon_core.event_handler.log_command:Invoked command in '/home/imr/ws-for-ov2slam/build/ov2slam' returned '0': CMAKE_PREFIX_PATH=${CMAKE_PREFIX_PATH}:/home/imr/jauremax_ros2/install/controller_launcher:/home/imr/install/controller_launcher:/home/imr/ws-for-ov2slam/install/controller_launcher:/home/imr/ws-for-ov2slam/src/install/controller_launcher:/home/imr/ws-for-ov2slam/src/install/teleop_twist_joy:/home/imr/ws-for-ov2slam/src/install/kobuki_node:/opt/ros/humble /usr/bin/cmake --build /home/imr/ws-for-ov2slam/build/ov2slam -- -j4 -l4
[1.540s] DEBUG:colcon.colcon_core.event_handler.log_command:Invoking command in '/home/imr/ws-for-ov2slam/build/ov2slam': CMAKE_PREFIX_PATH=${CMAKE_PREFIX_PATH}:/home/imr/jauremax_ros2/install/controller_launcher:/home/imr/install/controller_launcher:/home/imr/ws-for-ov2slam/install/controller_launcher:/home/imr/ws-for-ov2slam/src/install/controller_launcher:/home/imr/ws-for-ov2slam/src/install/teleop_twist_joy:/home/imr/ws-for-ov2slam/src/install/kobuki_node:/opt/ros/humble /usr/bin/cmake --install /home/imr/ws-for-ov2slam/build/ov2slam
[1.555s] Level 1:colcon.colcon_core.environment:create_environment_scripts_only(ov2slam)
[1.556s] Level 1:colcon.colcon_core.environment:checking '/home/imr/ws-for-ov2slam/install/ov2slam' for CMake module files
[1.556s] DEBUG:colcon.colcon_core.event_handler.log_command:Invoked command in '/home/imr/ws-for-ov2slam/build/ov2slam' returned '0': CMAKE_PREFIX_PATH=${CMAKE_PREFIX_PATH}:/home/imr/jauremax_ros2/install/controller_launcher:/home/imr/install/controller_launcher:/home/imr/ws-for-ov2slam/install/controller_launcher:/home/imr/ws-for-ov2slam/src/install/controller_launcher:/home/imr/ws-for-ov2slam/src/install/teleop_twist_joy:/home/imr/ws-for-ov2slam/src/install/kobuki_node:/opt/ros/humble /usr/bin/cmake --install /home/imr/ws-for-ov2slam/build/ov2slam
[1.557s] Level 1:colcon.colcon_core.environment:checking '/home/imr/ws-for-ov2slam/install/ov2slam' for CMake config files
[1.557s] Level 1:colcon.colcon_core.shell:create_environment_hook('ov2slam', 'cmake_prefix_path')
[1.557s] INFO:colcon.colcon_core.shell:Creating environment hook '/home/imr/ws-for-ov2slam/install/ov2slam/share/ov2slam/hook/cmake_prefix_path.ps1'
[1.558s] INFO:colcon.colcon_core.shell:Creating environment descriptor '/home/imr/ws-for-ov2slam/install/ov2slam/share/ov2slam/hook/cmake_prefix_path.dsv'
[1.558s] INFO:colcon.colcon_core.shell:Creating environment hook '/home/imr/ws-for-ov2slam/install/ov2slam/share/ov2slam/hook/cmake_prefix_path.sh'
[1.559s] Level 1:colcon.colcon_core.environment:checking '/home/imr/ws-for-ov2slam/install/ov2slam/lib'
[1.559s] Level 1:colcon.colcon_core.shell:create_environment_hook('ov2slam', 'ld_library_path_lib')
[1.559s] INFO:colcon.colcon_core.shell:Creating environment hook '/home/imr/ws-for-ov2slam/install/ov2slam/share/ov2slam/hook/ld_library_path_lib.ps1'
[1.559s] INFO:colcon.colcon_core.shell:Creating environment descriptor '/home/imr/ws-for-ov2slam/install/ov2slam/share/ov2slam/hook/ld_library_path_lib.dsv'
[1.560s] INFO:colcon.colcon_core.shell:Creating environment hook '/home/imr/ws-for-ov2slam/install/ov2slam/share/ov2slam/hook/ld_library_path_lib.sh'
[1.560s] Level 1:colcon.colcon_core.environment:checking '/home/imr/ws-for-ov2slam/install/ov2slam/bin'
[1.560s] Level 1:colcon.colcon_core.environment:checking '/home/imr/ws-for-ov2slam/install/ov2slam/lib/pkgconfig/ov2slam.pc'
[1.560s] Level 1:colcon.colcon_core.environment:checking '/home/imr/ws-for-ov2slam/install/ov2slam/lib/python3.10/site-packages'
[1.560s] Level 1:colcon.colcon_core.environment:checking '/home/imr/ws-for-ov2slam/install/ov2slam/bin'
[1.561s] INFO:colcon.colcon_core.shell:Creating package script '/home/imr/ws-for-ov2slam/install/ov2slam/share/ov2slam/package.ps1'
[1.561s] INFO:colcon.colcon_core.shell:Creating package descriptor '/home/imr/ws-for-ov2slam/install/ov2slam/share/ov2slam/package.dsv'
[1.562s] INFO:colcon.colcon_core.shell:Creating package script '/home/imr/ws-for-ov2slam/install/ov2slam/share/ov2slam/package.sh'
[1.562s] INFO:colcon.colcon_core.shell:Creating package script '/home/imr/ws-for-ov2slam/install/ov2slam/share/ov2slam/package.bash'
[1.563s] INFO:colcon.colcon_core.shell:Creating package script '/home/imr/ws-for-ov2slam/install/ov2slam/share/ov2slam/package.zsh'
[1.563s] Level 1:colcon.colcon_core.environment:create_file_with_runtime_dependencies(/home/imr/ws-for-ov2slam/install/ov2slam/share/colcon-core/packages/ov2slam)
[1.564s] Level 1:colcon.colcon_core.environment:create_environment_scripts_only(ov2slam)
[1.564s] Level 1:colcon.colcon_core.environment:checking '/home/imr/ws-for-ov2slam/install/ov2slam' for CMake module files
[1.564s] Level 1:colcon.colcon_core.environment:checking '/home/imr/ws-for-ov2slam/install/ov2slam' for CMake config files
[1.565s] Level 1:colcon.colcon_core.shell:create_environment_hook('ov2slam', 'cmake_prefix_path')
[1.565s] INFO:colcon.colcon_core.shell:Creating environment hook '/home/imr/ws-for-ov2slam/install/ov2slam/share/ov2slam/hook/cmake_prefix_path.ps1'
[1.566s] INFO:colcon.colcon_core.shell:Creating environment descriptor '/home/imr/ws-for-ov2slam/install/ov2slam/share/ov2slam/hook/cmake_prefix_path.dsv'
[1.566s] INFO:colcon.colcon_core.shell:Creating environment hook '/home/imr/ws-for-ov2slam/install/ov2slam/share/ov2slam/hook/cmake_prefix_path.sh'
[1.567s] Level 1:colcon.colcon_core.environment:checking '/home/imr/ws-for-ov2slam/install/ov2slam/lib'
[1.567s] Level 1:colcon.colcon_core.shell:create_environment_hook('ov2slam', 'ld_library_path_lib')
[1.567s] INFO:colcon.colcon_core.shell:Creating environment hook '/home/imr/ws-for-ov2slam/install/ov2slam/share/ov2slam/hook/ld_library_path_lib.ps1'
[1.567s] INFO:colcon.colcon_core.shell:Creating environment descriptor '/home/imr/ws-for-ov2slam/install/ov2slam/share/ov2slam/hook/ld_library_path_lib.dsv'
[1.568s] INFO:colcon.colcon_core.shell:Creating environment hook '/home/imr/ws-for-ov2slam/install/ov2slam/share/ov2slam/hook/ld_library_path_lib.sh'
[1.568s] Level 1:colcon.colcon_core.environment:checking '/home/imr/ws-for-ov2slam/install/ov2slam/bin'
[1.568s] Level 1:colcon.colcon_core.environment:checking '/home/imr/ws-for-ov2slam/install/ov2slam/lib/pkgconfig/ov2slam.pc'
[1.568s] Level 1:colcon.colcon_core.environment:checking '/home/imr/ws-for-ov2slam/install/ov2slam/lib/python3.10/site-packages'
[1.569s] Level 1:colcon.colcon_core.environment:checking '/home/imr/ws-for-ov2slam/install/ov2slam/bin'
[1.569s] INFO:colcon.colcon_core.shell:Creating package script '/home/imr/ws-for-ov2slam/install/ov2slam/share/ov2slam/package.ps1'
[1.569s] INFO:colcon.colcon_core.shell:Creating package descriptor '/home/imr/ws-for-ov2slam/install/ov2slam/share/ov2slam/package.dsv'
[1.570s] INFO:colcon.colcon_core.shell:Creating package script '/home/imr/ws-for-ov2slam/install/ov2slam/share/ov2slam/package.sh'
[1.570s] INFO:colcon.colcon_core.shell:Creating package script '/home/imr/ws-for-ov2slam/install/ov2slam/share/ov2slam/package.bash'
[1.571s] INFO:colcon.colcon_core.shell:Creating package script '/home/imr/ws-for-ov2slam/install/ov2slam/share/ov2slam/package.zsh'
[1.571s] Level 1:colcon.colcon_core.environment:create_file_with_runtime_dependencies(/home/imr/ws-for-ov2slam/install/ov2slam/share/colcon-core/packages/ov2slam)
[2.338s] DEBUG:colcon.colcon_core.event_handler.log_command:Invoking command in '/home/imr/ws-for-ov2slam/src/controller_launcher': CMAKE_PREFIX_PATH=/home/imr/ws-for-ov2slam/install/teleop_twist_joy:/home/imr/ws-for-ov2slam/install/kobuki_node:/home/imr/jauremax_ros2/install/teleop_twist_joy:/home/imr/jauremax_ros2/install/kobuki_node:/home/imr/ros2_ws/install/realsense2_description:/home/imr/ros2_ws/install/realsense2_camera:/home/imr/ros2_ws/install/realsense2_camera_msgs:/home/imr/ws-for-ov2slam/install/ov2slam:/home/imr/ws-for-ov2slam/src/install/librealsense2 LD_LIBRARY_PATH=/home/imr/ws-for-ov2slam/install/teleop_twist_joy/lib:/home/imr/ws-for-ov2slam/install/kobuki_node/lib:/usr/local/lib:/home/imr/jauremax_ros2/install/teleop_twist_joy/lib:/home/imr/jauremax_ros2/install/kobuki_node/lib:/home/imr/ros2_ws/install/realsense2_camera/lib:/home/imr/ros2_ws/install/realsense2_camera_msgs/lib:/home/imr/ws-for-ov2slam/install/ov2slam/lib:/home/imr/ws-for-ov2slam/src/install/teleop_twist_joy/lib:/home/imr/ws-for-ov2slam/src/install/librealsense2/lib:/opt/ros/humble/opt/rviz_ogre_vendor/lib:/opt/ros/humble/lib/x86_64-linux-gnu:/opt/ros/humble/lib PYTHONPATH=/home/imr/ws-for-ov2slam/build/controller_launcher/prefix_override:/usr/lib/python3/dist-packages/colcon_core/task/python/colcon_distutils_commands:/home/imr/ws-for-ov2slam/install/controller_launcher/lib/python3.10/site-packages:${PYTHONPATH} /usr/bin/python3 -W ignore:setup.py install is deprecated -W ignore:easy_install command is deprecated setup.py egg_info --egg-base ../../build/controller_launcher build --build-base /home/imr/ws-for-ov2slam/build/controller_launcher/build install --record /home/imr/ws-for-ov2slam/build/controller_launcher/install.log --single-version-externally-managed install_data
[3.023s] Level 1:colcon.colcon_core.environment:checking '/home/imr/ws-for-ov2slam/install/controller_launcher' for CMake module files
[3.024s] DEBUG:colcon.colcon_core.event_handler.log_command:Invoked command in '/home/imr/ws-for-ov2slam/src/controller_launcher' returned '0': CMAKE_PREFIX_PATH=/home/imr/ws-for-ov2slam/install/teleop_twist_joy:/home/imr/ws-for-ov2slam/install/kobuki_node:/home/imr/jauremax_ros2/install/teleop_twist_joy:/home/imr/jauremax_ros2/install/kobuki_node:/home/imr/ros2_ws/install/realsense2_description:/home/imr/ros2_ws/install/realsense2_camera:/home/imr/ros2_ws/install/realsense2_camera_msgs:/home/imr/ws-for-ov2slam/install/ov2slam:/home/imr/ws-for-ov2slam/src/install/librealsense2 LD_LIBRARY_PATH=/home/imr/ws-for-ov2slam/install/teleop_twist_joy/lib:/home/imr/ws-for-ov2slam/install/kobuki_node/lib:/usr/local/lib:/home/imr/jauremax_ros2/install/teleop_twist_joy/lib:/home/imr/jauremax_ros2/install/kobuki_node/lib:/home/imr/ros2_ws/install/realsense2_camera/lib:/home/imr/ros2_ws/install/realsense2_camera_msgs/lib:/home/imr/ws-for-ov2slam/install/ov2slam/lib:/home/imr/ws-for-ov2slam/src/install/teleop_twist_joy/lib:/home/imr/ws-for-ov2slam/src/install/librealsense2/lib:/opt/ros/humble/opt/rviz_ogre_vendor/lib:/opt/ros/humble/lib/x86_64-linux-gnu:/opt/ros/humble/lib PYTHONPATH=/home/imr/ws-for-ov2slam/build/controller_launcher/prefix_override:/usr/lib/python3/dist-packages/colcon_core/task/python/colcon_distutils_commands:/home/imr/ws-for-ov2slam/install/controller_launcher/lib/python3.10/site-packages:${PYTHONPATH} /usr/bin/python3 -W ignore:setup.py install is deprecated -W ignore:easy_install command is deprecated setup.py egg_info --egg-base ../../build/controller_launcher build --build-base /home/imr/ws-for-ov2slam/build/controller_launcher/build install --record /home/imr/ws-for-ov2slam/build/controller_launcher/install.log --single-version-externally-managed install_data
[3.024s] Level 1:colcon.colcon_core.environment:checking '/home/imr/ws-for-ov2slam/install/controller_launcher' for CMake config files
[3.025s] Level 1:colcon.colcon_core.environment:checking '/home/imr/ws-for-ov2slam/install/controller_launcher/lib'
[3.025s] Level 1:colcon.colcon_core.environment:checking '/home/imr/ws-for-ov2slam/install/controller_launcher/bin'
[3.025s] Level 1:colcon.colcon_core.environment:checking '/home/imr/ws-for-ov2slam/install/controller_launcher/lib/pkgconfig/controller_launcher.pc'
[3.025s] Level 1:colcon.colcon_core.environment:checking '/home/imr/ws-for-ov2slam/install/controller_launcher/lib/python3.10/site-packages'
[3.025s] Level 1:colcon.colcon_core.shell:create_environment_hook('controller_launcher', 'pythonpath')
[3.025s] INFO:colcon.colcon_core.shell:Creating environment hook '/home/imr/ws-for-ov2slam/install/controller_launcher/share/controller_launcher/hook/pythonpath.ps1'
[3.026s] INFO:colcon.colcon_core.shell:Creating environment descriptor '/home/imr/ws-for-ov2slam/install/controller_launcher/share/controller_launcher/hook/pythonpath.dsv'
[3.026s] INFO:colcon.colcon_core.shell:Creating environment hook '/home/imr/ws-for-ov2slam/install/controller_launcher/share/controller_launcher/hook/pythonpath.sh'
[3.027s] Level 1:colcon.colcon_core.environment:checking '/home/imr/ws-for-ov2slam/install/controller_launcher/bin'
[3.027s] Level 1:colcon.colcon_core.environment:create_environment_scripts_only(controller_launcher)
[3.027s] INFO:colcon.colcon_core.shell:Creating package script '/home/imr/ws-for-ov2slam/install/controller_launcher/share/controller_launcher/package.ps1'
[3.028s] INFO:colcon.colcon_core.shell:Creating package descriptor '/home/imr/ws-for-ov2slam/install/controller_launcher/share/controller_launcher/package.dsv'
[3.028s] INFO:colcon.colcon_core.shell:Creating package script '/home/imr/ws-for-ov2slam/install/controller_launcher/share/controller_launcher/package.sh'
[3.029s] INFO:colcon.colcon_core.shell:Creating package script '/home/imr/ws-for-ov2slam/install/controller_launcher/share/controller_launcher/package.bash'
[3.029s] INFO:colcon.colcon_core.shell:Creating package script '/home/imr/ws-for-ov2slam/install/controller_launcher/share/controller_launcher/package.zsh'
[3.029s] Level 1:colcon.colcon_core.environment:create_file_with_runtime_dependencies(/home/imr/ws-for-ov2slam/install/controller_launcher/share/colcon-core/packages/controller_launcher)
[3.030s] DEBUG:colcon.colcon_parallel_executor.executor.parallel:closing loop
[3.030s] DEBUG:colcon.colcon_parallel_executor.executor.parallel:loop closed
[3.030s] DEBUG:colcon.colcon_parallel_executor.executor.parallel:run_until_complete finished with '0'
[3.030s] DEBUG:colcon.colcon_core.event_reactor:joining thread
[3.037s] INFO:colcon.colcon_core.plugin_system:Skipping extension 'colcon_notification.desktop_notification.terminal_notifier': Not used on non-Darwin systems
[3.037s] INFO:colcon.colcon_core.plugin_system:Skipping extension 'colcon_notification.desktop_notification.win32': Not used on non-Windows systems
[3.037s] INFO:colcon.colcon_notification.desktop_notification:Sending desktop notification using 'notify2'
[3.058s] DEBUG:colcon.colcon_core.event_reactor:joined thread
[3.059s] INFO:colcon.colcon_core.shell:Creating prefix script '/home/imr/ws-for-ov2slam/install/local_setup.ps1'
[3.060s] INFO:colcon.colcon_core.shell:Creating prefix util module '/home/imr/ws-for-ov2slam/install/_local_setup_util_ps1.py'
[3.062s] INFO:colcon.colcon_core.shell:Creating prefix chain script '/home/imr/ws-for-ov2slam/install/setup.ps1'
[3.064s] INFO:colcon.colcon_core.shell:Creating prefix script '/home/imr/ws-for-ov2slam/install/local_setup.sh'
[3.065s] INFO:colcon.colcon_core.shell:Creating prefix util module '/home/imr/ws-for-ov2slam/install/_local_setup_util_sh.py'
[3.066s] INFO:colcon.colcon_core.shell:Creating prefix chain script '/home/imr/ws-for-ov2slam/install/setup.sh'
[3.068s] INFO:colcon.colcon_core.shell:Creating prefix script '/home/imr/ws-for-ov2slam/install/local_setup.bash'
[3.069s] INFO:colcon.colcon_core.shell:Creating prefix chain script '/home/imr/ws-for-ov2slam/install/setup.bash'
[3.071s] INFO:colcon.colcon_core.shell:Creating prefix script '/home/imr/ws-for-ov2slam/install/local_setup.zsh'
[3.072s] INFO:colcon.colcon_core.shell:Creating prefix chain script '/home/imr/ws-for-ov2slam/install/setup.zsh'
