[0.021s] Invoking command in '/home/imr/jauremax_ros2/src/build/librealsense2': CMAKE_PREFIX_PATH=${CMAKE_PREFIX_PATH}:/home/imr/jauremax_ros2/install/controller_launcher:/home/imr/install/controller_launcher:/opt/ros/humble /usr/bin/cmake --build /home/imr/jauremax_ros2/src/build/librealsense2 -- -j4 -l4
[0.136s] [  0%] [32mBuilding C object third-party/realsense-file/CMakeFiles/realsense-file.dir/lz4/lz4.c.o[0m
[0.136s] [  0%] [32mBuilding CXX object tools/embed/CMakeFiles/rs-embed.dir/rs-embed.cpp.o[0m
[0.136s] [  0%] [34m[1mCreating directories for 'libcurl'[0m
[0.163s] [  1%] [32mBuilding CXX object third-party/rsutils/CMakeFiles/rsutils.dir/__/easyloggingpp/src/easylogging++.cc.o[0m
[0.384s] [  1%] [34m[1mPerforming download step (git clone) for 'libcurl'[0m
[0.462s] Cloning into 'libcurl'...
[4.853s] [  1%] [32mBuilding CXX object third-party/realsense-file/CMakeFiles/realsense-file.dir/rosbag/console_bridge/src/console.cpp.o[0m
[5.501s] [  2%] [32mBuilding CXX object third-party/realsense-file/CMakeFiles/realsense-file.dir/rosbag/cpp_common/src/debug.cpp.o[0m
[6.240s] [  2%] [32mBuilding CXX object third-party/realsense-file/CMakeFiles/realsense-file.dir/rosbag/cpp_common/src/header.cpp.o[0m
[7.264s] [  2%] [32mBuilding CXX object third-party/realsense-file/CMakeFiles/realsense-file.dir/rosbag/rosbag_storage/src/bag.cpp.o[0m
[8.853s] [  2%] [32mBuilding CXX object third-party/rsutils/CMakeFiles/rsutils.dir/src/configure-elpp-logger.cpp.o[0m
[9.888s] [  3%] [32mBuilding C object tools/embed/CMakeFiles/rs-embed.dir/__/__/third-party/realsense-file/lz4/lz4.c.o[0m
[10.392s] [  3%] [32mBuilding CXX object third-party/rsutils/CMakeFiles/rsutils.dir/src/crc32.cpp.o[0m
[10.442s] [  3%] [32mBuilding CXX object third-party/rsutils/CMakeFiles/rsutils.dir/src/dispatcher.cpp.o[0m
[10.623s] gmake[2]: *** wait: No child processes.  Stop.
[10.624s] gmake[2]: *** Waiting for unfinished jobs....
[10.624s] gmake[2]: *** wait: No child processes.  Stop.
[10.624s] gmake[1]: *** [CMakeFiles/Makefile2:1679: tools/embed/CMakeFiles/rs-embed.dir/all] Error 2
[10.624s] gmake[2]: *** [third-party/rsutils/CMakeFiles/rsutils.dir/build.make:118: third-party/rsutils/CMakeFiles/rsutils.dir/src/dispatcher.cpp.o] Interrupt
[10.624s] gmake[1]: *** [CMakeFiles/Makefile2:896: third-party/rsutils/CMakeFiles/rsutils.dir/all] Interrupt
[10.627s] gmake[2]: *** [third-party/realsense-file/CMakeFiles/realsense-file.dir/build.make:132: third-party/realsense-file/CMakeFiles/realsense-file.dir/rosbag/rosbag_storage/src/bag.cpp.o] Interrupt
[10.628s] gmake[1]: *** [CMakeFiles/Makefile2:922: third-party/realsense-file/CMakeFiles/realsense-file.dir/all] Interrupt
[10.631s] gmake[2]: *** [CMakeFiles/libcurl.dir/build.make:99: libcurl/src/libcurl-stamp/libcurl-download] Interrupt
[10.631s] gmake[1]: *** [CMakeFiles/Makefile2:817: CMakeFiles/libcurl.dir/all] Interrupt
[10.631s] gmake: *** [Makefile:136: all] Interrupt
