[0.037s] Invoking command in '/home/imr/ws-for-ov2slam/build/kobuki_node': CMAKE_PREFIX_PATH=${CMAKE_PREFIX_PATH}:/home/imr/jauremax_ros2/install/controller_launcher:/home/imr/install/controller_launcher:/home/imr/ws-for-ov2slam/install/controller_launcher:/home/imr/ws-for-ov2slam/src/install/controller_launcher:/home/imr/ws-for-ov2slam/src/install/teleop_twist_joy:/home/imr/ws-for-ov2slam/src/install/kobuki_node:/opt/ros/humble /usr/bin/cmake --build /home/imr/ws-for-ov2slam/build/kobuki_node -- -j4 -l4
[0.150s] [ 33%] Built target kobuki_ros_node
[0.174s] [100%] Built target kobuki_ros
[0.192s] Invoked command in '/home/imr/ws-for-ov2slam/build/kobuki_node' returned '0': CMAKE_PREFIX_PATH=${CMAKE_PREFIX_PATH}:/home/imr/jauremax_ros2/install/controller_launcher:/home/imr/install/controller_launcher:/home/imr/ws-for-ov2slam/install/controller_launcher:/home/imr/ws-for-ov2slam/src/install/controller_launcher:/home/imr/ws-for-ov2slam/src/install/teleop_twist_joy:/home/imr/ws-for-ov2slam/src/install/kobuki_node:/opt/ros/humble /usr/bin/cmake --build /home/imr/ws-for-ov2slam/build/kobuki_node -- -j4 -l4
[0.207s] Invoking command in '/home/imr/ws-for-ov2slam/build/kobuki_node': CMAKE_PREFIX_PATH=${CMAKE_PREFIX_PATH}:/home/imr/jauremax_ros2/install/controller_launcher:/home/imr/install/controller_launcher:/home/imr/ws-for-ov2slam/install/controller_launcher:/home/imr/ws-for-ov2slam/src/install/controller_launcher:/home/imr/ws-for-ov2slam/src/install/teleop_twist_joy:/home/imr/ws-for-ov2slam/src/install/kobuki_node:/opt/ros/humble /usr/bin/cmake --install /home/imr/ws-for-ov2slam/build/kobuki_node
[0.217s] -- Install configuration: ""
[0.218s] -- Up-to-date: /home/imr/ws-for-ov2slam/install/kobuki_node/lib/kobuki_node/kobuki_ros_node
[0.219s] -- Up-to-date: /home/imr/ws-for-ov2slam/install/kobuki_node/lib/libkobuki_ros.so
[0.220s] -- Up-to-date: /home/imr/ws-for-ov2slam/install/kobuki_node/include/kobuki_node
[0.220s] -- Up-to-date: /home/imr/ws-for-ov2slam/install/kobuki_node/include/kobuki_node/kobuki_ros.hpp
[0.220s] -- Up-to-date: /home/imr/ws-for-ov2slam/install/kobuki_node/include/kobuki_node/diagnostics.hpp
[0.221s] -- Up-to-date: /home/imr/ws-for-ov2slam/install/kobuki_node/include/kobuki_node/odometry.hpp
[0.221s] -- Up-to-date: /home/imr/ws-for-ov2slam/install/kobuki_node/share/kobuki_node/config
[0.221s] -- Up-to-date: /home/imr/ws-for-ov2slam/install/kobuki_node/share/kobuki_node/config/kobuki_node_params.yaml
[0.221s] -- Up-to-date: /home/imr/ws-for-ov2slam/install/kobuki_node/share/kobuki_node/launch
[0.222s] -- Up-to-date: /home/imr/ws-for-ov2slam/install/kobuki_node/share/kobuki_node/launch/kobuki_node-composed-launch.py
[0.222s] -- Up-to-date: /home/imr/ws-for-ov2slam/install/kobuki_node/share/kobuki_node/launch/kobuki_node-launch.py
[0.222s] -- Up-to-date: /home/imr/ws-for-ov2slam/install/kobuki_node/share/ament_index/resource_index/package_run_dependencies/kobuki_node
[0.223s] -- Up-to-date: /home/imr/ws-for-ov2slam/install/kobuki_node/share/ament_index/resource_index/parent_prefix_path/kobuki_node
[0.223s] -- Up-to-date: /home/imr/ws-for-ov2slam/install/kobuki_node/share/kobuki_node/environment/ament_prefix_path.sh
[0.223s] -- Up-to-date: /home/imr/ws-for-ov2slam/install/kobuki_node/share/kobuki_node/environment/ament_prefix_path.dsv
[0.224s] -- Up-to-date: /home/imr/ws-for-ov2slam/install/kobuki_node/share/kobuki_node/environment/path.sh
[0.224s] -- Up-to-date: /home/imr/ws-for-ov2slam/install/kobuki_node/share/kobuki_node/environment/path.dsv
[0.225s] -- Up-to-date: /home/imr/ws-for-ov2slam/install/kobuki_node/share/kobuki_node/local_setup.bash
[0.225s] -- Up-to-date: /home/imr/ws-for-ov2slam/install/kobuki_node/share/kobuki_node/local_setup.sh
[0.226s] -- Up-to-date: /home/imr/ws-for-ov2slam/install/kobuki_node/share/kobuki_node/local_setup.zsh
[0.226s] -- Up-to-date: /home/imr/ws-for-ov2slam/install/kobuki_node/share/kobuki_node/local_setup.dsv
[0.226s] -- Installing: /home/imr/ws-for-ov2slam/install/kobuki_node/share/kobuki_node/package.dsv
[0.226s] -- Up-to-date: /home/imr/ws-for-ov2slam/install/kobuki_node/share/ament_index/resource_index/packages/kobuki_node
[0.227s] -- Up-to-date: /home/imr/ws-for-ov2slam/install/kobuki_node/share/ament_index/resource_index/rclcpp_components/kobuki_node
[0.227s] -- Up-to-date: /home/imr/ws-for-ov2slam/install/kobuki_node/share/kobuki_node/cmake/kobuki_nodeConfig.cmake
[0.228s] -- Up-to-date: /home/imr/ws-for-ov2slam/install/kobuki_node/share/kobuki_node/cmake/kobuki_nodeConfig-version.cmake
[0.228s] -- Up-to-date: /home/imr/ws-for-ov2slam/install/kobuki_node/share/kobuki_node/package.xml
[0.234s] Invoked command in '/home/imr/ws-for-ov2slam/build/kobuki_node' returned '0': CMAKE_PREFIX_PATH=${CMAKE_PREFIX_PATH}:/home/imr/jauremax_ros2/install/controller_launcher:/home/imr/install/controller_launcher:/home/imr/ws-for-ov2slam/install/controller_launcher:/home/imr/ws-for-ov2slam/src/install/controller_launcher:/home/imr/ws-for-ov2slam/src/install/teleop_twist_joy:/home/imr/ws-for-ov2slam/src/install/kobuki_node:/opt/ros/humble /usr/bin/cmake --install /home/imr/ws-for-ov2slam/build/kobuki_node
