[0.271s] DEBUG:colcon:Command line arguments: ['/usr/bin/colcon', 'build']
[0.271s] DEBUG:colcon:Parsed command line arguments: Namespace(log_base=None, log_level=None, verb_name='build', build_base='build', install_base='install', merge_install=False, symlink_install=False, test_result_base=None, continue_on_error=False, executor='parallel', parallel_workers=4, event_handlers=None, ignore_user_meta=False, metas=['./colcon.meta'], base_paths=['.'], packages_ignore=None, packages_ignore_regex=None, paths=None, packages_up_to=None, packages_up_to_regex=None, packages_above=None, packages_above_and_dependencies=None, packages_above_depth=None, packages_select_by_dep=None, packages_skip_by_dep=None, packages_skip_up_to=None, packages_select_build_failed=False, packages_skip_build_finished=False, packages_select_test_failures=False, packages_skip_test_passed=False, packages_select=None, packages_skip=None, packages_select_regex=None, packages_skip_regex=None, packages_start=None, packages_end=None, allow_overriding=[], cmake_args=None, cmake_target=None, cmake_target_skip_unavailable=False, cmake_clean_cache=False, cmake_clean_first=False, cmake_force_configure=False, ament_cmake_args=None, catkin_cmake_args=None, catkin_skip_building_tests=False, verb_parser=<colcon_defaults.argument_parser.defaults.DefaultArgumentsDecorator object at 0x77f74d36a530>, verb_extension=<colcon_core.verb.build.BuildVerb object at 0x77f74d46b9a0>, main=<bound method BuildVerb.main of <colcon_core.verb.build.BuildVerb object at 0x77f74d46b9a0>>)
[0.677s] Level 1:colcon.colcon_core.package_discovery:discover_packages(colcon_meta) check parameters
[0.677s] Level 1:colcon.colcon_core.package_discovery:discover_packages(recursive) check parameters
[0.677s] Level 1:colcon.colcon_core.package_discovery:discover_packages(ignore) check parameters
[0.677s] Level 1:colcon.colcon_core.package_discovery:discover_packages(path) check parameters
[0.677s] Level 1:colcon.colcon_core.package_discovery:discover_packages(colcon_meta) discover
[0.677s] Level 1:colcon.colcon_core.package_discovery:discover_packages(recursive) discover
[0.677s] INFO:colcon.colcon_core.package_discovery:Crawling recursively for packages in '/home/imr/ws-for-ov2slam'
[0.677s] Level 1:colcon.colcon_core.package_identification:_identify(.) by extensions ['ignore', 'ignore_ament_install']
[0.677s] Level 1:colcon.colcon_core.package_identification:_identify(.) by extension 'ignore'
[0.678s] Level 1:colcon.colcon_core.package_identification:_identify(.) by extension 'ignore_ament_install'
[0.678s] Level 1:colcon.colcon_core.package_identification:_identify(.) by extensions ['colcon_pkg']
[0.678s] Level 1:colcon.colcon_core.package_identification:_identify(.) by extension 'colcon_pkg'
[0.678s] Level 1:colcon.colcon_core.package_identification:_identify(.) by extensions ['colcon_meta']
[0.678s] Level 1:colcon.colcon_core.package_identification:_identify(.) by extension 'colcon_meta'
[0.678s] Level 1:colcon.colcon_core.package_identification:_identify(.) by extensions ['ros']
[0.678s] Level 1:colcon.colcon_core.package_identification:_identify(.) by extension 'ros'
[0.695s] Level 1:colcon.colcon_core.package_identification:_identify(.) by extensions ['cmake', 'python']
[0.695s] Level 1:colcon.colcon_core.package_identification:_identify(.) by extension 'cmake'
[0.695s] Level 1:colcon.colcon_core.package_identification:_identify(.) by extension 'python'
[0.695s] Level 1:colcon.colcon_core.package_identification:_identify(.) by extensions ['python_setup_py']
[0.695s] Level 1:colcon.colcon_core.package_identification:_identify(.) by extension 'python_setup_py'
[0.695s] Level 1:colcon.colcon_core.package_identification:_identify(build) by extensions ['ignore', 'ignore_ament_install']
[0.695s] Level 1:colcon.colcon_core.package_identification:_identify(build) by extension 'ignore'
[0.695s] Level 1:colcon.colcon_core.package_identification:_identify(build) ignored
[0.695s] Level 1:colcon.colcon_core.package_identification:_identify(install) by extensions ['ignore', 'ignore_ament_install']
[0.695s] Level 1:colcon.colcon_core.package_identification:_identify(install) by extension 'ignore'
[0.695s] Level 1:colcon.colcon_core.package_identification:_identify(install) ignored
[0.696s] Level 1:colcon.colcon_core.package_identification:_identify(log) by extensions ['ignore', 'ignore_ament_install']
[0.696s] Level 1:colcon.colcon_core.package_identification:_identify(log) by extension 'ignore'
[0.696s] Level 1:colcon.colcon_core.package_identification:_identify(log) ignored
[0.696s] Level 1:colcon.colcon_core.package_identification:_identify(src) by extensions ['ignore', 'ignore_ament_install']
[0.696s] Level 1:colcon.colcon_core.package_identification:_identify(src) by extension 'ignore'
[0.696s] Level 1:colcon.colcon_core.package_identification:_identify(src) by extension 'ignore_ament_install'
[0.696s] Level 1:colcon.colcon_core.package_identification:_identify(src) by extensions ['colcon_pkg']
[0.696s] Level 1:colcon.colcon_core.package_identification:_identify(src) by extension 'colcon_pkg'
[0.696s] Level 1:colcon.colcon_core.package_identification:_identify(src) by extensions ['colcon_meta']
[0.696s] Level 1:colcon.colcon_core.package_identification:_identify(src) by extension 'colcon_meta'
[0.696s] Level 1:colcon.colcon_core.package_identification:_identify(src) by extensions ['ros']
[0.696s] Level 1:colcon.colcon_core.package_identification:_identify(src) by extension 'ros'
[0.696s] Level 1:colcon.colcon_core.package_identification:_identify(src) by extensions ['cmake', 'python']
[0.696s] Level 1:colcon.colcon_core.package_identification:_identify(src) by extension 'cmake'
[0.696s] Level 1:colcon.colcon_core.package_identification:_identify(src) by extension 'python'
[0.696s] Level 1:colcon.colcon_core.package_identification:_identify(src) by extensions ['python_setup_py']
[0.696s] Level 1:colcon.colcon_core.package_identification:_identify(src) by extension 'python_setup_py'
[0.696s] Level 1:colcon.colcon_core.package_identification:_identify(src/build) by extensions ['ignore', 'ignore_ament_install']
[0.697s] Level 1:colcon.colcon_core.package_identification:_identify(src/build) by extension 'ignore'
[0.697s] Level 1:colcon.colcon_core.package_identification:_identify(src/build) ignored
[0.697s] Level 1:colcon.colcon_core.package_identification:_identify(src/controller_launcher) by extensions ['ignore', 'ignore_ament_install']
[0.697s] Level 1:colcon.colcon_core.package_identification:_identify(src/controller_launcher) by extension 'ignore'
[0.697s] Level 1:colcon.colcon_core.package_identification:_identify(src/controller_launcher) by extension 'ignore_ament_install'
[0.697s] Level 1:colcon.colcon_core.package_identification:_identify(src/controller_launcher) by extensions ['colcon_pkg']
[0.697s] Level 1:colcon.colcon_core.package_identification:_identify(src/controller_launcher) by extension 'colcon_pkg'
[0.697s] Level 1:colcon.colcon_core.package_identification:_identify(src/controller_launcher) by extensions ['colcon_meta']
[0.697s] Level 1:colcon.colcon_core.package_identification:_identify(src/controller_launcher) by extension 'colcon_meta'
[0.697s] Level 1:colcon.colcon_core.package_identification:_identify(src/controller_launcher) by extensions ['ros']
[0.697s] Level 1:colcon.colcon_core.package_identification:_identify(src/controller_launcher) by extension 'ros'
[0.702s] DEBUG:colcon.colcon_core.package_identification:Package 'src/controller_launcher' with type 'ros.ament_python' and name 'controller_launcher'
[0.702s] Level 1:colcon.colcon_core.package_identification:_identify(src/install) by extensions ['ignore', 'ignore_ament_install']
[0.702s] Level 1:colcon.colcon_core.package_identification:_identify(src/install) by extension 'ignore'
[0.702s] Level 1:colcon.colcon_core.package_identification:_identify(src/install) ignored
[0.702s] Level 1:colcon.colcon_core.package_identification:_identify(src/kobuki_node) by extensions ['ignore', 'ignore_ament_install']
[0.702s] Level 1:colcon.colcon_core.package_identification:_identify(src/kobuki_node) by extension 'ignore'
[0.703s] Level 1:colcon.colcon_core.package_identification:_identify(src/kobuki_node) by extension 'ignore_ament_install'
[0.703s] Level 1:colcon.colcon_core.package_identification:_identify(src/kobuki_node) by extensions ['colcon_pkg']
[0.703s] Level 1:colcon.colcon_core.package_identification:_identify(src/kobuki_node) by extension 'colcon_pkg'
[0.703s] Level 1:colcon.colcon_core.package_identification:_identify(src/kobuki_node) by extensions ['colcon_meta']
[0.703s] Level 1:colcon.colcon_core.package_identification:_identify(src/kobuki_node) by extension 'colcon_meta'
[0.703s] Level 1:colcon.colcon_core.package_identification:_identify(src/kobuki_node) by extensions ['ros']
[0.703s] Level 1:colcon.colcon_core.package_identification:_identify(src/kobuki_node) by extension 'ros'
[0.705s] DEBUG:colcon.colcon_core.package_identification:Package 'src/kobuki_node' with type 'ros.ament_cmake' and name 'kobuki_node'
[0.705s] Level 1:colcon.colcon_core.package_identification:_identify(src/log) by extensions ['ignore', 'ignore_ament_install']
[0.705s] Level 1:colcon.colcon_core.package_identification:_identify(src/log) by extension 'ignore'
[0.705s] Level 1:colcon.colcon_core.package_identification:_identify(src/log) ignored
[0.706s] Level 1:colcon.colcon_core.package_identification:_identify(src/opengv) by extensions ['ignore', 'ignore_ament_install']
[0.706s] Level 1:colcon.colcon_core.package_identification:_identify(src/opengv) by extension 'ignore'
[0.706s] Level 1:colcon.colcon_core.package_identification:_identify(src/opengv) by extension 'ignore_ament_install'
[0.706s] Level 1:colcon.colcon_core.package_identification:_identify(src/opengv) by extensions ['colcon_pkg']
[0.706s] Level 1:colcon.colcon_core.package_identification:_identify(src/opengv) by extension 'colcon_pkg'
[0.706s] Level 1:colcon.colcon_core.package_identification:_identify(src/opengv) by extensions ['colcon_meta']
[0.706s] Level 1:colcon.colcon_core.package_identification:_identify(src/opengv) by extension 'colcon_meta'
[0.706s] Level 1:colcon.colcon_core.package_identification:_identify(src/opengv) by extensions ['ros']
[0.706s] Level 1:colcon.colcon_core.package_identification:_identify(src/opengv) by extension 'ros'
[0.706s] Level 1:colcon.colcon_core.package_identification:_identify(src/opengv) ignored
[0.706s] Level 1:colcon.colcon_core.package_identification:_identify(src/ov2slam-ros2) by extensions ['ignore', 'ignore_ament_install']
[0.706s] Level 1:colcon.colcon_core.package_identification:_identify(src/ov2slam-ros2) by extension 'ignore'
[0.706s] Level 1:colcon.colcon_core.package_identification:_identify(src/ov2slam-ros2) by extension 'ignore_ament_install'
[0.706s] Level 1:colcon.colcon_core.package_identification:_identify(src/ov2slam-ros2) by extensions ['colcon_pkg']
[0.706s] Level 1:colcon.colcon_core.package_identification:_identify(src/ov2slam-ros2) by extension 'colcon_pkg'
[0.706s] Level 1:colcon.colcon_core.package_identification:_identify(src/ov2slam-ros2) by extensions ['colcon_meta']
[0.706s] Level 1:colcon.colcon_core.package_identification:_identify(src/ov2slam-ros2) by extension 'colcon_meta'
[0.706s] Level 1:colcon.colcon_core.package_identification:_identify(src/ov2slam-ros2) by extensions ['ros']
[0.707s] Level 1:colcon.colcon_core.package_identification:_identify(src/ov2slam-ros2) by extension 'ros'
[0.708s] DEBUG:colcon.colcon_core.package_identification:Package 'src/ov2slam-ros2' with type 'ros.ament_cmake' and name 'ov2slam'
[0.708s] Level 1:colcon.colcon_core.package_identification:_identify(src/teleop_twist_joy) by extensions ['ignore', 'ignore_ament_install']
[0.708s] Level 1:colcon.colcon_core.package_identification:_identify(src/teleop_twist_joy) by extension 'ignore'
[0.708s] Level 1:colcon.colcon_core.package_identification:_identify(src/teleop_twist_joy) by extension 'ignore_ament_install'
[0.708s] Level 1:colcon.colcon_core.package_identification:_identify(src/teleop_twist_joy) by extensions ['colcon_pkg']
[0.708s] Level 1:colcon.colcon_core.package_identification:_identify(src/teleop_twist_joy) by extension 'colcon_pkg'
[0.708s] Level 1:colcon.colcon_core.package_identification:_identify(src/teleop_twist_joy) by extensions ['colcon_meta']
[0.708s] Level 1:colcon.colcon_core.package_identification:_identify(src/teleop_twist_joy) by extension 'colcon_meta'
[0.708s] Level 1:colcon.colcon_core.package_identification:_identify(src/teleop_twist_joy) by extensions ['ros']
[0.708s] Level 1:colcon.colcon_core.package_identification:_identify(src/teleop_twist_joy) by extension 'ros'
[0.709s] DEBUG:colcon.colcon_core.package_identification:Package 'src/teleop_twist_joy' with type 'ros.ament_cmake' and name 'teleop_twist_joy'
[0.709s] Level 1:colcon.colcon_core.package_discovery:discover_packages(recursive) using defaults
[0.709s] Level 1:colcon.colcon_core.package_discovery:discover_packages(ignore) discover
[0.709s] Level 1:colcon.colcon_core.package_discovery:discover_packages(ignore) using defaults
[0.709s] Level 1:colcon.colcon_core.package_discovery:discover_packages(path) discover
[0.709s] Level 1:colcon.colcon_core.package_discovery:discover_packages(path) using defaults
[0.741s] Level 1:colcon.colcon_core.package_discovery:discover_packages(prefix_path) check parameters
[0.741s] Level 1:colcon.colcon_core.package_discovery:discover_packages(prefix_path) discover
[0.744s] DEBUG:colcon.colcon_installed_package_information.package_discovery:Found 3 installed packages in /home/imr/ros2_ws/install
[0.745s] DEBUG:colcon.colcon_installed_package_information.package_discovery:Found 3 installed packages in /home/imr/jauremax_ros2/install
[0.745s] DEBUG:colcon.colcon_installed_package_information.package_discovery:Found 1 installed packages in /home/imr/install
[0.746s] DEBUG:colcon.colcon_installed_package_information.package_discovery:Found 4 installed packages in /home/imr/ws-for-ov2slam/install
[0.747s] DEBUG:colcon.colcon_installed_package_information.package_discovery:Found 4 installed packages in /home/imr/ws-for-ov2slam/src/install
[0.749s] DEBUG:colcon.colcon_installed_package_information.package_discovery:Found 411 installed packages in /opt/ros/humble
[0.751s] Level 1:colcon.colcon_core.package_discovery:discover_packages(prefix_path) using defaults
[0.808s] Level 5:colcon.colcon_core.verb:set package 'kobuki_node' build argument 'cmake_args' from command line to 'None'
[0.808s] Level 5:colcon.colcon_core.verb:set package 'kobuki_node' build argument 'cmake_target' from command line to 'None'
[0.809s] Level 5:colcon.colcon_core.verb:set package 'kobuki_node' build argument 'cmake_target_skip_unavailable' from command line to 'False'
[0.809s] Level 5:colcon.colcon_core.verb:set package 'kobuki_node' build argument 'cmake_clean_cache' from command line to 'False'
[0.809s] Level 5:colcon.colcon_core.verb:set package 'kobuki_node' build argument 'cmake_clean_first' from command line to 'False'
[0.809s] Level 5:colcon.colcon_core.verb:set package 'kobuki_node' build argument 'cmake_force_configure' from command line to 'False'
[0.809s] Level 5:colcon.colcon_core.verb:set package 'kobuki_node' build argument 'ament_cmake_args' from command line to 'None'
[0.809s] Level 5:colcon.colcon_core.verb:set package 'kobuki_node' build argument 'catkin_cmake_args' from command line to 'None'
[0.809s] Level 5:colcon.colcon_core.verb:set package 'kobuki_node' build argument 'catkin_skip_building_tests' from command line to 'False'
[0.809s] DEBUG:colcon.colcon_core.verb:Building package 'kobuki_node' with the following arguments: {'ament_cmake_args': None, 'build_base': '/home/imr/ws-for-ov2slam/build/kobuki_node', 'catkin_cmake_args': None, 'catkin_skip_building_tests': False, 'cmake_args': None, 'cmake_clean_cache': False, 'cmake_clean_first': False, 'cmake_force_configure': False, 'cmake_target': None, 'cmake_target_skip_unavailable': False, 'install_base': '/home/imr/ws-for-ov2slam/install/kobuki_node', 'merge_install': False, 'path': '/home/imr/ws-for-ov2slam/src/kobuki_node', 'symlink_install': False, 'test_result_base': None}
[0.809s] Level 5:colcon.colcon_core.verb:set package 'ov2slam' build argument 'cmake_args' from command line to 'None'
[0.809s] Level 5:colcon.colcon_core.verb:set package 'ov2slam' build argument 'cmake_target' from command line to 'None'
[0.809s] Level 5:colcon.colcon_core.verb:set package 'ov2slam' build argument 'cmake_target_skip_unavailable' from command line to 'False'
[0.809s] Level 5:colcon.colcon_core.verb:set package 'ov2slam' build argument 'cmake_clean_cache' from command line to 'False'
[0.809s] Level 5:colcon.colcon_core.verb:set package 'ov2slam' build argument 'cmake_clean_first' from command line to 'False'
[0.809s] Level 5:colcon.colcon_core.verb:set package 'ov2slam' build argument 'cmake_force_configure' from command line to 'False'
[0.809s] Level 5:colcon.colcon_core.verb:set package 'ov2slam' build argument 'ament_cmake_args' from command line to 'None'
[0.809s] Level 5:colcon.colcon_core.verb:set package 'ov2slam' build argument 'catkin_cmake_args' from command line to 'None'
[0.809s] Level 5:colcon.colcon_core.verb:set package 'ov2slam' build argument 'catkin_skip_building_tests' from command line to 'False'
[0.809s] DEBUG:colcon.colcon_core.verb:Building package 'ov2slam' with the following arguments: {'ament_cmake_args': None, 'build_base': '/home/imr/ws-for-ov2slam/build/ov2slam', 'catkin_cmake_args': None, 'catkin_skip_building_tests': False, 'cmake_args': None, 'cmake_clean_cache': False, 'cmake_clean_first': False, 'cmake_force_configure': False, 'cmake_target': None, 'cmake_target_skip_unavailable': False, 'install_base': '/home/imr/ws-for-ov2slam/install/ov2slam', 'merge_install': False, 'path': '/home/imr/ws-for-ov2slam/src/ov2slam-ros2', 'symlink_install': False, 'test_result_base': None}
[0.810s] Level 5:colcon.colcon_core.verb:set package 'teleop_twist_joy' build argument 'cmake_args' from command line to 'None'
[0.810s] Level 5:colcon.colcon_core.verb:set package 'teleop_twist_joy' build argument 'cmake_target' from command line to 'None'
[0.810s] Level 5:colcon.colcon_core.verb:set package 'teleop_twist_joy' build argument 'cmake_target_skip_unavailable' from command line to 'False'
[0.810s] Level 5:colcon.colcon_core.verb:set package 'teleop_twist_joy' build argument 'cmake_clean_cache' from command line to 'False'
[0.810s] Level 5:colcon.colcon_core.verb:set package 'teleop_twist_joy' build argument 'cmake_clean_first' from command line to 'False'
[0.810s] Level 5:colcon.colcon_core.verb:set package 'teleop_twist_joy' build argument 'cmake_force_configure' from command line to 'False'
[0.810s] Level 5:colcon.colcon_core.verb:set package 'teleop_twist_joy' build argument 'ament_cmake_args' from command line to 'None'
[0.810s] Level 5:colcon.colcon_core.verb:set package 'teleop_twist_joy' build argument 'catkin_cmake_args' from command line to 'None'
[0.810s] Level 5:colcon.colcon_core.verb:set package 'teleop_twist_joy' build argument 'catkin_skip_building_tests' from command line to 'False'
[0.810s] DEBUG:colcon.colcon_core.verb:Building package 'teleop_twist_joy' with the following arguments: {'ament_cmake_args': None, 'build_base': '/home/imr/ws-for-ov2slam/build/teleop_twist_joy', 'catkin_cmake_args': None, 'catkin_skip_building_tests': False, 'cmake_args': None, 'cmake_clean_cache': False, 'cmake_clean_first': False, 'cmake_force_configure': False, 'cmake_target': None, 'cmake_target_skip_unavailable': False, 'install_base': '/home/imr/ws-for-ov2slam/install/teleop_twist_joy', 'merge_install': False, 'path': '/home/imr/ws-for-ov2slam/src/teleop_twist_joy', 'symlink_install': False, 'test_result_base': None}
[0.810s] Level 5:colcon.colcon_core.verb:set package 'controller_launcher' build argument 'cmake_args' from command line to 'None'
[0.810s] Level 5:colcon.colcon_core.verb:set package 'controller_launcher' build argument 'cmake_target' from command line to 'None'
[0.810s] Level 5:colcon.colcon_core.verb:set package 'controller_launcher' build argument 'cmake_target_skip_unavailable' from command line to 'False'
[0.810s] Level 5:colcon.colcon_core.verb:set package 'controller_launcher' build argument 'cmake_clean_cache' from command line to 'False'
[0.810s] Level 5:colcon.colcon_core.verb:set package 'controller_launcher' build argument 'cmake_clean_first' from command line to 'False'
[0.810s] Level 5:colcon.colcon_core.verb:set package 'controller_launcher' build argument 'cmake_force_configure' from command line to 'False'
[0.810s] Level 5:colcon.colcon_core.verb:set package 'controller_launcher' build argument 'ament_cmake_args' from command line to 'None'
[0.810s] Level 5:colcon.colcon_core.verb:set package 'controller_launcher' build argument 'catkin_cmake_args' from command line to 'None'
[0.810s] Level 5:colcon.colcon_core.verb:set package 'controller_launcher' build argument 'catkin_skip_building_tests' from command line to 'False'
[0.811s] DEBUG:colcon.colcon_core.verb:Building package 'controller_launcher' with the following arguments: {'ament_cmake_args': None, 'build_base': '/home/imr/ws-for-ov2slam/build/controller_launcher', 'catkin_cmake_args': None, 'catkin_skip_building_tests': False, 'cmake_args': None, 'cmake_clean_cache': False, 'cmake_clean_first': False, 'cmake_force_configure': False, 'cmake_target': None, 'cmake_target_skip_unavailable': False, 'install_base': '/home/imr/ws-for-ov2slam/install/controller_launcher', 'merge_install': False, 'path': '/home/imr/ws-for-ov2slam/src/controller_launcher', 'symlink_install': False, 'test_result_base': None}
[0.811s] INFO:colcon.colcon_core.executor:Executing jobs using 'parallel' executor
[0.812s] DEBUG:colcon.colcon_parallel_executor.executor.parallel:run_until_complete
[0.812s] INFO:colcon.colcon_ros.task.ament_cmake.build:Building ROS package in '/home/imr/ws-for-ov2slam/src/kobuki_node' with build type 'ament_cmake'
[0.812s] INFO:colcon.colcon_cmake.task.cmake.build:Building CMake package in '/home/imr/ws-for-ov2slam/src/kobuki_node'
[0.816s] INFO:colcon.colcon_core.plugin_system:Skipping extension 'colcon_core.shell.bat': Not used on non-Windows systems
[0.816s] INFO:colcon.colcon_core.shell:Skip shell extension 'powershell' for command environment: Not usable outside of PowerShell
[0.816s] DEBUG:colcon.colcon_core.shell:Skip shell extension 'dsv' for command environment
[0.822s] INFO:colcon.colcon_ros.task.ament_cmake.build:Building ROS package in '/home/imr/ws-for-ov2slam/src/teleop_twist_joy' with build type 'ament_cmake'
[0.823s] INFO:colcon.colcon_cmake.task.cmake.build:Building CMake package in '/home/imr/ws-for-ov2slam/src/teleop_twist_joy'
[0.823s] INFO:colcon.colcon_core.shell:Skip shell extension 'powershell' for command environment: Not usable outside of PowerShell
[0.823s] DEBUG:colcon.colcon_core.shell:Skip shell extension 'dsv' for command environment
[0.829s] INFO:colcon.colcon_ros.task.ament_cmake.build:Building ROS package in '/home/imr/ws-for-ov2slam/src/ov2slam-ros2' with build type 'ament_cmake'
[0.829s] INFO:colcon.colcon_cmake.task.cmake.build:Building CMake package in '/home/imr/ws-for-ov2slam/src/ov2slam-ros2'
[0.830s] INFO:colcon.colcon_core.shell:Skip shell extension 'powershell' for command environment: Not usable outside of PowerShell
[0.830s] DEBUG:colcon.colcon_core.shell:Skip shell extension 'dsv' for command environment
[0.843s] DEBUG:colcon.colcon_core.event_handler.log_command:Invoking command in '/home/imr/ws-for-ov2slam/build/kobuki_node': CMAKE_PREFIX_PATH=${CMAKE_PREFIX_PATH}:/home/imr/jauremax_ros2/install/controller_launcher:/home/imr/install/controller_launcher:/home/imr/ws-for-ov2slam/install/controller_launcher:/home/imr/ws-for-ov2slam/src/install/controller_launcher:/home/imr/ws-for-ov2slam/src/install/teleop_twist_joy:/home/imr/ws-for-ov2slam/src/install/kobuki_node:/opt/ros/humble /usr/bin/cmake --build /home/imr/ws-for-ov2slam/build/kobuki_node -- -j4 -l4
[0.851s] DEBUG:colcon.colcon_core.event_handler.log_command:Invoking command in '/home/imr/ws-for-ov2slam/build/teleop_twist_joy': CMAKE_PREFIX_PATH=${CMAKE_PREFIX_PATH}:/home/imr/jauremax_ros2/install/controller_launcher:/home/imr/install/controller_launcher:/home/imr/ws-for-ov2slam/install/controller_launcher:/home/imr/ws-for-ov2slam/src/install/controller_launcher:/home/imr/ws-for-ov2slam/src/install/teleop_twist_joy:/home/imr/ws-for-ov2slam/src/install/kobuki_node:/opt/ros/humble /usr/bin/cmake --build /home/imr/ws-for-ov2slam/build/teleop_twist_joy -- -j4 -l4
[0.858s] DEBUG:colcon.colcon_core.event_handler.log_command:Invoking command in '/home/imr/ws-for-ov2slam/build/ov2slam': CMAKE_PREFIX_PATH=${CMAKE_PREFIX_PATH}:/home/imr/jauremax_ros2/install/controller_launcher:/home/imr/install/controller_launcher:/home/imr/ws-for-ov2slam/install/controller_launcher:/home/imr/ws-for-ov2slam/src/install/controller_launcher:/home/imr/ws-for-ov2slam/src/install/teleop_twist_joy:/home/imr/ws-for-ov2slam/src/install/kobuki_node:/opt/ros/humble /usr/bin/cmake --build /home/imr/ws-for-ov2slam/build/ov2slam -- -j4 -l4
[1.051s] DEBUG:colcon.colcon_core.event_handler.log_command:Invoked command in '/home/imr/ws-for-ov2slam/build/kobuki_node' returned '0': CMAKE_PREFIX_PATH=${CMAKE_PREFIX_PATH}:/home/imr/jauremax_ros2/install/controller_launcher:/home/imr/install/controller_launcher:/home/imr/ws-for-ov2slam/install/controller_launcher:/home/imr/ws-for-ov2slam/src/install/controller_launcher:/home/imr/ws-for-ov2slam/src/install/teleop_twist_joy:/home/imr/ws-for-ov2slam/src/install/kobuki_node:/opt/ros/humble /usr/bin/cmake --build /home/imr/ws-for-ov2slam/build/kobuki_node -- -j4 -l4
[1.066s] DEBUG:colcon.colcon_core.event_handler.log_command:Invoking command in '/home/imr/ws-for-ov2slam/build/kobuki_node': CMAKE_PREFIX_PATH=${CMAKE_PREFIX_PATH}:/home/imr/jauremax_ros2/install/controller_launcher:/home/imr/install/controller_launcher:/home/imr/ws-for-ov2slam/install/controller_launcher:/home/imr/ws-for-ov2slam/src/install/controller_launcher:/home/imr/ws-for-ov2slam/src/install/teleop_twist_joy:/home/imr/ws-for-ov2slam/src/install/kobuki_node:/opt/ros/humble /usr/bin/cmake --install /home/imr/ws-for-ov2slam/build/kobuki_node
[1.068s] DEBUG:colcon.colcon_core.event_handler.log_command:Invoked command in '/home/imr/ws-for-ov2slam/build/teleop_twist_joy' returned '0': CMAKE_PREFIX_PATH=${CMAKE_PREFIX_PATH}:/home/imr/jauremax_ros2/install/controller_launcher:/home/imr/install/controller_launcher:/home/imr/ws-for-ov2slam/install/controller_launcher:/home/imr/ws-for-ov2slam/src/install/controller_launcher:/home/imr/ws-for-ov2slam/src/install/teleop_twist_joy:/home/imr/ws-for-ov2slam/src/install/kobuki_node:/opt/ros/humble /usr/bin/cmake --build /home/imr/ws-for-ov2slam/build/teleop_twist_joy -- -j4 -l4
[1.071s] DEBUG:colcon.colcon_core.event_handler.log_command:Invoking command in '/home/imr/ws-for-ov2slam/build/teleop_twist_joy': CMAKE_PREFIX_PATH=${CMAKE_PREFIX_PATH}:/home/imr/jauremax_ros2/install/controller_launcher:/home/imr/install/controller_launcher:/home/imr/ws-for-ov2slam/install/controller_launcher:/home/imr/ws-for-ov2slam/src/install/controller_launcher:/home/imr/ws-for-ov2slam/src/install/teleop_twist_joy:/home/imr/ws-for-ov2slam/src/install/kobuki_node:/opt/ros/humble /usr/bin/cmake --install /home/imr/ws-for-ov2slam/build/teleop_twist_joy
[1.087s] Level 1:colcon.colcon_core.environment:create_environment_scripts_only(kobuki_node)
[1.091s] DEBUG:colcon.colcon_core.event_handler.log_command:Invoked command in '/home/imr/ws-for-ov2slam/build/kobuki_node' returned '0': CMAKE_PREFIX_PATH=${CMAKE_PREFIX_PATH}:/home/imr/jauremax_ros2/install/controller_launcher:/home/imr/install/controller_launcher:/home/imr/ws-for-ov2slam/install/controller_launcher:/home/imr/ws-for-ov2slam/src/install/controller_launcher:/home/imr/ws-for-ov2slam/src/install/teleop_twist_joy:/home/imr/ws-for-ov2slam/src/install/kobuki_node:/opt/ros/humble /usr/bin/cmake --install /home/imr/ws-for-ov2slam/build/kobuki_node
[1.099s] Level 1:colcon.colcon_core.environment:checking '/home/imr/ws-for-ov2slam/install/kobuki_node' for CMake module files
[1.099s] Level 1:colcon.colcon_core.environment:checking '/home/imr/ws-for-ov2slam/install/kobuki_node' for CMake config files
[1.099s] Level 1:colcon.colcon_core.shell:create_environment_hook('kobuki_node', 'cmake_prefix_path')
[1.100s] INFO:colcon.colcon_core.shell:Creating environment hook '/home/imr/ws-for-ov2slam/install/kobuki_node/share/kobuki_node/hook/cmake_prefix_path.ps1'
[1.101s] INFO:colcon.colcon_core.shell:Creating environment descriptor '/home/imr/ws-for-ov2slam/install/kobuki_node/share/kobuki_node/hook/cmake_prefix_path.dsv'
[1.101s] INFO:colcon.colcon_core.shell:Creating environment hook '/home/imr/ws-for-ov2slam/install/kobuki_node/share/kobuki_node/hook/cmake_prefix_path.sh'
[1.102s] Level 1:colcon.colcon_core.environment:checking '/home/imr/ws-for-ov2slam/install/kobuki_node/lib'
[1.103s] Level 1:colcon.colcon_core.shell:create_environment_hook('kobuki_node', 'ld_library_path_lib')
[1.103s] INFO:colcon.colcon_core.shell:Creating environment hook '/home/imr/ws-for-ov2slam/install/kobuki_node/share/kobuki_node/hook/ld_library_path_lib.ps1'
[1.103s] INFO:colcon.colcon_core.shell:Creating environment descriptor '/home/imr/ws-for-ov2slam/install/kobuki_node/share/kobuki_node/hook/ld_library_path_lib.dsv'
[1.104s] INFO:colcon.colcon_core.shell:Creating environment hook '/home/imr/ws-for-ov2slam/install/kobuki_node/share/kobuki_node/hook/ld_library_path_lib.sh'
[1.104s] Level 1:colcon.colcon_core.environment:checking '/home/imr/ws-for-ov2slam/install/kobuki_node/bin'
[1.104s] Level 1:colcon.colcon_core.environment:checking '/home/imr/ws-for-ov2slam/install/kobuki_node/lib/pkgconfig/kobuki_node.pc'
[1.104s] Level 1:colcon.colcon_core.environment:checking '/home/imr/ws-for-ov2slam/install/kobuki_node/lib/python3.10/site-packages'
[1.105s] Level 1:colcon.colcon_core.environment:checking '/home/imr/ws-for-ov2slam/install/kobuki_node/bin'
[1.105s] INFO:colcon.colcon_core.shell:Creating package script '/home/imr/ws-for-ov2slam/install/kobuki_node/share/kobuki_node/package.ps1'
[1.106s] INFO:colcon.colcon_core.shell:Creating package descriptor '/home/imr/ws-for-ov2slam/install/kobuki_node/share/kobuki_node/package.dsv'
[1.107s] INFO:colcon.colcon_core.shell:Creating package script '/home/imr/ws-for-ov2slam/install/kobuki_node/share/kobuki_node/package.sh'
[1.108s] INFO:colcon.colcon_core.shell:Creating package script '/home/imr/ws-for-ov2slam/install/kobuki_node/share/kobuki_node/package.bash'
[1.109s] INFO:colcon.colcon_core.shell:Creating package script '/home/imr/ws-for-ov2slam/install/kobuki_node/share/kobuki_node/package.zsh'
[1.110s] Level 1:colcon.colcon_core.environment:create_file_with_runtime_dependencies(/home/imr/ws-for-ov2slam/install/kobuki_node/share/colcon-core/packages/kobuki_node)
[1.110s] Level 1:colcon.colcon_core.environment:create_environment_scripts_only(kobuki_node)
[1.111s] Level 1:colcon.colcon_core.environment:checking '/home/imr/ws-for-ov2slam/install/kobuki_node' for CMake module files
[1.111s] Level 1:colcon.colcon_core.environment:checking '/home/imr/ws-for-ov2slam/install/kobuki_node' for CMake config files
[1.112s] Level 1:colcon.colcon_core.shell:create_environment_hook('kobuki_node', 'cmake_prefix_path')
[1.112s] INFO:colcon.colcon_core.shell:Creating environment hook '/home/imr/ws-for-ov2slam/install/kobuki_node/share/kobuki_node/hook/cmake_prefix_path.ps1'
[1.113s] INFO:colcon.colcon_core.shell:Creating environment descriptor '/home/imr/ws-for-ov2slam/install/kobuki_node/share/kobuki_node/hook/cmake_prefix_path.dsv'
[1.113s] INFO:colcon.colcon_core.shell:Creating environment hook '/home/imr/ws-for-ov2slam/install/kobuki_node/share/kobuki_node/hook/cmake_prefix_path.sh'
[1.113s] Level 1:colcon.colcon_core.environment:checking '/home/imr/ws-for-ov2slam/install/kobuki_node/lib'
[1.114s] Level 1:colcon.colcon_core.shell:create_environment_hook('kobuki_node', 'ld_library_path_lib')
[1.114s] INFO:colcon.colcon_core.shell:Creating environment hook '/home/imr/ws-for-ov2slam/install/kobuki_node/share/kobuki_node/hook/ld_library_path_lib.ps1'
[1.114s] INFO:colcon.colcon_core.shell:Creating environment descriptor '/home/imr/ws-for-ov2slam/install/kobuki_node/share/kobuki_node/hook/ld_library_path_lib.dsv'
[1.115s] INFO:colcon.colcon_core.shell:Creating environment hook '/home/imr/ws-for-ov2slam/install/kobuki_node/share/kobuki_node/hook/ld_library_path_lib.sh'
[1.115s] Level 1:colcon.colcon_core.environment:checking '/home/imr/ws-for-ov2slam/install/kobuki_node/bin'
[1.115s] Level 1:colcon.colcon_core.environment:checking '/home/imr/ws-for-ov2slam/install/kobuki_node/lib/pkgconfig/kobuki_node.pc'
[1.115s] Level 1:colcon.colcon_core.environment:checking '/home/imr/ws-for-ov2slam/install/kobuki_node/lib/python3.10/site-packages'
[1.115s] Level 1:colcon.colcon_core.environment:checking '/home/imr/ws-for-ov2slam/install/kobuki_node/bin'
[1.116s] INFO:colcon.colcon_core.shell:Creating package script '/home/imr/ws-for-ov2slam/install/kobuki_node/share/kobuki_node/package.ps1'
[1.116s] INFO:colcon.colcon_core.shell:Creating package descriptor '/home/imr/ws-for-ov2slam/install/kobuki_node/share/kobuki_node/package.dsv'
[1.117s] INFO:colcon.colcon_core.shell:Creating package script '/home/imr/ws-for-ov2slam/install/kobuki_node/share/kobuki_node/package.sh'
[1.117s] INFO:colcon.colcon_core.shell:Creating package script '/home/imr/ws-for-ov2slam/install/kobuki_node/share/kobuki_node/package.bash'
[1.118s] INFO:colcon.colcon_core.shell:Creating package script '/home/imr/ws-for-ov2slam/install/kobuki_node/share/kobuki_node/package.zsh'
[1.118s] Level 1:colcon.colcon_core.environment:create_file_with_runtime_dependencies(/home/imr/ws-for-ov2slam/install/kobuki_node/share/colcon-core/packages/kobuki_node)
[1.119s] Level 1:colcon.colcon_core.environment:create_environment_scripts_only(teleop_twist_joy)
[1.120s] DEBUG:colcon.colcon_core.event_handler.log_command:Invoked command in '/home/imr/ws-for-ov2slam/build/teleop_twist_joy' returned '0': CMAKE_PREFIX_PATH=${CMAKE_PREFIX_PATH}:/home/imr/jauremax_ros2/install/controller_launcher:/home/imr/install/controller_launcher:/home/imr/ws-for-ov2slam/install/controller_launcher:/home/imr/ws-for-ov2slam/src/install/controller_launcher:/home/imr/ws-for-ov2slam/src/install/teleop_twist_joy:/home/imr/ws-for-ov2slam/src/install/kobuki_node:/opt/ros/humble /usr/bin/cmake --install /home/imr/ws-for-ov2slam/build/teleop_twist_joy
[1.120s] Level 1:colcon.colcon_core.environment:checking '/home/imr/ws-for-ov2slam/install/teleop_twist_joy' for CMake module files
[1.121s] Level 1:colcon.colcon_core.environment:checking '/home/imr/ws-for-ov2slam/install/teleop_twist_joy' for CMake config files
[1.122s] Level 1:colcon.colcon_core.shell:create_environment_hook('teleop_twist_joy', 'cmake_prefix_path')
[1.123s] INFO:colcon.colcon_core.shell:Creating environment hook '/home/imr/ws-for-ov2slam/install/teleop_twist_joy/share/teleop_twist_joy/hook/cmake_prefix_path.ps1'
[1.123s] INFO:colcon.colcon_core.shell:Creating environment descriptor '/home/imr/ws-for-ov2slam/install/teleop_twist_joy/share/teleop_twist_joy/hook/cmake_prefix_path.dsv'
[1.124s] INFO:colcon.colcon_core.shell:Creating environment hook '/home/imr/ws-for-ov2slam/install/teleop_twist_joy/share/teleop_twist_joy/hook/cmake_prefix_path.sh'
[1.125s] Level 1:colcon.colcon_core.environment:checking '/home/imr/ws-for-ov2slam/install/teleop_twist_joy/lib'
[1.125s] Level 1:colcon.colcon_core.shell:create_environment_hook('teleop_twist_joy', 'ld_library_path_lib')
[1.125s] INFO:colcon.colcon_core.shell:Creating environment hook '/home/imr/ws-for-ov2slam/install/teleop_twist_joy/share/teleop_twist_joy/hook/ld_library_path_lib.ps1'
[1.126s] INFO:colcon.colcon_core.shell:Creating environment descriptor '/home/imr/ws-for-ov2slam/install/teleop_twist_joy/share/teleop_twist_joy/hook/ld_library_path_lib.dsv'
[1.126s] INFO:colcon.colcon_core.shell:Creating environment hook '/home/imr/ws-for-ov2slam/install/teleop_twist_joy/share/teleop_twist_joy/hook/ld_library_path_lib.sh'
[1.127s] Level 1:colcon.colcon_core.environment:checking '/home/imr/ws-for-ov2slam/install/teleop_twist_joy/bin'
[1.127s] Level 1:colcon.colcon_core.environment:checking '/home/imr/ws-for-ov2slam/install/teleop_twist_joy/lib/pkgconfig/teleop_twist_joy.pc'
[1.127s] Level 1:colcon.colcon_core.environment:checking '/home/imr/ws-for-ov2slam/install/teleop_twist_joy/lib/python3.10/site-packages'
[1.128s] Level 1:colcon.colcon_core.environment:checking '/home/imr/ws-for-ov2slam/install/teleop_twist_joy/bin'
[1.128s] INFO:colcon.colcon_core.shell:Creating package script '/home/imr/ws-for-ov2slam/install/teleop_twist_joy/share/teleop_twist_joy/package.ps1'
[1.128s] INFO:colcon.colcon_core.shell:Creating package descriptor '/home/imr/ws-for-ov2slam/install/teleop_twist_joy/share/teleop_twist_joy/package.dsv'
[1.129s] INFO:colcon.colcon_core.shell:Creating package script '/home/imr/ws-for-ov2slam/install/teleop_twist_joy/share/teleop_twist_joy/package.sh'
[1.129s] INFO:colcon.colcon_core.shell:Creating package script '/home/imr/ws-for-ov2slam/install/teleop_twist_joy/share/teleop_twist_joy/package.bash'
[1.130s] INFO:colcon.colcon_core.shell:Creating package script '/home/imr/ws-for-ov2slam/install/teleop_twist_joy/share/teleop_twist_joy/package.zsh'
[1.130s] Level 1:colcon.colcon_core.environment:create_file_with_runtime_dependencies(/home/imr/ws-for-ov2slam/install/teleop_twist_joy/share/colcon-core/packages/teleop_twist_joy)
[1.131s] Level 1:colcon.colcon_core.environment:create_environment_scripts_only(teleop_twist_joy)
[1.131s] Level 1:colcon.colcon_core.environment:checking '/home/imr/ws-for-ov2slam/install/teleop_twist_joy' for CMake module files
[1.131s] Level 1:colcon.colcon_core.environment:checking '/home/imr/ws-for-ov2slam/install/teleop_twist_joy' for CMake config files
[1.132s] Level 1:colcon.colcon_core.shell:create_environment_hook('teleop_twist_joy', 'cmake_prefix_path')
[1.132s] INFO:colcon.colcon_core.shell:Creating environment hook '/home/imr/ws-for-ov2slam/install/teleop_twist_joy/share/teleop_twist_joy/hook/cmake_prefix_path.ps1'
[1.132s] INFO:colcon.colcon_core.shell:Creating environment descriptor '/home/imr/ws-for-ov2slam/install/teleop_twist_joy/share/teleop_twist_joy/hook/cmake_prefix_path.dsv'
[1.133s] INFO:colcon.colcon_core.shell:Creating environment hook '/home/imr/ws-for-ov2slam/install/teleop_twist_joy/share/teleop_twist_joy/hook/cmake_prefix_path.sh'
[1.133s] Level 1:colcon.colcon_core.environment:checking '/home/imr/ws-for-ov2slam/install/teleop_twist_joy/lib'
[1.133s] Level 1:colcon.colcon_core.shell:create_environment_hook('teleop_twist_joy', 'ld_library_path_lib')
[1.134s] INFO:colcon.colcon_core.shell:Creating environment hook '/home/imr/ws-for-ov2slam/install/teleop_twist_joy/share/teleop_twist_joy/hook/ld_library_path_lib.ps1'
[1.134s] INFO:colcon.colcon_core.shell:Creating environment descriptor '/home/imr/ws-for-ov2slam/install/teleop_twist_joy/share/teleop_twist_joy/hook/ld_library_path_lib.dsv'
[1.134s] INFO:colcon.colcon_core.shell:Creating environment hook '/home/imr/ws-for-ov2slam/install/teleop_twist_joy/share/teleop_twist_joy/hook/ld_library_path_lib.sh'
[1.135s] Level 1:colcon.colcon_core.environment:checking '/home/imr/ws-for-ov2slam/install/teleop_twist_joy/bin'
[1.135s] Level 1:colcon.colcon_core.environment:checking '/home/imr/ws-for-ov2slam/install/teleop_twist_joy/lib/pkgconfig/teleop_twist_joy.pc'
[1.136s] Level 1:colcon.colcon_core.environment:checking '/home/imr/ws-for-ov2slam/install/teleop_twist_joy/lib/python3.10/site-packages'
[1.137s] Level 1:colcon.colcon_core.environment:checking '/home/imr/ws-for-ov2slam/install/teleop_twist_joy/bin'
[1.138s] INFO:colcon.colcon_core.shell:Creating package script '/home/imr/ws-for-ov2slam/install/teleop_twist_joy/share/teleop_twist_joy/package.ps1'
[1.140s] INFO:colcon.colcon_core.shell:Creating package descriptor '/home/imr/ws-for-ov2slam/install/teleop_twist_joy/share/teleop_twist_joy/package.dsv'
[1.140s] INFO:colcon.colcon_core.shell:Creating package script '/home/imr/ws-for-ov2slam/install/teleop_twist_joy/share/teleop_twist_joy/package.sh'
[1.141s] INFO:colcon.colcon_core.shell:Creating package script '/home/imr/ws-for-ov2slam/install/teleop_twist_joy/share/teleop_twist_joy/package.bash'
[1.141s] INFO:colcon.colcon_core.shell:Creating package script '/home/imr/ws-for-ov2slam/install/teleop_twist_joy/share/teleop_twist_joy/package.zsh'
[1.142s] Level 1:colcon.colcon_core.environment:create_file_with_runtime_dependencies(/home/imr/ws-for-ov2slam/install/teleop_twist_joy/share/colcon-core/packages/teleop_twist_joy)
[1.142s] INFO:colcon.colcon_ros.task.ament_python.build:Building ROS package in '/home/imr/ws-for-ov2slam/src/controller_launcher' with build type 'ament_python'
[1.142s] Level 1:colcon.colcon_core.shell:create_environment_hook('controller_launcher', 'ament_prefix_path')
[1.142s] INFO:colcon.colcon_core.shell:Creating environment hook '/home/imr/ws-for-ov2slam/install/controller_launcher/share/controller_launcher/hook/ament_prefix_path.ps1'
[1.143s] INFO:colcon.colcon_core.shell:Creating environment descriptor '/home/imr/ws-for-ov2slam/install/controller_launcher/share/controller_launcher/hook/ament_prefix_path.dsv'
[1.144s] INFO:colcon.colcon_core.shell:Creating environment hook '/home/imr/ws-for-ov2slam/install/controller_launcher/share/controller_launcher/hook/ament_prefix_path.sh'
[1.145s] INFO:colcon.colcon_core.shell:Skip shell extension 'powershell' for command environment: Not usable outside of PowerShell
[1.145s] DEBUG:colcon.colcon_core.shell:Skip shell extension 'dsv' for command environment
[1.153s] DEBUG:colcon.colcon_core.event_handler.log_command:Invoked command in '/home/imr/ws-for-ov2slam/build/ov2slam' returned '0': CMAKE_PREFIX_PATH=${CMAKE_PREFIX_PATH}:/home/imr/jauremax_ros2/install/controller_launcher:/home/imr/install/controller_launcher:/home/imr/ws-for-ov2slam/install/controller_launcher:/home/imr/ws-for-ov2slam/src/install/controller_launcher:/home/imr/ws-for-ov2slam/src/install/teleop_twist_joy:/home/imr/ws-for-ov2slam/src/install/kobuki_node:/opt/ros/humble /usr/bin/cmake --build /home/imr/ws-for-ov2slam/build/ov2slam -- -j4 -l4
[1.156s] DEBUG:colcon.colcon_core.event_handler.log_command:Invoking command in '/home/imr/ws-for-ov2slam/build/ov2slam': CMAKE_PREFIX_PATH=${CMAKE_PREFIX_PATH}:/home/imr/jauremax_ros2/install/controller_launcher:/home/imr/install/controller_launcher:/home/imr/ws-for-ov2slam/install/controller_launcher:/home/imr/ws-for-ov2slam/src/install/controller_launcher:/home/imr/ws-for-ov2slam/src/install/teleop_twist_joy:/home/imr/ws-for-ov2slam/src/install/kobuki_node:/opt/ros/humble /usr/bin/cmake --install /home/imr/ws-for-ov2slam/build/ov2slam
[1.596s] INFO:colcon.colcon_core.task.python.build:Building Python package in '/home/imr/ws-for-ov2slam/src/controller_launcher'
[1.597s] INFO:colcon.colcon_core.shell:Skip shell extension 'powershell' for command environment: Not usable outside of PowerShell
[1.597s] DEBUG:colcon.colcon_core.shell:Skip shell extension 'dsv' for command environment
[1.603s] Level 1:colcon.colcon_core.environment:create_environment_scripts_only(ov2slam)
[1.604s] Level 1:colcon.colcon_core.environment:checking '/home/imr/ws-for-ov2slam/install/ov2slam' for CMake module files
[1.605s] DEBUG:colcon.colcon_core.event_handler.log_command:Invoked command in '/home/imr/ws-for-ov2slam/build/ov2slam' returned '0': CMAKE_PREFIX_PATH=${CMAKE_PREFIX_PATH}:/home/imr/jauremax_ros2/install/controller_launcher:/home/imr/install/controller_launcher:/home/imr/ws-for-ov2slam/install/controller_launcher:/home/imr/ws-for-ov2slam/src/install/controller_launcher:/home/imr/ws-for-ov2slam/src/install/teleop_twist_joy:/home/imr/ws-for-ov2slam/src/install/kobuki_node:/opt/ros/humble /usr/bin/cmake --install /home/imr/ws-for-ov2slam/build/ov2slam
[1.605s] Level 1:colcon.colcon_core.environment:checking '/home/imr/ws-for-ov2slam/install/ov2slam' for CMake config files
[1.606s] Level 1:colcon.colcon_core.shell:create_environment_hook('ov2slam', 'cmake_prefix_path')
[1.606s] INFO:colcon.colcon_core.shell:Creating environment hook '/home/imr/ws-for-ov2slam/install/ov2slam/share/ov2slam/hook/cmake_prefix_path.ps1'
[1.607s] INFO:colcon.colcon_core.shell:Creating environment descriptor '/home/imr/ws-for-ov2slam/install/ov2slam/share/ov2slam/hook/cmake_prefix_path.dsv'
[1.607s] INFO:colcon.colcon_core.shell:Creating environment hook '/home/imr/ws-for-ov2slam/install/ov2slam/share/ov2slam/hook/cmake_prefix_path.sh'
[1.608s] Level 1:colcon.colcon_core.environment:checking '/home/imr/ws-for-ov2slam/install/ov2slam/lib'
[1.608s] Level 1:colcon.colcon_core.shell:create_environment_hook('ov2slam', 'ld_library_path_lib')
[1.608s] INFO:colcon.colcon_core.shell:Creating environment hook '/home/imr/ws-for-ov2slam/install/ov2slam/share/ov2slam/hook/ld_library_path_lib.ps1'
[1.608s] INFO:colcon.colcon_core.shell:Creating environment descriptor '/home/imr/ws-for-ov2slam/install/ov2slam/share/ov2slam/hook/ld_library_path_lib.dsv'
[1.609s] INFO:colcon.colcon_core.shell:Creating environment hook '/home/imr/ws-for-ov2slam/install/ov2slam/share/ov2slam/hook/ld_library_path_lib.sh'
[1.609s] Level 1:colcon.colcon_core.environment:checking '/home/imr/ws-for-ov2slam/install/ov2slam/bin'
[1.609s] Level 1:colcon.colcon_core.environment:checking '/home/imr/ws-for-ov2slam/install/ov2slam/lib/pkgconfig/ov2slam.pc'
[1.610s] Level 1:colcon.colcon_core.environment:checking '/home/imr/ws-for-ov2slam/install/ov2slam/lib/python3.10/site-packages'
[1.610s] Level 1:colcon.colcon_core.environment:checking '/home/imr/ws-for-ov2slam/install/ov2slam/bin'
[1.610s] INFO:colcon.colcon_core.shell:Creating package script '/home/imr/ws-for-ov2slam/install/ov2slam/share/ov2slam/package.ps1'
[1.611s] INFO:colcon.colcon_core.shell:Creating package descriptor '/home/imr/ws-for-ov2slam/install/ov2slam/share/ov2slam/package.dsv'
[1.611s] INFO:colcon.colcon_core.shell:Creating package script '/home/imr/ws-for-ov2slam/install/ov2slam/share/ov2slam/package.sh'
[1.612s] INFO:colcon.colcon_core.shell:Creating package script '/home/imr/ws-for-ov2slam/install/ov2slam/share/ov2slam/package.bash'
[1.612s] INFO:colcon.colcon_core.shell:Creating package script '/home/imr/ws-for-ov2slam/install/ov2slam/share/ov2slam/package.zsh'
[1.612s] Level 1:colcon.colcon_core.environment:create_file_with_runtime_dependencies(/home/imr/ws-for-ov2slam/install/ov2slam/share/colcon-core/packages/ov2slam)
[1.613s] Level 1:colcon.colcon_core.environment:create_environment_scripts_only(ov2slam)
[1.613s] Level 1:colcon.colcon_core.environment:checking '/home/imr/ws-for-ov2slam/install/ov2slam' for CMake module files
[1.614s] Level 1:colcon.colcon_core.environment:checking '/home/imr/ws-for-ov2slam/install/ov2slam' for CMake config files
[1.614s] Level 1:colcon.colcon_core.shell:create_environment_hook('ov2slam', 'cmake_prefix_path')
[1.615s] INFO:colcon.colcon_core.shell:Creating environment hook '/home/imr/ws-for-ov2slam/install/ov2slam/share/ov2slam/hook/cmake_prefix_path.ps1'
[1.615s] INFO:colcon.colcon_core.shell:Creating environment descriptor '/home/imr/ws-for-ov2slam/install/ov2slam/share/ov2slam/hook/cmake_prefix_path.dsv'
[1.615s] INFO:colcon.colcon_core.shell:Creating environment hook '/home/imr/ws-for-ov2slam/install/ov2slam/share/ov2slam/hook/cmake_prefix_path.sh'
[1.616s] Level 1:colcon.colcon_core.environment:checking '/home/imr/ws-for-ov2slam/install/ov2slam/lib'
[1.616s] Level 1:colcon.colcon_core.shell:create_environment_hook('ov2slam', 'ld_library_path_lib')
[1.616s] INFO:colcon.colcon_core.shell:Creating environment hook '/home/imr/ws-for-ov2slam/install/ov2slam/share/ov2slam/hook/ld_library_path_lib.ps1'
[1.616s] INFO:colcon.colcon_core.shell:Creating environment descriptor '/home/imr/ws-for-ov2slam/install/ov2slam/share/ov2slam/hook/ld_library_path_lib.dsv'
[1.617s] INFO:colcon.colcon_core.shell:Creating environment hook '/home/imr/ws-for-ov2slam/install/ov2slam/share/ov2slam/hook/ld_library_path_lib.sh'
[1.617s] Level 1:colcon.colcon_core.environment:checking '/home/imr/ws-for-ov2slam/install/ov2slam/bin'
[1.617s] Level 1:colcon.colcon_core.environment:checking '/home/imr/ws-for-ov2slam/install/ov2slam/lib/pkgconfig/ov2slam.pc'
[1.617s] Level 1:colcon.colcon_core.environment:checking '/home/imr/ws-for-ov2slam/install/ov2slam/lib/python3.10/site-packages'
[1.618s] Level 1:colcon.colcon_core.environment:checking '/home/imr/ws-for-ov2slam/install/ov2slam/bin'
[1.618s] INFO:colcon.colcon_core.shell:Creating package script '/home/imr/ws-for-ov2slam/install/ov2slam/share/ov2slam/package.ps1'
[1.619s] INFO:colcon.colcon_core.shell:Creating package descriptor '/home/imr/ws-for-ov2slam/install/ov2slam/share/ov2slam/package.dsv'
[1.619s] INFO:colcon.colcon_core.shell:Creating package script '/home/imr/ws-for-ov2slam/install/ov2slam/share/ov2slam/package.sh'
[1.620s] INFO:colcon.colcon_core.shell:Creating package script '/home/imr/ws-for-ov2slam/install/ov2slam/share/ov2slam/package.bash'
[1.620s] INFO:colcon.colcon_core.shell:Creating package script '/home/imr/ws-for-ov2slam/install/ov2slam/share/ov2slam/package.zsh'
[1.620s] Level 1:colcon.colcon_core.environment:create_file_with_runtime_dependencies(/home/imr/ws-for-ov2slam/install/ov2slam/share/colcon-core/packages/ov2slam)
[2.480s] DEBUG:colcon.colcon_core.event_handler.log_command:Invoking command in '/home/imr/ws-for-ov2slam/src/controller_launcher': CMAKE_PREFIX_PATH=/home/imr/ws-for-ov2slam/install/teleop_twist_joy:/home/imr/ws-for-ov2slam/install/kobuki_node:/home/imr/jauremax_ros2/install/teleop_twist_joy:/home/imr/jauremax_ros2/install/kobuki_node:/home/imr/ros2_ws/install/realsense2_description:/home/imr/ros2_ws/install/realsense2_camera:/home/imr/ros2_ws/install/realsense2_camera_msgs:/home/imr/ws-for-ov2slam/install/ov2slam:/home/imr/ws-for-ov2slam/src/install/librealsense2 LD_LIBRARY_PATH=/home/imr/ws-for-ov2slam/install/teleop_twist_joy/lib:/home/imr/ws-for-ov2slam/install/kobuki_node/lib:/usr/local/lib:/home/imr/jauremax_ros2/install/teleop_twist_joy/lib:/home/imr/jauremax_ros2/install/kobuki_node/lib:/home/imr/ros2_ws/install/realsense2_camera/lib:/home/imr/ros2_ws/install/realsense2_camera_msgs/lib:/home/imr/ws-for-ov2slam/install/ov2slam/lib:/home/imr/ws-for-ov2slam/src/install/teleop_twist_joy/lib:/home/imr/ws-for-ov2slam/src/install/librealsense2/lib:/opt/ros/humble/opt/rviz_ogre_vendor/lib:/opt/ros/humble/lib/x86_64-linux-gnu:/opt/ros/humble/lib PYTHONPATH=/home/imr/ws-for-ov2slam/build/controller_launcher/prefix_override:/usr/lib/python3/dist-packages/colcon_core/task/python/colcon_distutils_commands:/home/imr/ws-for-ov2slam/install/controller_launcher/lib/python3.10/site-packages:${PYTHONPATH} /usr/bin/python3 -W ignore:setup.py install is deprecated -W ignore:easy_install command is deprecated setup.py egg_info --egg-base ../../build/controller_launcher build --build-base /home/imr/ws-for-ov2slam/build/controller_launcher/build install --record /home/imr/ws-for-ov2slam/build/controller_launcher/install.log --single-version-externally-managed install_data
[3.219s] Level 1:colcon.colcon_core.environment:checking '/home/imr/ws-for-ov2slam/install/controller_launcher' for CMake module files
[3.220s] DEBUG:colcon.colcon_core.event_handler.log_command:Invoked command in '/home/imr/ws-for-ov2slam/src/controller_launcher' returned '0': CMAKE_PREFIX_PATH=/home/imr/ws-for-ov2slam/install/teleop_twist_joy:/home/imr/ws-for-ov2slam/install/kobuki_node:/home/imr/jauremax_ros2/install/teleop_twist_joy:/home/imr/jauremax_ros2/install/kobuki_node:/home/imr/ros2_ws/install/realsense2_description:/home/imr/ros2_ws/install/realsense2_camera:/home/imr/ros2_ws/install/realsense2_camera_msgs:/home/imr/ws-for-ov2slam/install/ov2slam:/home/imr/ws-for-ov2slam/src/install/librealsense2 LD_LIBRARY_PATH=/home/imr/ws-for-ov2slam/install/teleop_twist_joy/lib:/home/imr/ws-for-ov2slam/install/kobuki_node/lib:/usr/local/lib:/home/imr/jauremax_ros2/install/teleop_twist_joy/lib:/home/imr/jauremax_ros2/install/kobuki_node/lib:/home/imr/ros2_ws/install/realsense2_camera/lib:/home/imr/ros2_ws/install/realsense2_camera_msgs/lib:/home/imr/ws-for-ov2slam/install/ov2slam/lib:/home/imr/ws-for-ov2slam/src/install/teleop_twist_joy/lib:/home/imr/ws-for-ov2slam/src/install/librealsense2/lib:/opt/ros/humble/opt/rviz_ogre_vendor/lib:/opt/ros/humble/lib/x86_64-linux-gnu:/opt/ros/humble/lib PYTHONPATH=/home/imr/ws-for-ov2slam/build/controller_launcher/prefix_override:/usr/lib/python3/dist-packages/colcon_core/task/python/colcon_distutils_commands:/home/imr/ws-for-ov2slam/install/controller_launcher/lib/python3.10/site-packages:${PYTHONPATH} /usr/bin/python3 -W ignore:setup.py install is deprecated -W ignore:easy_install command is deprecated setup.py egg_info --egg-base ../../build/controller_launcher build --build-base /home/imr/ws-for-ov2slam/build/controller_launcher/build install --record /home/imr/ws-for-ov2slam/build/controller_launcher/install.log --single-version-externally-managed install_data
[3.220s] Level 1:colcon.colcon_core.environment:checking '/home/imr/ws-for-ov2slam/install/controller_launcher' for CMake config files
[3.221s] Level 1:colcon.colcon_core.environment:checking '/home/imr/ws-for-ov2slam/install/controller_launcher/lib'
[3.221s] Level 1:colcon.colcon_core.environment:checking '/home/imr/ws-for-ov2slam/install/controller_launcher/bin'
[3.221s] Level 1:colcon.colcon_core.environment:checking '/home/imr/ws-for-ov2slam/install/controller_launcher/lib/pkgconfig/controller_launcher.pc'
[3.221s] Level 1:colcon.colcon_core.environment:checking '/home/imr/ws-for-ov2slam/install/controller_launcher/lib/python3.10/site-packages'
[3.221s] Level 1:colcon.colcon_core.shell:create_environment_hook('controller_launcher', 'pythonpath')
[3.221s] INFO:colcon.colcon_core.shell:Creating environment hook '/home/imr/ws-for-ov2slam/install/controller_launcher/share/controller_launcher/hook/pythonpath.ps1'
[3.222s] INFO:colcon.colcon_core.shell:Creating environment descriptor '/home/imr/ws-for-ov2slam/install/controller_launcher/share/controller_launcher/hook/pythonpath.dsv'
[3.222s] INFO:colcon.colcon_core.shell:Creating environment hook '/home/imr/ws-for-ov2slam/install/controller_launcher/share/controller_launcher/hook/pythonpath.sh'
[3.223s] Level 1:colcon.colcon_core.environment:checking '/home/imr/ws-for-ov2slam/install/controller_launcher/bin'
[3.223s] Level 1:colcon.colcon_core.environment:create_environment_scripts_only(controller_launcher)
[3.223s] INFO:colcon.colcon_core.shell:Creating package script '/home/imr/ws-for-ov2slam/install/controller_launcher/share/controller_launcher/package.ps1'
[3.223s] INFO:colcon.colcon_core.shell:Creating package descriptor '/home/imr/ws-for-ov2slam/install/controller_launcher/share/controller_launcher/package.dsv'
[3.224s] INFO:colcon.colcon_core.shell:Creating package script '/home/imr/ws-for-ov2slam/install/controller_launcher/share/controller_launcher/package.sh'
[3.224s] INFO:colcon.colcon_core.shell:Creating package script '/home/imr/ws-for-ov2slam/install/controller_launcher/share/controller_launcher/package.bash'
[3.225s] INFO:colcon.colcon_core.shell:Creating package script '/home/imr/ws-for-ov2slam/install/controller_launcher/share/controller_launcher/package.zsh'
[3.225s] Level 1:colcon.colcon_core.environment:create_file_with_runtime_dependencies(/home/imr/ws-for-ov2slam/install/controller_launcher/share/colcon-core/packages/controller_launcher)
[3.225s] DEBUG:colcon.colcon_parallel_executor.executor.parallel:closing loop
[3.226s] DEBUG:colcon.colcon_parallel_executor.executor.parallel:loop closed
[3.226s] DEBUG:colcon.colcon_parallel_executor.executor.parallel:run_until_complete finished with '0'
[3.226s] DEBUG:colcon.colcon_core.event_reactor:joining thread
[3.233s] INFO:colcon.colcon_core.plugin_system:Skipping extension 'colcon_notification.desktop_notification.terminal_notifier': Not used on non-Darwin systems
[3.234s] INFO:colcon.colcon_core.plugin_system:Skipping extension 'colcon_notification.desktop_notification.win32': Not used on non-Windows systems
[3.234s] INFO:colcon.colcon_notification.desktop_notification:Sending desktop notification using 'notify2'
[3.258s] DEBUG:colcon.colcon_core.event_reactor:joined thread
[3.259s] INFO:colcon.colcon_core.shell:Creating prefix script '/home/imr/ws-for-ov2slam/install/local_setup.ps1'
[3.261s] INFO:colcon.colcon_core.shell:Creating prefix util module '/home/imr/ws-for-ov2slam/install/_local_setup_util_ps1.py'
[3.264s] INFO:colcon.colcon_core.shell:Creating prefix chain script '/home/imr/ws-for-ov2slam/install/setup.ps1'
[3.267s] INFO:colcon.colcon_core.shell:Creating prefix script '/home/imr/ws-for-ov2slam/install/local_setup.sh'
[3.268s] INFO:colcon.colcon_core.shell:Creating prefix util module '/home/imr/ws-for-ov2slam/install/_local_setup_util_sh.py'
[3.269s] INFO:colcon.colcon_core.shell:Creating prefix chain script '/home/imr/ws-for-ov2slam/install/setup.sh'
[3.272s] INFO:colcon.colcon_core.shell:Creating prefix script '/home/imr/ws-for-ov2slam/install/local_setup.bash'
[3.273s] INFO:colcon.colcon_core.shell:Creating prefix chain script '/home/imr/ws-for-ov2slam/install/setup.bash'
[3.276s] INFO:colcon.colcon_core.shell:Creating prefix script '/home/imr/ws-for-ov2slam/install/local_setup.zsh'
[3.277s] INFO:colcon.colcon_core.shell:Creating prefix chain script '/home/imr/ws-for-ov2slam/install/setup.zsh'
