running egg_info
creating ../../build/controller_launcher/controller_launcher.egg-info
writing ../../build/controller_launcher/controller_launcher.egg-info/PKG-INFO
writing dependency_links to ../../build/controller_launcher/controller_launcher.egg-info/dependency_links.txt
writing requirements to ../../build/controller_launcher/controller_launcher.egg-info/requires.txt
writing top-level names to ../../build/controller_launcher/controller_launcher.egg-info/top_level.txt
writing manifest file '../../build/controller_launcher/controller_launcher.egg-info/SOURCES.txt'
reading manifest file '../../build/controller_launcher/controller_launcher.egg-info/SOURCES.txt'
writing manifest file '../../build/controller_launcher/controller_launcher.egg-info/SOURCES.txt'
running build
running build_py
creating /home/imr/ws-for-ov2slam/build/controller_launcher/build
creating /home/imr/ws-for-ov2slam/build/controller_launcher/build/lib
creating /home/imr/ws-for-ov2slam/build/controller_launcher/build/lib/controller_launcher
copying controller_launcher/__init__.py -> /home/imr/ws-for-ov2slam/build/controller_launcher/build/lib/controller_launcher
running install
running install_lib
creating /home/imr/ws-for-ov2slam/install/controller_launcher/lib/python3.10/site-packages/controller_launcher
copying /home/imr/ws-for-ov2slam/build/controller_launcher/build/lib/controller_launcher/__init__.py -> /home/imr/ws-for-ov2slam/install/controller_launcher/lib/python3.10/site-packages/controller_launcher
byte-compiling /home/imr/ws-for-ov2slam/install/controller_launcher/lib/python3.10/site-packages/controller_launcher/__init__.py to __init__.cpython-310.pyc
running install_data
creating /home/imr/ws-for-ov2slam/install/controller_launcher/share/ament_index
creating /home/imr/ws-for-ov2slam/install/controller_launcher/share/ament_index/resource_index
creating /home/imr/ws-for-ov2slam/install/controller_launcher/share/ament_index/resource_index/packages
copying resource/controller_launcher -> /home/imr/ws-for-ov2slam/install/controller_launcher/share/ament_index/resource_index/packages
copying package.xml -> /home/imr/ws-for-ov2slam/install/controller_launcher/share/controller_launcher
creating /home/imr/ws-for-ov2slam/install/controller_launcher/share/controller_launcher/launch
copying launch/controller_launch.py -> /home/imr/ws-for-ov2slam/install/controller_launcher/share/controller_launcher/launch
running install_egg_info
Copying ../../build/controller_launcher/controller_launcher.egg-info to /home/imr/ws-for-ov2slam/install/controller_launcher/lib/python3.10/site-packages/controller_launcher-0.0.1-py3.10.egg-info
running install_scripts
writing list of installed files to '/home/imr/ws-for-ov2slam/build/controller_launcher/install.log'
