[0.014s] Invoking command in '/home/imr/jauremax_ros2/src/build/teleop_twist_joy': CMAKE_PREFIX_PATH=${CMAKE_PREFIX_PATH}:/home/imr/jauremax_ros2/install/controller_launcher:/home/imr/install/controller_launcher:/opt/ros/humble /usr/bin/cmake /home/imr/jauremax_ros2/src/teleop_twist_joy -DCMAKE_INSTALL_PREFIX=/home/imr/jauremax_ros2/src/install/teleop_twist_joy
[0.086s] -- The C compiler identification is GNU 11.4.0
[0.161s] -- The CXX compiler identification is GNU 11.4.0
[0.172s] -- Detecting C compiler ABI info
[0.245s] -- Detecting C compiler ABI info - done
[0.252s] -- Check for working C compiler: /usr/bin/cc - skipped
[0.253s] -- Detecting C compile features
[0.254s] -- Detecting C compile features - done
[0.257s] -- Detecting CXX compiler ABI info
[0.342s] -- Detecting CXX compiler ABI info - done
[0.355s] -- Check for working CXX compiler: /usr/bin/c++ - skipped
[0.356s] -- Detecting CXX compile features
[0.356s] -- Detecting CXX compile features - done
[0.362s] -- Found ament_cmake: 1.3.11 (/opt/ros/humble/share/ament_cmake/cmake)
[1.134s] -- Found Python3: /usr/bin/python3 (found version "3.10.12") found components: Interpreter 
[1.258s] -- Found geometry_msgs: 4.8.0 (/opt/ros/humble/share/geometry_msgs/cmake)
[1.307s] -- Found rosidl_generator_c: 3.1.6 (/opt/ros/humble/share/rosidl_generator_c/cmake)
[1.313s] -- Found rosidl_adapter: 3.1.6 (/opt/ros/humble/share/rosidl_adapter/cmake)
[1.324s] -- Found rosidl_generator_cpp: 3.1.6 (/opt/ros/humble/share/rosidl_generator_cpp/cmake)
[1.339s] -- Using all available rosidl_typesupport_c: rosidl_typesupport_fastrtps_c;rosidl_typesupport_introspection_c
[1.358s] -- Using all available rosidl_typesupport_cpp: rosidl_typesupport_fastrtps_cpp;rosidl_typesupport_introspection_cpp
[1.404s] -- Found rclcpp: 16.0.12 (/opt/ros/humble/share/rclcpp/cmake)
[1.452s] -- Found rmw_implementation_cmake: 6.1.2 (/opt/ros/humble/share/rmw_implementation_cmake/cmake)
[1.455s] -- Found rmw_fastrtps_cpp: 6.2.7 (/opt/ros/humble/share/rmw_fastrtps_cpp/cmake)
[1.554s] -- Found OpenSSL: /usr/lib/x86_64-linux-gnu/libcrypto.so (found version "3.0.2")  
[1.585s] -- Found FastRTPS: /opt/ros/humble/include  
[1.642s] -- Using RMW implementation 'rmw_fastrtps_cpp' as default
[1.657s] -- Looking for pthread.h
[1.735s] -- Looking for pthread.h - found
[1.735s] -- Performing Test CMAKE_HAVE_LIBC_PTHREAD
[1.814s] -- Performing Test CMAKE_HAVE_LIBC_PTHREAD - Success
[1.815s] -- Found Threads: TRUE  
[1.872s] -- Found rclcpp_components: 16.0.12 (/opt/ros/humble/share/rclcpp_components/cmake)
[1.906s] -- Found sensor_msgs: 4.8.0 (/opt/ros/humble/share/sensor_msgs/cmake)
[1.929s] -- Performing Test COMPILER_HAS_HIDDEN_VISIBILITY
[2.017s] -- Performing Test COMPILER_HAS_HIDDEN_VISIBILITY - Success
[2.018s] -- Performing Test COMPILER_HAS_HIDDEN_INLINE_VISIBILITY
[2.102s] -- Performing Test COMPILER_HAS_HIDDEN_INLINE_VISIBILITY - Success
[2.103s] -- Performing Test COMPILER_HAS_DEPRECATED_ATTR
[2.187s] -- Performing Test COMPILER_HAS_DEPRECATED_ATTR - Success
[2.192s] -- Found ament_lint_auto: 0.12.12 (/opt/ros/humble/share/ament_lint_auto/cmake)
[2.295s] -- Found python_cmake_module: 0.10.0 (/opt/ros/humble/share/python_cmake_module/cmake)
[2.320s] -- Found PythonInterp: /usr/bin/python3 (found suitable version "3.10.12", minimum required is "3.6") 
[2.327s] -- Found PythonLibs: /usr/lib/x86_64-linux-gnu/libpython3.10.so (found suitable version "3.10.12", minimum required is "3.5") 
[2.327s] -- Using PYTHON_EXECUTABLE: /usr/bin/python3
[2.327s] -- Using PYTHON_INCLUDE_DIRS: /usr/include/python3.10
[2.327s] -- Using PYTHON_LIBRARIES: /usr/lib/x86_64-linux-gnu/libpython3.10.so
[2.352s] -- Found PythonExtra: .so  
[2.377s] -- Added test 'cppcheck' to perform static code analysis on C / C++ code
[2.377s] -- Configured cppcheck include dirs: $<BUILD_INTERFACE:/home/imr/jauremax_ros2/src/teleop_twist_joy/include>
[2.377s] -- Configured cppcheck exclude dirs and/or files: 
[2.382s] -- Added test 'cpplint' to check C / C++ code against the Google style
[2.382s] -- Configured cpplint exclude dirs and/or files: 
[2.383s] -- Added test 'flake8' to check Python code syntax and style conventions
[2.385s] -- Added test 'lint_cmake' to check CMake code style
[2.386s] -- Added test 'pep257' to check Python code against some of the docstring style conventions in PEP 257
[2.391s] -- Added test 'uncrustify' to check C / C++ code style
[2.391s] -- Configured uncrustify additional arguments: 
[2.392s] -- Added test 'xmllint' to check XML markup files
[2.395s] -- Configuring done
[2.412s] -- Generating done
[2.418s] -- Build files have been written to: /home/imr/jauremax_ros2/src/build/teleop_twist_joy
