[0.024s] Invoking command in '/home/imr/jauremax_ros2/src/build/kobuki_node': CMAKE_PREFIX_PATH=${CMAKE_PREFIX_PATH}:/home/imr/jauremax_ros2/install/controller_launcher:/home/imr/install/controller_launcher:/opt/ros/humble /usr/bin/cmake /home/imr/jauremax_ros2/src/kobuki_node -DCMAKE_INSTALL_PREFIX=/home/imr/jauremax_ros2/src/install/kobuki_node
[0.045s] -- Found ament_cmake_ros: 0.10.0 (/opt/ros/humble/share/ament_cmake_ros/cmake)
[0.449s] -- Found angles: 1.15.0 (/opt/ros/humble/share/angles/cmake)
[0.452s] -- Found diagnostic_msgs: 4.8.0 (/opt/ros/humble/share/diagnostic_msgs/cmake)
[0.515s] -- Found rosidl_generator_c: 3.1.6 (/opt/ros/humble/share/rosidl_generator_c/cmake)
[0.521s] -- Found rosidl_adapter: 3.1.6 (/opt/ros/humble/share/rosidl_adapter/cmake)
[0.532s] -- Found rosidl_generator_cpp: 3.1.6 (/opt/ros/humble/share/rosidl_generator_cpp/cmake)
[0.552s] -- Using all available rosidl_typesupport_c: rosidl_typesupport_fastrtps_c;rosidl_typesupport_introspection_c
[0.579s] -- Using all available rosidl_typesupport_cpp: rosidl_typesupport_fastrtps_cpp;rosidl_typesupport_introspection_cpp
[0.692s] -- Found diagnostic_updater: 4.0.4 (/opt/ros/humble/share/diagnostic_updater/cmake)
[0.782s] -- Found rmw_implementation_cmake: 6.1.2 (/opt/ros/humble/share/rmw_implementation_cmake/cmake)
[0.790s] -- Found rmw_fastrtps_cpp: 6.2.7 (/opt/ros/humble/share/rmw_fastrtps_cpp/cmake)
[1.020s] -- Using RMW implementation 'rmw_fastrtps_cpp' as default
[1.099s] -- Found ecl_build: 1.0.3 (/opt/ros/humble/share/ecl_build/cmake)
[1.108s] -- Found ecl_errors: 1.2.0 (/opt/ros/humble/share/ecl_errors/cmake)
[1.114s] -- Found ecl_exceptions: 1.2.1 (/opt/ros/humble/share/ecl_exceptions/cmake)
[1.137s] -- Configuring incomplete, errors occurred!
[1.137s] See also "/home/imr/jauremax_ros2/src/build/kobuki_node/CMakeFiles/CMakeOutput.log".
[1.139s] [31mCMake Error at CMakeLists.txt:11 (find_package):
[1.139s]   By not providing "Findecl_geometry.cmake" in CMAKE_MODULE_PATH this project
[1.140s]   has asked CMake to find a package configuration file provided by
[1.140s]   "ecl_geometry", but CMake did not find one.
[1.140s] 
[1.140s]   Could not find a package configuration file provided by "ecl_geometry" with
[1.140s]   any of the following names:
[1.140s] 
[1.140s]     ecl_geometryConfig.cmake
[1.143s]     ecl_geometry-config.cmake
[1.143s] 
[1.144s]   Add the installation prefix of "ecl_geometry" to CMAKE_PREFIX_PATH or set
[1.144s]   "ecl_geometry_DIR" to a directory containing one of the above files.  If
[1.144s]   "ecl_geometry" provides a separate development package or SDK, be sure it
[1.144s]   has been installed.
[1.144s] 
[1.144s] [0m
[1.153s] Invoked command in '/home/imr/jauremax_ros2/src/build/kobuki_node' returned '1': CMAKE_PREFIX_PATH=${CMAKE_PREFIX_PATH}:/home/imr/jauremax_ros2/install/controller_launcher:/home/imr/install/controller_launcher:/opt/ros/humble /usr/bin/cmake /home/imr/jauremax_ros2/src/kobuki_node -DCMAKE_INSTALL_PREFIX=/home/imr/jauremax_ros2/src/install/kobuki_node
