-- Found OpenCV lib : 4.5.5 - /usr/local/include/opencv4
-- Going to use OpenCV contrib!
-- Found Eigen3 lib : 3.4.0 - /usr/include/eigen3
-- Found Opengv lib :  - /usr/local/lib/cmake/opengv-1.0
-- Found required Ceres dependency: Eigen version 3.4.0 in /usr/include/eigen3
-- Found required Ceres dependency: glog
-- Found required Ceres dependency: gflags
-- Found Ceres version: 2.0.0 installed in: /usr with components: [EigenSparse, SparseLinearAlgebraLibrary, LAPACK, SuiteSparse, CXSparse, SchurSpecializations, Multithreading]
-- Found Ceres lib : 2.0.0 - /usr/lib/cmake/Ceres
-- Found required Ceres dependency: Eigen version 3.4.0 in /usr/include/eigen3
-- Found required Ceres dependency: glog
-- Found required Ceres dependency: gflags
-- Found Ceres version: 2.0.0 installed in: /usr with components: [EigenSparse, SparseLinearAlgebraLibrary, LAPACK, SuiteSparse, CXSparse, SchurSpecializations, Multithreading]
-- Found Sophus lib : 1.22.10 - /opt/ros/humble/share/sophus/cmake
-- Found ament_cmake: 1.3.11 (/opt/ros/humble/share/ament_cmake/cmake)
-- Found rclcpp: 16.0.12 (/opt/ros/humble/share/rclcpp/cmake)
-- Found rosidl_generator_c: 3.1.6 (/opt/ros/humble/share/rosidl_generator_c/cmake)
-- Found rosidl_adapter: 3.1.6 (/opt/ros/humble/share/rosidl_adapter/cmake)
-- Found rosidl_generator_cpp: 3.1.6 (/opt/ros/humble/share/rosidl_generator_cpp/cmake)
-- Using all available rosidl_typesupport_c: rosidl_typesupport_fastrtps_c;rosidl_typesupport_introspection_c
-- Using all available rosidl_typesupport_cpp: rosidl_typesupport_fastrtps_cpp;rosidl_typesupport_introspection_cpp
-- Found rmw_implementation_cmake: 6.1.2 (/opt/ros/humble/share/rmw_implementation_cmake/cmake)
-- Found rmw_fastrtps_cpp: 6.2.7 (/opt/ros/humble/share/rmw_fastrtps_cpp/cmake)
-- Using RMW implementation 'rmw_fastrtps_cpp' as default
-- Found sensor_msgs: 4.8.0 (/opt/ros/humble/share/sensor_msgs/cmake)
-- Found visualization_msgs: 4.8.0 (/opt/ros/humble/share/visualization_msgs/cmake)
-- Found cv_bridge: 3.2.1 (/opt/ros/humble/share/cv_bridge/cmake)
-- Found image_transport: 3.1.11 (/opt/ros/humble/share/image_transport/cmake)
-- Found tf2: 0.25.12 (/opt/ros/humble/share/tf2/cmake)
-- Found tf2_ros: 0.25.12 (/opt/ros/humble/share/tf2_ros/cmake)
-- Eigen found (include: /usr/include/eigen3, version: 3.4.0)
-- FLANN found (include: /usr/include, lib: /usr/lib/x86_64-linux-gnu/libflann_cpp.so)
-- OpenNI found (version: 1.5.4.0, include: /usr/include/ni, lib: /usr/lib/libOpenNI.so;libusb::libusb)
-- OpenNI2 found (version: 2.2.0.33, include: /usr/include/openni2, lib: /usr/lib/x86_64-linux-gnu/libOpenNI2.so;libusb::libusb)
-- Eigen found (include: /usr/include/eigen3, version: 3.4.0)
-- OpenNI found (version: 1.5.4.0, include: /usr/include/ni, lib: /usr/lib/libOpenNI.so;libusb::libusb)
-- OpenNI2 found (version: 2.2.0.33, include: /usr/include/openni2, lib: /usr/lib/x86_64-linux-gnu/libOpenNI2.so;libusb::libusb)
-- Found Qhull version 8.0.2
-- OpenNI found (version: 1.5.4.0, include: /usr/include/ni, lib: /usr/lib/libOpenNI.so;libusb::libusb)
-- looking for PCL_COMMON
-- looking for PCL_KDTREE
-- looking for PCL_OCTREE
-- looking for PCL_SEARCH
-- looking for PCL_SAMPLE_CONSENSUS
-- looking for PCL_FILTERS
-- looking for PCL_2D
-- looking for PCL_GEOMETRY
-- looking for PCL_IO
-- looking for PCL_FEATURES
-- looking for PCL_ML
-- looking for PCL_SEGMENTATION
-- looking for PCL_VISUALIZATION
-- looking for PCL_SURFACE
-- looking for PCL_REGISTRATION
-- looking for PCL_KEYPOINTS
-- looking for PCL_TRACKING
-- looking for PCL_RECOGNITION
-- looking for PCL_STEREO
-- looking for PCL_APPS
-- looking for PCL_IN_HAND_SCANNER
-- looking for PCL_MODELER
-- looking for PCL_POINT_CLOUD_EDITOR
-- looking for PCL_OUTOFCORE
-- looking for PCL_PEOPLE
-- Found pcl_conversions: 2.4.5 (/opt/ros/humble/share/pcl_conversions/cmake)
-- Configuring done
-- Generating done
-- Build files have been written to: /home/imr/ws-for-ov2slam/build/ov2slam
[35m[1mConsolidate compiler generated dependencies of target ov2slam[0m
[  5%] [32mBuilding CXX object CMakeFiles/ov2slam.dir/src/multi_view_geometry.cpp.o[0m
[ 10%] [32m[1mLinking CXX shared library libov2slam.so[0m
[ 89%] Built target ov2slam
[35m[1mConsolidate compiler generated dependencies of target ov2slam_node[0m
[ 94%] [32m[1mLinking CXX executable ov2slam_node[0m
[100%] Built target ov2slam_node
-- Install configuration: "Release"
-- Up-to-date: /home/imr/ws-for-ov2slam/install/ov2slam/include/
-- Up-to-date: /home/imr/ws-for-ov2slam/install/ov2slam/include//map_manager.hpp
-- Up-to-date: /home/imr/ws-for-ov2slam/install/ov2slam/include//slam_params.hpp
-- Up-to-date: /home/imr/ws-for-ov2slam/install/ov2slam/include//camera_calibration.hpp
-- Up-to-date: /home/imr/ws-for-ov2slam/install/ov2slam/include//ros_visualizer.hpp
-- Up-to-date: /home/imr/ws-for-ov2slam/install/ov2slam/include//feature_extractor.hpp
-- Up-to-date: /home/imr/ws-for-ov2slam/install/ov2slam/include//visual_front_end.hpp
-- Up-to-date: /home/imr/ws-for-ov2slam/install/ov2slam/include//logger.hpp
-- Up-to-date: /home/imr/ws-for-ov2slam/install/ov2slam/include//mapper.hpp
-- Up-to-date: /home/imr/ws-for-ov2slam/install/ov2slam/include//multi_view_geometry.hpp
-- Up-to-date: /home/imr/ws-for-ov2slam/install/ov2slam/include//profiler.hpp
-- Up-to-date: /home/imr/ws-for-ov2slam/install/ov2slam/include//camera_visualizer.hpp
-- Up-to-date: /home/imr/ws-for-ov2slam/install/ov2slam/include//ceres_parametrization
-- Up-to-date: /home/imr/ws-for-ov2slam/install/ov2slam/include//ceres_parametrization/ceres_parametrization
-- Up-to-date: /home/imr/ws-for-ov2slam/install/ov2slam/include//ceres_parametrization/ceres_parametrization/se3left_parametrization.hpp
-- Up-to-date: /home/imr/ws-for-ov2slam/install/ov2slam/include//ceres_parametrization/ceres_parametrization/se3_param_block.hpp
-- Up-to-date: /home/imr/ws-for-ov2slam/install/ov2slam/include//ceres_parametrization/ceres_parametrization/intrinsic_param_block.hpp
-- Up-to-date: /home/imr/ws-for-ov2slam/install/ov2slam/include//ceres_parametrization/ceres_parametrization/inverse_depth_param_block.hpp
-- Up-to-date: /home/imr/ws-for-ov2slam/install/ov2slam/include//ceres_parametrization/ceres_parametrization/pointxyz_param_block.hpp
-- Up-to-date: /home/imr/ws-for-ov2slam/install/ov2slam/include//ceres_parametrization/ceres_parametrization.hpp
-- Up-to-date: /home/imr/ws-for-ov2slam/install/ov2slam/include//map_point.hpp
-- Up-to-date: /home/imr/ws-for-ov2slam/install/ov2slam/include//ov2slam.hpp
-- Up-to-date: /home/imr/ws-for-ov2slam/install/ov2slam/include//loop_closer.hpp
-- Up-to-date: /home/imr/ws-for-ov2slam/install/ov2slam/include//feature_tracker.hpp
-- Up-to-date: /home/imr/ws-for-ov2slam/install/ov2slam/include//frame.hpp
-- Up-to-date: /home/imr/ws-for-ov2slam/install/ov2slam/include//optimizer.hpp
-- Up-to-date: /home/imr/ws-for-ov2slam/install/ov2slam/include//estimator.hpp
-- Installing: /home/imr/ws-for-ov2slam/install/ov2slam/lib/libov2slam.so
-- Set runtime path of "/home/imr/ws-for-ov2slam/install/ov2slam/lib/libov2slam.so" to ""
-- Installing: /home/imr/ws-for-ov2slam/install/ov2slam/lib/ov2slam/ov2slam_node
-- Set runtime path of "/home/imr/ws-for-ov2slam/install/ov2slam/lib/ov2slam/ov2slam_node" to ""
-- Up-to-date: /home/imr/ws-for-ov2slam/install/ov2slam/share/ament_index/resource_index/package_run_dependencies/ov2slam
-- Installing: /home/imr/ws-for-ov2slam/install/ov2slam/share/ament_index/resource_index/parent_prefix_path/ov2slam
-- Up-to-date: /home/imr/ws-for-ov2slam/install/ov2slam/share/ov2slam/environment/ament_prefix_path.sh
-- Installing: /home/imr/ws-for-ov2slam/install/ov2slam/share/ov2slam/environment/ament_prefix_path.dsv
-- Up-to-date: /home/imr/ws-for-ov2slam/install/ov2slam/share/ov2slam/environment/path.sh
-- Installing: /home/imr/ws-for-ov2slam/install/ov2slam/share/ov2slam/environment/path.dsv
-- Up-to-date: /home/imr/ws-for-ov2slam/install/ov2slam/share/ov2slam/local_setup.bash
-- Up-to-date: /home/imr/ws-for-ov2slam/install/ov2slam/share/ov2slam/local_setup.sh
-- Up-to-date: /home/imr/ws-for-ov2slam/install/ov2slam/share/ov2slam/local_setup.zsh
-- Installing: /home/imr/ws-for-ov2slam/install/ov2slam/share/ov2slam/local_setup.dsv
-- Installing: /home/imr/ws-for-ov2slam/install/ov2slam/share/ov2slam/package.dsv
-- Up-to-date: /home/imr/ws-for-ov2slam/install/ov2slam/share/ament_index/resource_index/packages/ov2slam
-- Up-to-date: /home/imr/ws-for-ov2slam/install/ov2slam/share/ov2slam/cmake/ov2slamConfig.cmake
-- Up-to-date: /home/imr/ws-for-ov2slam/install/ov2slam/share/ov2slam/cmake/ov2slamConfig-version.cmake
-- Up-to-date: /home/imr/ws-for-ov2slam/install/ov2slam/share/ov2slam/package.xml
