[0.034s] Invoking command in '/home/imr/ws-for-ov2slam/build/ov2slam': CMAKE_PREFIX_PATH=${CMAKE_PREFIX_PATH}:/home/imr/jauremax_ros2/install/controller_launcher:/home/imr/jauremax_ros2/install/teleop_twist_joy:/home/imr/jauremax_ros2/install/kobuki_node:/home/imr/install/controller_launcher:/home/imr/ws-for-ov2slam/install/controller_launcher:/home/imr/ws-for-ov2slam/src/install/controller_launcher:/home/imr/ws-for-ov2slam/src/install/teleop_twist_joy:/home/imr/ws-for-ov2slam/src/install/kobuki_node:/opt/ros/humble /usr/bin/cmake --build /home/imr/ws-for-ov2slam/build/ov2slam -- -j4 -l4
[0.140s] -- Found OpenCV lib : 4.5.5 - /usr/local/include/opencv4
[0.141s] -- Going to use OpenCV contrib!
[0.143s] -- Found Eigen3 lib : 3.4.0 - /usr/include/eigen3
[0.144s] -- Found Opengv lib :  - /usr/local/lib/cmake/opengv-1.0
[0.151s] -- Found required Ceres dependency: Eigen version 3.4.0 in /usr/include/eigen3
[0.158s] -- Found required Ceres dependency: glog
[0.158s] -- Found required Ceres dependency: gflags
[0.160s] -- Found Ceres version: 2.0.0 installed in: /usr with components: [EigenSparse, SparseLinearAlgebraLibrary, LAPACK, SuiteSparse, CXSparse, SchurSpecializations, Multithreading]
[0.160s] -- Found Ceres lib : 2.0.0 - /usr/lib/cmake/Ceres
[0.170s] -- Found required Ceres dependency: Eigen version 3.4.0 in /usr/include/eigen3
[0.172s] -- Found required Ceres dependency: glog
[0.173s] -- Found required Ceres dependency: gflags
[0.173s] -- Found Ceres version: 2.0.0 installed in: /usr with components: [EigenSparse, SparseLinearAlgebraLibrary, LAPACK, SuiteSparse, CXSparse, SchurSpecializations, Multithreading]
[0.174s] -- Found Sophus lib : 1.22.10 - /opt/ros/humble/share/sophus/cmake
[0.212s] [33mCMake Warning at CMakeLists.txt:78 (find_package):
[0.212s]   By not providing "Findobindex2.cmake" in CMAKE_MODULE_PATH this project has
[0.212s]   asked CMake to find a package configuration file provided by "obindex2",
[0.212s]   but CMake did not find one.
[0.212s] 
[0.212s]   Could not find a package configuration file provided by "obindex2" with any
[0.212s]   of the following names:
[0.215s] 
[0.215s]     obindex2Config.cmake
[0.215s]     obindex2-config.cmake
[0.215s] 
[0.215s]   Add the installation prefix of "obindex2" to CMAKE_PREFIX_PATH or set
[0.215s]   "obindex2_DIR" to a directory containing one of the above files.  If
[0.216s]   "obindex2" provides a separate development package or SDK, be sure it has
[0.216s]   been installed.
[0.216s] 
[0.216s] [0m
[0.234s] [33mCMake Warning at CMakeLists.txt:79 (find_package):
[0.234s]   By not providing "Findlcdetector.cmake" in CMAKE_MODULE_PATH this project
[0.234s]   has asked CMake to find a package configuration file provided by
[0.234s]   "lcdetector", but CMake did not find one.
[0.235s] 
[0.235s]   Could not find a package configuration file provided by "lcdetector" with
[0.235s]   any of the following names:
[0.235s] 
[0.235s]     lcdetectorConfig.cmake
[0.235s]     lcdetector-config.cmake
[0.235s] 
[0.235s]   Add the installation prefix of "lcdetector" to CMAKE_PREFIX_PATH or set
[0.235s]   "lcdetector_DIR" to a directory containing one of the above files.  If
[0.236s]   "lcdetector" provides a separate development package or SDK, be sure it has
[0.236s]   been installed.
[0.236s] 
[0.236s] [0m
[0.236s] -- Found ament_cmake: 1.3.11 (/opt/ros/humble/share/ament_cmake/cmake)
[0.422s] -- Found rclcpp: 16.0.12 (/opt/ros/humble/share/rclcpp/cmake)
[0.470s] -- Found rosidl_generator_c: 3.1.6 (/opt/ros/humble/share/rosidl_generator_c/cmake)
[0.474s] -- Found rosidl_adapter: 3.1.6 (/opt/ros/humble/share/rosidl_adapter/cmake)
[0.484s] -- Found rosidl_generator_cpp: 3.1.6 (/opt/ros/humble/share/rosidl_generator_cpp/cmake)
[0.502s] -- Using all available rosidl_typesupport_c: rosidl_typesupport_fastrtps_c;rosidl_typesupport_introspection_c
[0.522s] -- Using all available rosidl_typesupport_cpp: rosidl_typesupport_fastrtps_cpp;rosidl_typesupport_introspection_cpp
[0.574s] -- Found rmw_implementation_cmake: 6.1.2 (/opt/ros/humble/share/rmw_implementation_cmake/cmake)
[0.578s] -- Found rmw_fastrtps_cpp: 6.2.7 (/opt/ros/humble/share/rmw_fastrtps_cpp/cmake)
[0.731s] -- Using RMW implementation 'rmw_fastrtps_cpp' as default
[0.810s] -- Found sensor_msgs: 4.8.0 (/opt/ros/humble/share/sensor_msgs/cmake)
[0.856s] -- Found visualization_msgs: 4.8.0 (/opt/ros/humble/share/visualization_msgs/cmake)
[0.883s] -- Found cv_bridge: 3.2.1 (/opt/ros/humble/share/cv_bridge/cmake)
[0.886s] -- Found image_transport: 3.1.11 (/opt/ros/humble/share/image_transport/cmake)
[0.918s] -- Found tf2: 0.25.12 (/opt/ros/humble/share/tf2/cmake)
[0.923s] -- Found tf2_ros: 0.25.12 (/opt/ros/humble/share/tf2_ros/cmake)
[1.042s] -- Eigen found (include: /usr/include/eigen3, version: 3.4.0)
[1.082s] -- FLANN found (include: /usr/include, lib: /usr/lib/x86_64-linux-gnu/libflann_cpp.so)
[1.614s] -- OpenNI found (version: 1.5.4.0, include: /usr/include/ni, lib: /usr/lib/libOpenNI.so;libusb::libusb)
[1.624s] -- OpenNI2 found (version: 2.2.0.33, include: /usr/include/openni2, lib: /usr/lib/x86_64-linux-gnu/libOpenNI2.so;libusb::libusb)
[1.624s] [0m** WARNING ** io features related to pcap will be disabled[0m
[1.827s] -- Eigen found (include: /usr/include/eigen3, version: 3.4.0)
[1.834s] -- OpenNI found (version: 1.5.4.0, include: /usr/include/ni, lib: /usr/lib/libOpenNI.so;libusb::libusb)
[1.841s] -- OpenNI2 found (version: 2.2.0.33, include: /usr/include/openni2, lib: /usr/lib/x86_64-linux-gnu/libOpenNI2.so;libusb::libusb)
[2.009s] -- Found Qhull version 8.0.2
[2.171s] -- OpenNI found (version: 1.5.4.0, include: /usr/include/ni, lib: /usr/lib/libOpenNI.so;libusb::libusb)
[2.332s] -- looking for PCL_COMMON
[2.332s] -- looking for PCL_KDTREE
[2.333s] -- looking for PCL_OCTREE
[2.333s] -- looking for PCL_SEARCH
[2.333s] -- looking for PCL_SAMPLE_CONSENSUS
[2.334s] -- looking for PCL_FILTERS
[2.334s] -- looking for PCL_2D
[2.335s] -- looking for PCL_GEOMETRY
[2.335s] -- looking for PCL_IO
[2.335s] -- looking for PCL_FEATURES
[2.336s] -- looking for PCL_ML
[2.336s] -- looking for PCL_SEGMENTATION
[2.337s] -- looking for PCL_VISUALIZATION
[2.338s] -- looking for PCL_SURFACE
[2.339s] -- looking for PCL_REGISTRATION
[2.339s] -- looking for PCL_KEYPOINTS
[2.340s] -- looking for PCL_TRACKING
[2.341s] -- looking for PCL_RECOGNITION
[2.342s] -- looking for PCL_STEREO
[2.342s] -- looking for PCL_APPS
[2.343s] -- looking for PCL_IN_HAND_SCANNER
[2.343s] -- looking for PCL_MODELER
[2.344s] -- looking for PCL_POINT_CLOUD_EDITOR
[2.344s] -- looking for PCL_OUTOFCORE
[2.344s] -- looking for PCL_PEOPLE
[2.347s] -- Found pcl_conversions: 2.4.5 (/opt/ros/humble/share/pcl_conversions/cmake)
[2.475s] -- Configuring done
[2.616s] -- Generating done
[2.636s] -- Build files have been written to: /home/imr/ws-for-ov2slam/build/ov2slam
[2.700s] [35m[1mConsolidate compiler generated dependencies of target ov2slam[0m
[2.786s] [  5%] [32mBuilding CXX object CMakeFiles/ov2slam.dir/src/multi_view_geometry.cpp.o[0m
[6.285s] In file included from [01m[K/home/imr/ws-for-ov2slam/src/ov2slam-ros2/include/ceres_parametrization/ceres_parametrization.hpp:34[m[K,
[6.286s]                  from [01m[K/home/imr/ws-for-ov2slam/src/ov2slam-ros2/src/multi_view_geometry.cpp:43[m[K:
[6.286s] [01m[K/home/imr/ws-for-ov2slam/src/ov2slam-ros2/include/ceres_parametrization/ceres_parametrization/se3left_parametrization.hpp:[m[K In member function ‘[01m[Kvirtual bool SE3LeftParameterization::ComputeJacobian(const double*, double*) const[m[K’:
[6.286s] [01m[K/home/imr/ws-for-ov2slam/src/ov2slam-ros2/include/ceres_parametrization/ceres_parametrization/se3left_parametrization.hpp:62:48:[m[K [01;35m[Kwarning: [m[Kunused parameter ‘[01m[Kx[m[K’ [[01;35m[K]8;;https://gcc.gnu.org/onlinedocs/gcc/Warning-Options.html#index-Wunused-parameter-Wunused-parameter]8;;[m[K]
[6.286s]    62 |     virtual bool ComputeJacobian([01;35m[Kconst double* x[m[K,
[6.286s]       |                                  [01;35m[K~~~~~~~~~~~~~~^[m[K
[7.253s] [01m[K/home/imr/ws-for-ov2slam/src/ov2slam-ros2/src/multi_view_geometry.cpp:[m[K In static member function ‘[01m[Kstatic bool MultiViewGeometry::opencv5ptEssentialMatrix(const std::vector<Eigen::Matrix<double, 3, 1>, Eigen::aligned_allocator<Eigen::Matrix<double, 3, 1> > >&, const std::vector<Eigen::Matrix<double, 3, 1>, Eigen::aligned_allocator<Eigen::Matrix<double, 3, 1> > >&, int, float, bool, float, float, Eigen::Matrix3d&, Eigen::Vector3d&, std::vector<int>&)[m[K’:
[7.253s] [01m[K/home/imr/ws-for-ov2slam/src/ov2slam-ros2/src/multi_view_geometry.cpp:702:15:[m[K [01;35m[Kwarning: [m[Kunused parameter ‘[01m[Knmaxiter[m[K’ [[01;35m[K]8;;https://gcc.gnu.org/onlinedocs/gcc/Warning-Options.html#index-Wunused-parameter-Wunused-parameter]8;;[m[K]
[7.253s]   702 |     [01;35m[Kconst int nmaxiter[m[K, const float errth, const bool boptimize, const float fx, const float fy,
[7.253s]       |     [01;35m[K~~~~~~~~~~^~~~~~~~[m[K
[20.174s] [ 10%] [32m[1mLinking CXX shared library libov2slam.so[0m
[22.605s] [ 89%] Built target ov2slam
[22.620s] [35m[1mConsolidate compiler generated dependencies of target ov2slam_node[0m
[22.653s] [ 94%] [32m[1mLinking CXX executable ov2slam_node[0m
[23.181s] /usr/bin/ld: warning: libopencv_core.so.4.5d, needed by /opt/ros/humble/lib/libcv_bridge.so, may conflict with libopencv_core.so.405
[23.893s] [100%] Built target ov2slam_node
[23.906s] Invoked command in '/home/imr/ws-for-ov2slam/build/ov2slam' returned '0': CMAKE_PREFIX_PATH=${CMAKE_PREFIX_PATH}:/home/imr/jauremax_ros2/install/controller_launcher:/home/imr/jauremax_ros2/install/teleop_twist_joy:/home/imr/jauremax_ros2/install/kobuki_node:/home/imr/install/controller_launcher:/home/imr/ws-for-ov2slam/install/controller_launcher:/home/imr/ws-for-ov2slam/src/install/controller_launcher:/home/imr/ws-for-ov2slam/src/install/teleop_twist_joy:/home/imr/ws-for-ov2slam/src/install/kobuki_node:/opt/ros/humble /usr/bin/cmake --build /home/imr/ws-for-ov2slam/build/ov2slam -- -j4 -l4
[23.908s] Invoking command in '/home/imr/ws-for-ov2slam/build/ov2slam': CMAKE_PREFIX_PATH=${CMAKE_PREFIX_PATH}:/home/imr/jauremax_ros2/install/controller_launcher:/home/imr/jauremax_ros2/install/teleop_twist_joy:/home/imr/jauremax_ros2/install/kobuki_node:/home/imr/install/controller_launcher:/home/imr/ws-for-ov2slam/install/controller_launcher:/home/imr/ws-for-ov2slam/src/install/controller_launcher:/home/imr/ws-for-ov2slam/src/install/teleop_twist_joy:/home/imr/ws-for-ov2slam/src/install/kobuki_node:/opt/ros/humble /usr/bin/cmake --install /home/imr/ws-for-ov2slam/build/ov2slam
[23.917s] -- Install configuration: "Release"
[23.917s] -- Up-to-date: /home/imr/ws-for-ov2slam/install/ov2slam/include/
[23.917s] -- Up-to-date: /home/imr/ws-for-ov2slam/install/ov2slam/include//map_manager.hpp
[23.917s] -- Up-to-date: /home/imr/ws-for-ov2slam/install/ov2slam/include//slam_params.hpp
[23.917s] -- Up-to-date: /home/imr/ws-for-ov2slam/install/ov2slam/include//camera_calibration.hpp
[23.918s] -- Up-to-date: /home/imr/ws-for-ov2slam/install/ov2slam/include//ros_visualizer.hpp
[23.918s] -- Up-to-date: /home/imr/ws-for-ov2slam/install/ov2slam/include//feature_extractor.hpp
[23.918s] -- Up-to-date: /home/imr/ws-for-ov2slam/install/ov2slam/include//visual_front_end.hpp
[23.918s] -- Up-to-date: /home/imr/ws-for-ov2slam/install/ov2slam/include//logger.hpp
[23.918s] -- Up-to-date: /home/imr/ws-for-ov2slam/install/ov2slam/include//mapper.hpp
[23.918s] -- Up-to-date: /home/imr/ws-for-ov2slam/install/ov2slam/include//multi_view_geometry.hpp
[23.918s] -- Up-to-date: /home/imr/ws-for-ov2slam/install/ov2slam/include//profiler.hpp
[23.918s] -- Up-to-date: /home/imr/ws-for-ov2slam/install/ov2slam/include//camera_visualizer.hpp
[23.919s] -- Up-to-date: /home/imr/ws-for-ov2slam/install/ov2slam/include//ceres_parametrization
[23.919s] -- Up-to-date: /home/imr/ws-for-ov2slam/install/ov2slam/include//ceres_parametrization/ceres_parametrization
[23.919s] -- Up-to-date: /home/imr/ws-for-ov2slam/install/ov2slam/include//ceres_parametrization/ceres_parametrization/se3left_parametrization.hpp
[23.919s] -- Up-to-date: /home/imr/ws-for-ov2slam/install/ov2slam/include//ceres_parametrization/ceres_parametrization/se3_param_block.hpp
[23.919s] -- Up-to-date: /home/imr/ws-for-ov2slam/install/ov2slam/include//ceres_parametrization/ceres_parametrization/intrinsic_param_block.hpp
[23.919s] -- Up-to-date: /home/imr/ws-for-ov2slam/install/ov2slam/include//ceres_parametrization/ceres_parametrization/inverse_depth_param_block.hpp
[23.919s] -- Up-to-date: /home/imr/ws-for-ov2slam/install/ov2slam/include//ceres_parametrization/ceres_parametrization/pointxyz_param_block.hpp
[23.919s] -- Up-to-date: /home/imr/ws-for-ov2slam/install/ov2slam/include//ceres_parametrization/ceres_parametrization.hpp
[23.919s] -- Up-to-date: /home/imr/ws-for-ov2slam/install/ov2slam/include//map_point.hpp
[23.920s] -- Up-to-date: /home/imr/ws-for-ov2slam/install/ov2slam/include//ov2slam.hpp
[23.920s] -- Up-to-date: /home/imr/ws-for-ov2slam/install/ov2slam/include//loop_closer.hpp
[23.920s] -- Up-to-date: /home/imr/ws-for-ov2slam/install/ov2slam/include//feature_tracker.hpp
[23.920s] -- Up-to-date: /home/imr/ws-for-ov2slam/install/ov2slam/include//frame.hpp
[23.920s] -- Up-to-date: /home/imr/ws-for-ov2slam/install/ov2slam/include//optimizer.hpp
[23.920s] -- Up-to-date: /home/imr/ws-for-ov2slam/install/ov2slam/include//estimator.hpp
[23.920s] -- Installing: /home/imr/ws-for-ov2slam/install/ov2slam/lib/libov2slam.so
[23.981s] -- Set runtime path of "/home/imr/ws-for-ov2slam/install/ov2slam/lib/libov2slam.so" to ""
[23.982s] -- Installing: /home/imr/ws-for-ov2slam/install/ov2slam/lib/ov2slam/ov2slam_node
[24.002s] -- Set runtime path of "/home/imr/ws-for-ov2slam/install/ov2slam/lib/ov2slam/ov2slam_node" to ""
[24.002s] -- Up-to-date: /home/imr/ws-for-ov2slam/install/ov2slam/share/ament_index/resource_index/package_run_dependencies/ov2slam
[24.002s] -- Installing: /home/imr/ws-for-ov2slam/install/ov2slam/share/ament_index/resource_index/parent_prefix_path/ov2slam
[24.002s] -- Up-to-date: /home/imr/ws-for-ov2slam/install/ov2slam/share/ov2slam/environment/ament_prefix_path.sh
[24.003s] -- Installing: /home/imr/ws-for-ov2slam/install/ov2slam/share/ov2slam/environment/ament_prefix_path.dsv
[24.003s] -- Up-to-date: /home/imr/ws-for-ov2slam/install/ov2slam/share/ov2slam/environment/path.sh
[24.003s] -- Installing: /home/imr/ws-for-ov2slam/install/ov2slam/share/ov2slam/environment/path.dsv
[24.003s] -- Up-to-date: /home/imr/ws-for-ov2slam/install/ov2slam/share/ov2slam/local_setup.bash
[24.003s] -- Up-to-date: /home/imr/ws-for-ov2slam/install/ov2slam/share/ov2slam/local_setup.sh
[24.003s] -- Up-to-date: /home/imr/ws-for-ov2slam/install/ov2slam/share/ov2slam/local_setup.zsh
[24.004s] -- Installing: /home/imr/ws-for-ov2slam/install/ov2slam/share/ov2slam/local_setup.dsv
[24.004s] -- Installing: /home/imr/ws-for-ov2slam/install/ov2slam/share/ov2slam/package.dsv
[24.004s] -- Up-to-date: /home/imr/ws-for-ov2slam/install/ov2slam/share/ament_index/resource_index/packages/ov2slam
[24.004s] -- Up-to-date: /home/imr/ws-for-ov2slam/install/ov2slam/share/ov2slam/cmake/ov2slamConfig.cmake
[24.004s] -- Up-to-date: /home/imr/ws-for-ov2slam/install/ov2slam/share/ov2slam/cmake/ov2slamConfig-version.cmake
[24.004s] -- Up-to-date: /home/imr/ws-for-ov2slam/install/ov2slam/share/ov2slam/package.xml
[24.006s] Invoked command in '/home/imr/ws-for-ov2slam/build/ov2slam' returned '0': CMAKE_PREFIX_PATH=${CMAKE_PREFIX_PATH}:/home/imr/jauremax_ros2/install/controller_launcher:/home/imr/jauremax_ros2/install/teleop_twist_joy:/home/imr/jauremax_ros2/install/kobuki_node:/home/imr/install/controller_launcher:/home/imr/ws-for-ov2slam/install/controller_launcher:/home/imr/ws-for-ov2slam/src/install/controller_launcher:/home/imr/ws-for-ov2slam/src/install/teleop_twist_joy:/home/imr/ws-for-ov2slam/src/install/kobuki_node:/opt/ros/humble /usr/bin/cmake --install /home/imr/ws-for-ov2slam/build/ov2slam
