[0.021s] Invoking command in '/home/imr/jauremax_ros2/src/build/kobuki_node': CMAKE_PREFIX_PATH=${CMAKE_PREFIX_PATH}:/home/imr/jauremax_ros2/install/controller_launcher:/home/imr/install/controller_launcher:/opt/ros/humble /usr/bin/cmake /home/imr/jauremax_ros2/src/kobuki_node -DCMAKE_INSTALL_PREFIX=/home/imr/jauremax_ros2/src/install/kobuki_node
[0.049s] -- Found ament_cmake_ros: 0.10.0 (/opt/ros/humble/share/ament_cmake_ros/cmake)
[0.209s] -- Found angles: 1.15.0 (/opt/ros/humble/share/angles/cmake)
[0.211s] -- Found diagnostic_msgs: 4.8.0 (/opt/ros/humble/share/diagnostic_msgs/cmake)
[0.240s] -- Found rosidl_generator_c: 3.1.6 (/opt/ros/humble/share/rosidl_generator_c/cmake)
[0.243s] -- Found rosidl_adapter: 3.1.6 (/opt/ros/humble/share/rosidl_adapter/cmake)
[0.249s] -- Found rosidl_generator_cpp: 3.1.6 (/opt/ros/humble/share/rosidl_generator_cpp/cmake)
[0.260s] -- Using all available rosidl_typesupport_c: rosidl_typesupport_fastrtps_c;rosidl_typesupport_introspection_c
[0.274s] -- Using all available rosidl_typesupport_cpp: rosidl_typesupport_fastrtps_cpp;rosidl_typesupport_introspection_cpp
[0.314s] -- Found diagnostic_updater: 4.0.4 (/opt/ros/humble/share/diagnostic_updater/cmake)
[0.346s] -- Found rmw_implementation_cmake: 6.1.2 (/opt/ros/humble/share/rmw_implementation_cmake/cmake)
[0.347s] -- Found rmw_fastrtps_cpp: 6.2.7 (/opt/ros/humble/share/rmw_fastrtps_cpp/cmake)
[0.463s] -- Using RMW implementation 'rmw_fastrtps_cpp' as default
[0.509s] -- Found ecl_build: 1.0.3 (/opt/ros/humble/share/ecl_build/cmake)
[0.515s] -- Found ecl_errors: 1.2.0 (/opt/ros/humble/share/ecl_errors/cmake)
[0.519s] -- Found ecl_exceptions: 1.2.1 (/opt/ros/humble/share/ecl_exceptions/cmake)
[0.535s] [31mCMake Error at CMakeLists.txt:11 (find_package):
[0.535s]   By not providing "Findecl_geometry.cmake" in CMAKE_MODULE_PATH this project
[0.535s]   has asked CMake to find a package configuration file provided by
[0.535s]   "ecl_geometry", but CMake did not find one.
[0.535s] 
[0.535s]   Could not find a package configuration file provided by "ecl_geometry" with
[0.535s]   any of the following names:
[0.535s] 
[0.536s]     ecl_geometryConfig.cmake
[0.536s]     ecl_geometry-config.cmake
[0.536s] 
[0.536s]   Add the installation prefix of "ecl_geometry" to CMAKE_PREFIX_PATH or set
[0.536s]   "ecl_geometry_DIR" to a directory containing one of the above files.  If
[0.536s]   "ecl_geometry" provides a separate development package or SDK, be sure it
[0.536s]   has been installed.
[0.536s] 
[0.536s] [0m
[0.536s] -- Configuring incomplete, errors occurred!
[0.537s] See also "/home/imr/jauremax_ros2/src/build/kobuki_node/CMakeFiles/CMakeOutput.log".
[0.545s] Invoked command in '/home/imr/jauremax_ros2/src/build/kobuki_node' returned '1': CMAKE_PREFIX_PATH=${CMAKE_PREFIX_PATH}:/home/imr/jauremax_ros2/install/controller_launcher:/home/imr/install/controller_launcher:/opt/ros/humble /usr/bin/cmake /home/imr/jauremax_ros2/src/kobuki_node -DCMAKE_INSTALL_PREFIX=/home/imr/jauremax_ros2/src/install/kobuki_node
