[0.125s] DEBUG:colcon:Command line arguments: ['/usr/bin/colcon', 'build']
[0.126s] DEBUG:colcon:Parsed command line arguments: Namespace(log_base=None, log_level=None, verb_name='build', build_base='build', install_base='install', merge_install=False, symlink_install=False, test_result_base=None, continue_on_error=False, executor='parallel', parallel_workers=4, event_handlers=None, ignore_user_meta=False, metas=['./colcon.meta'], base_paths=['.'], packages_ignore=None, packages_ignore_regex=None, paths=None, packages_up_to=None, packages_up_to_regex=None, packages_above=None, packages_above_and_dependencies=None, packages_above_depth=None, packages_select_by_dep=None, packages_skip_by_dep=None, packages_skip_up_to=None, packages_select_build_failed=False, packages_skip_build_finished=False, packages_select_test_failures=False, packages_skip_test_passed=False, packages_select=None, packages_skip=None, packages_select_regex=None, packages_skip_regex=None, packages_start=None, packages_end=None, allow_overriding=[], cmake_args=None, cmake_target=None, cmake_target_skip_unavailable=False, cmake_clean_cache=False, cmake_clean_first=False, cmake_force_configure=False, ament_cmake_args=None, catkin_cmake_args=None, catkin_skip_building_tests=False, verb_parser=<colcon_defaults.argument_parser.defaults.DefaultArgumentsDecorator object at 0x7c4a455665f0>, verb_extension=<colcon_core.verb.build.BuildVerb object at 0x7c4a4566fa60>, main=<bound method BuildVerb.main of <colcon_core.verb.build.BuildVerb object at 0x7c4a4566fa60>>)
[0.430s] Level 1:colcon.colcon_core.package_discovery:discover_packages(colcon_meta) check parameters
[0.430s] Level 1:colcon.colcon_core.package_discovery:discover_packages(recursive) check parameters
[0.430s] Level 1:colcon.colcon_core.package_discovery:discover_packages(ignore) check parameters
[0.430s] Level 1:colcon.colcon_core.package_discovery:discover_packages(path) check parameters
[0.430s] Level 1:colcon.colcon_core.package_discovery:discover_packages(colcon_meta) discover
[0.430s] Level 1:colcon.colcon_core.package_discovery:discover_packages(recursive) discover
[0.430s] INFO:colcon.colcon_core.package_discovery:Crawling recursively for packages in '/home/imr/ws-for-ov2slam'
[0.430s] Level 1:colcon.colcon_core.package_identification:_identify(.) by extensions ['ignore', 'ignore_ament_install']
[0.431s] Level 1:colcon.colcon_core.package_identification:_identify(.) by extension 'ignore'
[0.431s] Level 1:colcon.colcon_core.package_identification:_identify(.) by extension 'ignore_ament_install'
[0.431s] Level 1:colcon.colcon_core.package_identification:_identify(.) by extensions ['colcon_pkg']
[0.431s] Level 1:colcon.colcon_core.package_identification:_identify(.) by extension 'colcon_pkg'
[0.431s] Level 1:colcon.colcon_core.package_identification:_identify(.) by extensions ['colcon_meta']
[0.431s] Level 1:colcon.colcon_core.package_identification:_identify(.) by extension 'colcon_meta'
[0.431s] Level 1:colcon.colcon_core.package_identification:_identify(.) by extensions ['ros']
[0.431s] Level 1:colcon.colcon_core.package_identification:_identify(.) by extension 'ros'
[0.450s] Level 1:colcon.colcon_core.package_identification:_identify(.) by extensions ['cmake', 'python']
[0.451s] Level 1:colcon.colcon_core.package_identification:_identify(.) by extension 'cmake'
[0.451s] Level 1:colcon.colcon_core.package_identification:_identify(.) by extension 'python'
[0.451s] Level 1:colcon.colcon_core.package_identification:_identify(.) by extensions ['python_setup_py']
[0.451s] Level 1:colcon.colcon_core.package_identification:_identify(.) by extension 'python_setup_py'
[0.451s] Level 1:colcon.colcon_core.package_identification:_identify(build) by extensions ['ignore', 'ignore_ament_install']
[0.451s] Level 1:colcon.colcon_core.package_identification:_identify(build) by extension 'ignore'
[0.451s] Level 1:colcon.colcon_core.package_identification:_identify(build) ignored
[0.451s] Level 1:colcon.colcon_core.package_identification:_identify(install) by extensions ['ignore', 'ignore_ament_install']
[0.451s] Level 1:colcon.colcon_core.package_identification:_identify(install) by extension 'ignore'
[0.451s] Level 1:colcon.colcon_core.package_identification:_identify(install) ignored
[0.452s] Level 1:colcon.colcon_core.package_identification:_identify(log) by extensions ['ignore', 'ignore_ament_install']
[0.452s] Level 1:colcon.colcon_core.package_identification:_identify(log) by extension 'ignore'
[0.452s] Level 1:colcon.colcon_core.package_identification:_identify(log) ignored
[0.452s] Level 1:colcon.colcon_core.package_identification:_identify(src) by extensions ['ignore', 'ignore_ament_install']
[0.452s] Level 1:colcon.colcon_core.package_identification:_identify(src) by extension 'ignore'
[0.452s] Level 1:colcon.colcon_core.package_identification:_identify(src) by extension 'ignore_ament_install'
[0.452s] Level 1:colcon.colcon_core.package_identification:_identify(src) by extensions ['colcon_pkg']
[0.452s] Level 1:colcon.colcon_core.package_identification:_identify(src) by extension 'colcon_pkg'
[0.452s] Level 1:colcon.colcon_core.package_identification:_identify(src) by extensions ['colcon_meta']
[0.452s] Level 1:colcon.colcon_core.package_identification:_identify(src) by extension 'colcon_meta'
[0.452s] Level 1:colcon.colcon_core.package_identification:_identify(src) by extensions ['ros']
[0.452s] Level 1:colcon.colcon_core.package_identification:_identify(src) by extension 'ros'
[0.452s] Level 1:colcon.colcon_core.package_identification:_identify(src) by extensions ['cmake', 'python']
[0.452s] Level 1:colcon.colcon_core.package_identification:_identify(src) by extension 'cmake'
[0.452s] Level 1:colcon.colcon_core.package_identification:_identify(src) by extension 'python'
[0.452s] Level 1:colcon.colcon_core.package_identification:_identify(src) by extensions ['python_setup_py']
[0.452s] Level 1:colcon.colcon_core.package_identification:_identify(src) by extension 'python_setup_py'
[0.458s] Level 1:colcon.colcon_core.package_identification:_identify(src/build) by extensions ['ignore', 'ignore_ament_install']
[0.458s] Level 1:colcon.colcon_core.package_identification:_identify(src/build) by extension 'ignore'
[0.458s] Level 1:colcon.colcon_core.package_identification:_identify(src/build) ignored
[0.458s] Level 1:colcon.colcon_core.package_identification:_identify(src/controller_launcher) by extensions ['ignore', 'ignore_ament_install']
[0.459s] Level 1:colcon.colcon_core.package_identification:_identify(src/controller_launcher) by extension 'ignore'
[0.459s] Level 1:colcon.colcon_core.package_identification:_identify(src/controller_launcher) by extension 'ignore_ament_install'
[0.459s] Level 1:colcon.colcon_core.package_identification:_identify(src/controller_launcher) by extensions ['colcon_pkg']
[0.459s] Level 1:colcon.colcon_core.package_identification:_identify(src/controller_launcher) by extension 'colcon_pkg'
[0.459s] Level 1:colcon.colcon_core.package_identification:_identify(src/controller_launcher) by extensions ['colcon_meta']
[0.459s] Level 1:colcon.colcon_core.package_identification:_identify(src/controller_launcher) by extension 'colcon_meta'
[0.459s] Level 1:colcon.colcon_core.package_identification:_identify(src/controller_launcher) by extensions ['ros']
[0.459s] Level 1:colcon.colcon_core.package_identification:_identify(src/controller_launcher) by extension 'ros'
[0.465s] DEBUG:colcon.colcon_core.package_identification:Package 'src/controller_launcher' with type 'ros.ament_python' and name 'controller_launcher'
[0.465s] Level 1:colcon.colcon_core.package_identification:_identify(src/install) by extensions ['ignore', 'ignore_ament_install']
[0.465s] Level 1:colcon.colcon_core.package_identification:_identify(src/install) by extension 'ignore'
[0.465s] Level 1:colcon.colcon_core.package_identification:_identify(src/install) ignored
[0.466s] Level 1:colcon.colcon_core.package_identification:_identify(src/kobuki_node) by extensions ['ignore', 'ignore_ament_install']
[0.466s] Level 1:colcon.colcon_core.package_identification:_identify(src/kobuki_node) by extension 'ignore'
[0.466s] Level 1:colcon.colcon_core.package_identification:_identify(src/kobuki_node) by extension 'ignore_ament_install'
[0.466s] Level 1:colcon.colcon_core.package_identification:_identify(src/kobuki_node) by extensions ['colcon_pkg']
[0.466s] Level 1:colcon.colcon_core.package_identification:_identify(src/kobuki_node) by extension 'colcon_pkg'
[0.466s] Level 1:colcon.colcon_core.package_identification:_identify(src/kobuki_node) by extensions ['colcon_meta']
[0.466s] Level 1:colcon.colcon_core.package_identification:_identify(src/kobuki_node) by extension 'colcon_meta'
[0.466s] Level 1:colcon.colcon_core.package_identification:_identify(src/kobuki_node) by extensions ['ros']
[0.466s] Level 1:colcon.colcon_core.package_identification:_identify(src/kobuki_node) by extension 'ros'
[0.469s] DEBUG:colcon.colcon_core.package_identification:Package 'src/kobuki_node' with type 'ros.ament_cmake' and name 'kobuki_node'
[0.469s] Level 1:colcon.colcon_core.package_identification:_identify(src/log) by extensions ['ignore', 'ignore_ament_install']
[0.470s] Level 1:colcon.colcon_core.package_identification:_identify(src/log) by extension 'ignore'
[0.470s] Level 1:colcon.colcon_core.package_identification:_identify(src/log) ignored
[0.470s] Level 1:colcon.colcon_core.package_identification:_identify(src/opengv) by extensions ['ignore', 'ignore_ament_install']
[0.470s] Level 1:colcon.colcon_core.package_identification:_identify(src/opengv) by extension 'ignore'
[0.470s] Level 1:colcon.colcon_core.package_identification:_identify(src/opengv) by extension 'ignore_ament_install'
[0.470s] Level 1:colcon.colcon_core.package_identification:_identify(src/opengv) by extensions ['colcon_pkg']
[0.470s] Level 1:colcon.colcon_core.package_identification:_identify(src/opengv) by extension 'colcon_pkg'
[0.470s] Level 1:colcon.colcon_core.package_identification:_identify(src/opengv) by extensions ['colcon_meta']
[0.470s] Level 1:colcon.colcon_core.package_identification:_identify(src/opengv) by extension 'colcon_meta'
[0.470s] Level 1:colcon.colcon_core.package_identification:_identify(src/opengv) by extensions ['ros']
[0.470s] Level 1:colcon.colcon_core.package_identification:_identify(src/opengv) by extension 'ros'
[0.471s] Level 1:colcon.colcon_core.package_identification:_identify(src/opengv) ignored
[0.471s] Level 1:colcon.colcon_core.package_identification:_identify(src/ov2slam-ros2) by extensions ['ignore', 'ignore_ament_install']
[0.471s] Level 1:colcon.colcon_core.package_identification:_identify(src/ov2slam-ros2) by extension 'ignore'
[0.471s] Level 1:colcon.colcon_core.package_identification:_identify(src/ov2slam-ros2) by extension 'ignore_ament_install'
[0.471s] Level 1:colcon.colcon_core.package_identification:_identify(src/ov2slam-ros2) by extensions ['colcon_pkg']
[0.471s] Level 1:colcon.colcon_core.package_identification:_identify(src/ov2slam-ros2) by extension 'colcon_pkg'
[0.471s] Level 1:colcon.colcon_core.package_identification:_identify(src/ov2slam-ros2) by extensions ['colcon_meta']
[0.471s] Level 1:colcon.colcon_core.package_identification:_identify(src/ov2slam-ros2) by extension 'colcon_meta'
[0.471s] Level 1:colcon.colcon_core.package_identification:_identify(src/ov2slam-ros2) by extensions ['ros']
[0.471s] Level 1:colcon.colcon_core.package_identification:_identify(src/ov2slam-ros2) by extension 'ros'
[0.473s] DEBUG:colcon.colcon_core.package_identification:Package 'src/ov2slam-ros2' with type 'ros.ament_cmake' and name 'ov2slam'
[0.473s] Level 1:colcon.colcon_core.package_identification:_identify(src/teleop_twist_joy) by extensions ['ignore', 'ignore_ament_install']
[0.473s] Level 1:colcon.colcon_core.package_identification:_identify(src/teleop_twist_joy) by extension 'ignore'
[0.473s] Level 1:colcon.colcon_core.package_identification:_identify(src/teleop_twist_joy) by extension 'ignore_ament_install'
[0.473s] Level 1:colcon.colcon_core.package_identification:_identify(src/teleop_twist_joy) by extensions ['colcon_pkg']
[0.473s] Level 1:colcon.colcon_core.package_identification:_identify(src/teleop_twist_joy) by extension 'colcon_pkg'
[0.473s] Level 1:colcon.colcon_core.package_identification:_identify(src/teleop_twist_joy) by extensions ['colcon_meta']
[0.473s] Level 1:colcon.colcon_core.package_identification:_identify(src/teleop_twist_joy) by extension 'colcon_meta'
[0.473s] Level 1:colcon.colcon_core.package_identification:_identify(src/teleop_twist_joy) by extensions ['ros']
[0.473s] Level 1:colcon.colcon_core.package_identification:_identify(src/teleop_twist_joy) by extension 'ros'
[0.475s] DEBUG:colcon.colcon_core.package_identification:Package 'src/teleop_twist_joy' with type 'ros.ament_cmake' and name 'teleop_twist_joy'
[0.475s] Level 1:colcon.colcon_core.package_discovery:discover_packages(recursive) using defaults
[0.475s] Level 1:colcon.colcon_core.package_discovery:discover_packages(ignore) discover
[0.475s] Level 1:colcon.colcon_core.package_discovery:discover_packages(ignore) using defaults
[0.475s] Level 1:colcon.colcon_core.package_discovery:discover_packages(path) discover
[0.475s] Level 1:colcon.colcon_core.package_discovery:discover_packages(path) using defaults
[0.502s] Level 1:colcon.colcon_core.package_discovery:discover_packages(prefix_path) check parameters
[0.502s] Level 1:colcon.colcon_core.package_discovery:discover_packages(prefix_path) discover
[0.504s] DEBUG:colcon.colcon_installed_package_information.package_discovery:Found 3 installed packages in /home/imr/ros2_ws/install
[0.505s] DEBUG:colcon.colcon_installed_package_information.package_discovery:Found 3 installed packages in /home/imr/jauremax_ros2/install
[0.505s] DEBUG:colcon.colcon_installed_package_information.package_discovery:Found 1 installed packages in /home/imr/install
[0.506s] DEBUG:colcon.colcon_installed_package_information.package_discovery:Found 4 installed packages in /home/imr/ws-for-ov2slam/install
[0.507s] DEBUG:colcon.colcon_installed_package_information.package_discovery:Found 4 installed packages in /home/imr/ws-for-ov2slam/src/install
[0.509s] DEBUG:colcon.colcon_installed_package_information.package_discovery:Found 413 installed packages in /opt/ros/humble
[0.511s] Level 1:colcon.colcon_core.package_discovery:discover_packages(prefix_path) using defaults
[0.572s] Level 5:colcon.colcon_core.verb:set package 'kobuki_node' build argument 'cmake_args' from command line to 'None'
[0.572s] Level 5:colcon.colcon_core.verb:set package 'kobuki_node' build argument 'cmake_target' from command line to 'None'
[0.572s] Level 5:colcon.colcon_core.verb:set package 'kobuki_node' build argument 'cmake_target_skip_unavailable' from command line to 'False'
[0.572s] Level 5:colcon.colcon_core.verb:set package 'kobuki_node' build argument 'cmake_clean_cache' from command line to 'False'
[0.572s] Level 5:colcon.colcon_core.verb:set package 'kobuki_node' build argument 'cmake_clean_first' from command line to 'False'
[0.572s] Level 5:colcon.colcon_core.verb:set package 'kobuki_node' build argument 'cmake_force_configure' from command line to 'False'
[0.572s] Level 5:colcon.colcon_core.verb:set package 'kobuki_node' build argument 'ament_cmake_args' from command line to 'None'
[0.572s] Level 5:colcon.colcon_core.verb:set package 'kobuki_node' build argument 'catkin_cmake_args' from command line to 'None'
[0.572s] Level 5:colcon.colcon_core.verb:set package 'kobuki_node' build argument 'catkin_skip_building_tests' from command line to 'False'
[0.572s] DEBUG:colcon.colcon_core.verb:Building package 'kobuki_node' with the following arguments: {'ament_cmake_args': None, 'build_base': '/home/imr/ws-for-ov2slam/build/kobuki_node', 'catkin_cmake_args': None, 'catkin_skip_building_tests': False, 'cmake_args': None, 'cmake_clean_cache': False, 'cmake_clean_first': False, 'cmake_force_configure': False, 'cmake_target': None, 'cmake_target_skip_unavailable': False, 'install_base': '/home/imr/ws-for-ov2slam/install/kobuki_node', 'merge_install': False, 'path': '/home/imr/ws-for-ov2slam/src/kobuki_node', 'symlink_install': False, 'test_result_base': None}
[0.572s] Level 5:colcon.colcon_core.verb:set package 'ov2slam' build argument 'cmake_args' from command line to 'None'
[0.573s] Level 5:colcon.colcon_core.verb:set package 'ov2slam' build argument 'cmake_target' from command line to 'None'
[0.573s] Level 5:colcon.colcon_core.verb:set package 'ov2slam' build argument 'cmake_target_skip_unavailable' from command line to 'False'
[0.573s] Level 5:colcon.colcon_core.verb:set package 'ov2slam' build argument 'cmake_clean_cache' from command line to 'False'
[0.573s] Level 5:colcon.colcon_core.verb:set package 'ov2slam' build argument 'cmake_clean_first' from command line to 'False'
[0.573s] Level 5:colcon.colcon_core.verb:set package 'ov2slam' build argument 'cmake_force_configure' from command line to 'False'
[0.573s] Level 5:colcon.colcon_core.verb:set package 'ov2slam' build argument 'ament_cmake_args' from command line to 'None'
[0.573s] Level 5:colcon.colcon_core.verb:set package 'ov2slam' build argument 'catkin_cmake_args' from command line to 'None'
[0.573s] Level 5:colcon.colcon_core.verb:set package 'ov2slam' build argument 'catkin_skip_building_tests' from command line to 'False'
[0.573s] DEBUG:colcon.colcon_core.verb:Building package 'ov2slam' with the following arguments: {'ament_cmake_args': None, 'build_base': '/home/imr/ws-for-ov2slam/build/ov2slam', 'catkin_cmake_args': None, 'catkin_skip_building_tests': False, 'cmake_args': None, 'cmake_clean_cache': False, 'cmake_clean_first': False, 'cmake_force_configure': False, 'cmake_target': None, 'cmake_target_skip_unavailable': False, 'install_base': '/home/imr/ws-for-ov2slam/install/ov2slam', 'merge_install': False, 'path': '/home/imr/ws-for-ov2slam/src/ov2slam-ros2', 'symlink_install': False, 'test_result_base': None}
[0.573s] Level 5:colcon.colcon_core.verb:set package 'teleop_twist_joy' build argument 'cmake_args' from command line to 'None'
[0.573s] Level 5:colcon.colcon_core.verb:set package 'teleop_twist_joy' build argument 'cmake_target' from command line to 'None'
[0.573s] Level 5:colcon.colcon_core.verb:set package 'teleop_twist_joy' build argument 'cmake_target_skip_unavailable' from command line to 'False'
[0.573s] Level 5:colcon.colcon_core.verb:set package 'teleop_twist_joy' build argument 'cmake_clean_cache' from command line to 'False'
[0.573s] Level 5:colcon.colcon_core.verb:set package 'teleop_twist_joy' build argument 'cmake_clean_first' from command line to 'False'
[0.573s] Level 5:colcon.colcon_core.verb:set package 'teleop_twist_joy' build argument 'cmake_force_configure' from command line to 'False'
[0.573s] Level 5:colcon.colcon_core.verb:set package 'teleop_twist_joy' build argument 'ament_cmake_args' from command line to 'None'
[0.573s] Level 5:colcon.colcon_core.verb:set package 'teleop_twist_joy' build argument 'catkin_cmake_args' from command line to 'None'
[0.573s] Level 5:colcon.colcon_core.verb:set package 'teleop_twist_joy' build argument 'catkin_skip_building_tests' from command line to 'False'
[0.573s] DEBUG:colcon.colcon_core.verb:Building package 'teleop_twist_joy' with the following arguments: {'ament_cmake_args': None, 'build_base': '/home/imr/ws-for-ov2slam/build/teleop_twist_joy', 'catkin_cmake_args': None, 'catkin_skip_building_tests': False, 'cmake_args': None, 'cmake_clean_cache': False, 'cmake_clean_first': False, 'cmake_force_configure': False, 'cmake_target': None, 'cmake_target_skip_unavailable': False, 'install_base': '/home/imr/ws-for-ov2slam/install/teleop_twist_joy', 'merge_install': False, 'path': '/home/imr/ws-for-ov2slam/src/teleop_twist_joy', 'symlink_install': False, 'test_result_base': None}
[0.574s] Level 5:colcon.colcon_core.verb:set package 'controller_launcher' build argument 'cmake_args' from command line to 'None'
[0.574s] Level 5:colcon.colcon_core.verb:set package 'controller_launcher' build argument 'cmake_target' from command line to 'None'
[0.574s] Level 5:colcon.colcon_core.verb:set package 'controller_launcher' build argument 'cmake_target_skip_unavailable' from command line to 'False'
[0.574s] Level 5:colcon.colcon_core.verb:set package 'controller_launcher' build argument 'cmake_clean_cache' from command line to 'False'
[0.574s] Level 5:colcon.colcon_core.verb:set package 'controller_launcher' build argument 'cmake_clean_first' from command line to 'False'
[0.574s] Level 5:colcon.colcon_core.verb:set package 'controller_launcher' build argument 'cmake_force_configure' from command line to 'False'
[0.574s] Level 5:colcon.colcon_core.verb:set package 'controller_launcher' build argument 'ament_cmake_args' from command line to 'None'
[0.574s] Level 5:colcon.colcon_core.verb:set package 'controller_launcher' build argument 'catkin_cmake_args' from command line to 'None'
[0.574s] Level 5:colcon.colcon_core.verb:set package 'controller_launcher' build argument 'catkin_skip_building_tests' from command line to 'False'
[0.574s] DEBUG:colcon.colcon_core.verb:Building package 'controller_launcher' with the following arguments: {'ament_cmake_args': None, 'build_base': '/home/imr/ws-for-ov2slam/build/controller_launcher', 'catkin_cmake_args': None, 'catkin_skip_building_tests': False, 'cmake_args': None, 'cmake_clean_cache': False, 'cmake_clean_first': False, 'cmake_force_configure': False, 'cmake_target': None, 'cmake_target_skip_unavailable': False, 'install_base': '/home/imr/ws-for-ov2slam/install/controller_launcher', 'merge_install': False, 'path': '/home/imr/ws-for-ov2slam/src/controller_launcher', 'symlink_install': False, 'test_result_base': None}
[0.574s] INFO:colcon.colcon_core.executor:Executing jobs using 'parallel' executor
[0.575s] DEBUG:colcon.colcon_parallel_executor.executor.parallel:run_until_complete
[0.575s] INFO:colcon.colcon_ros.task.ament_cmake.build:Building ROS package in '/home/imr/ws-for-ov2slam/src/kobuki_node' with build type 'ament_cmake'
[0.575s] INFO:colcon.colcon_cmake.task.cmake.build:Building CMake package in '/home/imr/ws-for-ov2slam/src/kobuki_node'
[0.578s] INFO:colcon.colcon_core.plugin_system:Skipping extension 'colcon_core.shell.bat': Not used on non-Windows systems
[0.578s] INFO:colcon.colcon_core.shell:Skip shell extension 'powershell' for command environment: Not usable outside of PowerShell
[0.578s] DEBUG:colcon.colcon_core.shell:Skip shell extension 'dsv' for command environment
[0.588s] INFO:colcon.colcon_ros.task.ament_cmake.build:Building ROS package in '/home/imr/ws-for-ov2slam/src/teleop_twist_joy' with build type 'ament_cmake'
[0.588s] INFO:colcon.colcon_cmake.task.cmake.build:Building CMake package in '/home/imr/ws-for-ov2slam/src/teleop_twist_joy'
[0.588s] INFO:colcon.colcon_core.shell:Skip shell extension 'powershell' for command environment: Not usable outside of PowerShell
[0.588s] DEBUG:colcon.colcon_core.shell:Skip shell extension 'dsv' for command environment
[0.595s] INFO:colcon.colcon_ros.task.ament_cmake.build:Building ROS package in '/home/imr/ws-for-ov2slam/src/ov2slam-ros2' with build type 'ament_cmake'
[0.595s] INFO:colcon.colcon_cmake.task.cmake.build:Building CMake package in '/home/imr/ws-for-ov2slam/src/ov2slam-ros2'
[0.595s] INFO:colcon.colcon_core.shell:Skip shell extension 'powershell' for command environment: Not usable outside of PowerShell
[0.596s] DEBUG:colcon.colcon_core.shell:Skip shell extension 'dsv' for command environment
[0.613s] DEBUG:colcon.colcon_core.event_handler.log_command:Invoking command in '/home/imr/ws-for-ov2slam/build/kobuki_node': CMAKE_PREFIX_PATH=${CMAKE_PREFIX_PATH}:/home/imr/jauremax_ros2/install/controller_launcher:/home/imr/install/controller_launcher:/home/imr/ws-for-ov2slam/install/controller_launcher:/home/imr/ws-for-ov2slam/src/install/controller_launcher:/home/imr/ws-for-ov2slam/src/install/teleop_twist_joy:/home/imr/ws-for-ov2slam/src/install/kobuki_node:/opt/ros/humble /usr/bin/cmake --build /home/imr/ws-for-ov2slam/build/kobuki_node -- -j4 -l4
[0.618s] DEBUG:colcon.colcon_core.event_handler.log_command:Invoking command in '/home/imr/ws-for-ov2slam/build/teleop_twist_joy': CMAKE_PREFIX_PATH=${CMAKE_PREFIX_PATH}:/home/imr/jauremax_ros2/install/controller_launcher:/home/imr/install/controller_launcher:/home/imr/ws-for-ov2slam/install/controller_launcher:/home/imr/ws-for-ov2slam/src/install/controller_launcher:/home/imr/ws-for-ov2slam/src/install/teleop_twist_joy:/home/imr/ws-for-ov2slam/src/install/kobuki_node:/opt/ros/humble /usr/bin/cmake --build /home/imr/ws-for-ov2slam/build/teleop_twist_joy -- -j4 -l4
[0.627s] DEBUG:colcon.colcon_core.event_handler.log_command:Invoking command in '/home/imr/ws-for-ov2slam/build/ov2slam': CMAKE_PREFIX_PATH=${CMAKE_PREFIX_PATH}:/home/imr/jauremax_ros2/install/controller_launcher:/home/imr/install/controller_launcher:/home/imr/ws-for-ov2slam/install/controller_launcher:/home/imr/ws-for-ov2slam/src/install/controller_launcher:/home/imr/ws-for-ov2slam/src/install/teleop_twist_joy:/home/imr/ws-for-ov2slam/src/install/kobuki_node:/opt/ros/humble /usr/bin/cmake --build /home/imr/ws-for-ov2slam/build/ov2slam -- -j4 -l4
[0.768s] DEBUG:colcon.colcon_core.event_handler.log_command:Invoked command in '/home/imr/ws-for-ov2slam/build/kobuki_node' returned '0': CMAKE_PREFIX_PATH=${CMAKE_PREFIX_PATH}:/home/imr/jauremax_ros2/install/controller_launcher:/home/imr/install/controller_launcher:/home/imr/ws-for-ov2slam/install/controller_launcher:/home/imr/ws-for-ov2slam/src/install/controller_launcher:/home/imr/ws-for-ov2slam/src/install/teleop_twist_joy:/home/imr/ws-for-ov2slam/src/install/kobuki_node:/opt/ros/humble /usr/bin/cmake --build /home/imr/ws-for-ov2slam/build/kobuki_node -- -j4 -l4
[0.783s] DEBUG:colcon.colcon_core.event_handler.log_command:Invoking command in '/home/imr/ws-for-ov2slam/build/kobuki_node': CMAKE_PREFIX_PATH=${CMAKE_PREFIX_PATH}:/home/imr/jauremax_ros2/install/controller_launcher:/home/imr/install/controller_launcher:/home/imr/ws-for-ov2slam/install/controller_launcher:/home/imr/ws-for-ov2slam/src/install/controller_launcher:/home/imr/ws-for-ov2slam/src/install/teleop_twist_joy:/home/imr/ws-for-ov2slam/src/install/kobuki_node:/opt/ros/humble /usr/bin/cmake --install /home/imr/ws-for-ov2slam/build/kobuki_node
[0.785s] DEBUG:colcon.colcon_core.event_handler.log_command:Invoked command in '/home/imr/ws-for-ov2slam/build/teleop_twist_joy' returned '0': CMAKE_PREFIX_PATH=${CMAKE_PREFIX_PATH}:/home/imr/jauremax_ros2/install/controller_launcher:/home/imr/install/controller_launcher:/home/imr/ws-for-ov2slam/install/controller_launcher:/home/imr/ws-for-ov2slam/src/install/controller_launcher:/home/imr/ws-for-ov2slam/src/install/teleop_twist_joy:/home/imr/ws-for-ov2slam/src/install/kobuki_node:/opt/ros/humble /usr/bin/cmake --build /home/imr/ws-for-ov2slam/build/teleop_twist_joy -- -j4 -l4
[0.788s] DEBUG:colcon.colcon_core.event_handler.log_command:Invoking command in '/home/imr/ws-for-ov2slam/build/teleop_twist_joy': CMAKE_PREFIX_PATH=${CMAKE_PREFIX_PATH}:/home/imr/jauremax_ros2/install/controller_launcher:/home/imr/install/controller_launcher:/home/imr/ws-for-ov2slam/install/controller_launcher:/home/imr/ws-for-ov2slam/src/install/controller_launcher:/home/imr/ws-for-ov2slam/src/install/teleop_twist_joy:/home/imr/ws-for-ov2slam/src/install/kobuki_node:/opt/ros/humble /usr/bin/cmake --install /home/imr/ws-for-ov2slam/build/teleop_twist_joy
[0.806s] Level 1:colcon.colcon_core.environment:create_environment_scripts_only(kobuki_node)
[0.810s] DEBUG:colcon.colcon_core.event_handler.log_command:Invoked command in '/home/imr/ws-for-ov2slam/build/kobuki_node' returned '0': CMAKE_PREFIX_PATH=${CMAKE_PREFIX_PATH}:/home/imr/jauremax_ros2/install/controller_launcher:/home/imr/install/controller_launcher:/home/imr/ws-for-ov2slam/install/controller_launcher:/home/imr/ws-for-ov2slam/src/install/controller_launcher:/home/imr/ws-for-ov2slam/src/install/teleop_twist_joy:/home/imr/ws-for-ov2slam/src/install/kobuki_node:/opt/ros/humble /usr/bin/cmake --install /home/imr/ws-for-ov2slam/build/kobuki_node
[0.815s] Level 1:colcon.colcon_core.environment:checking '/home/imr/ws-for-ov2slam/install/kobuki_node' for CMake module files
[0.816s] Level 1:colcon.colcon_core.environment:checking '/home/imr/ws-for-ov2slam/install/kobuki_node' for CMake config files
[0.817s] Level 1:colcon.colcon_core.shell:create_environment_hook('kobuki_node', 'cmake_prefix_path')
[0.817s] INFO:colcon.colcon_core.shell:Creating environment hook '/home/imr/ws-for-ov2slam/install/kobuki_node/share/kobuki_node/hook/cmake_prefix_path.ps1'
[0.818s] INFO:colcon.colcon_core.shell:Creating environment descriptor '/home/imr/ws-for-ov2slam/install/kobuki_node/share/kobuki_node/hook/cmake_prefix_path.dsv'
[0.819s] INFO:colcon.colcon_core.shell:Creating environment hook '/home/imr/ws-for-ov2slam/install/kobuki_node/share/kobuki_node/hook/cmake_prefix_path.sh'
[0.820s] Level 1:colcon.colcon_core.environment:checking '/home/imr/ws-for-ov2slam/install/kobuki_node/lib'
[0.821s] Level 1:colcon.colcon_core.shell:create_environment_hook('kobuki_node', 'ld_library_path_lib')
[0.821s] INFO:colcon.colcon_core.shell:Creating environment hook '/home/imr/ws-for-ov2slam/install/kobuki_node/share/kobuki_node/hook/ld_library_path_lib.ps1'
[0.821s] INFO:colcon.colcon_core.shell:Creating environment descriptor '/home/imr/ws-for-ov2slam/install/kobuki_node/share/kobuki_node/hook/ld_library_path_lib.dsv'
[0.822s] INFO:colcon.colcon_core.shell:Creating environment hook '/home/imr/ws-for-ov2slam/install/kobuki_node/share/kobuki_node/hook/ld_library_path_lib.sh'
[0.822s] Level 1:colcon.colcon_core.environment:checking '/home/imr/ws-for-ov2slam/install/kobuki_node/bin'
[0.823s] Level 1:colcon.colcon_core.environment:checking '/home/imr/ws-for-ov2slam/install/kobuki_node/lib/pkgconfig/kobuki_node.pc'
[0.823s] Level 1:colcon.colcon_core.environment:checking '/home/imr/ws-for-ov2slam/install/kobuki_node/lib/python3.10/site-packages'
[0.823s] Level 1:colcon.colcon_core.environment:checking '/home/imr/ws-for-ov2slam/install/kobuki_node/bin'
[0.824s] INFO:colcon.colcon_core.shell:Creating package script '/home/imr/ws-for-ov2slam/install/kobuki_node/share/kobuki_node/package.ps1'
[0.825s] INFO:colcon.colcon_core.shell:Creating package descriptor '/home/imr/ws-for-ov2slam/install/kobuki_node/share/kobuki_node/package.dsv'
[0.826s] INFO:colcon.colcon_core.shell:Creating package script '/home/imr/ws-for-ov2slam/install/kobuki_node/share/kobuki_node/package.sh'
[0.827s] INFO:colcon.colcon_core.shell:Creating package script '/home/imr/ws-for-ov2slam/install/kobuki_node/share/kobuki_node/package.bash'
[0.827s] INFO:colcon.colcon_core.shell:Creating package script '/home/imr/ws-for-ov2slam/install/kobuki_node/share/kobuki_node/package.zsh'
[0.828s] Level 1:colcon.colcon_core.environment:create_file_with_runtime_dependencies(/home/imr/ws-for-ov2slam/install/kobuki_node/share/colcon-core/packages/kobuki_node)
[0.829s] Level 1:colcon.colcon_core.environment:create_environment_scripts_only(kobuki_node)
[0.829s] Level 1:colcon.colcon_core.environment:checking '/home/imr/ws-for-ov2slam/install/kobuki_node' for CMake module files
[0.830s] Level 1:colcon.colcon_core.environment:checking '/home/imr/ws-for-ov2slam/install/kobuki_node' for CMake config files
[0.830s] Level 1:colcon.colcon_core.shell:create_environment_hook('kobuki_node', 'cmake_prefix_path')
[0.831s] INFO:colcon.colcon_core.shell:Creating environment hook '/home/imr/ws-for-ov2slam/install/kobuki_node/share/kobuki_node/hook/cmake_prefix_path.ps1'
[0.831s] INFO:colcon.colcon_core.shell:Creating environment descriptor '/home/imr/ws-for-ov2slam/install/kobuki_node/share/kobuki_node/hook/cmake_prefix_path.dsv'
[0.832s] INFO:colcon.colcon_core.shell:Creating environment hook '/home/imr/ws-for-ov2slam/install/kobuki_node/share/kobuki_node/hook/cmake_prefix_path.sh'
[0.833s] Level 1:colcon.colcon_core.environment:checking '/home/imr/ws-for-ov2slam/install/kobuki_node/lib'
[0.833s] Level 1:colcon.colcon_core.shell:create_environment_hook('kobuki_node', 'ld_library_path_lib')
[0.833s] INFO:colcon.colcon_core.shell:Creating environment hook '/home/imr/ws-for-ov2slam/install/kobuki_node/share/kobuki_node/hook/ld_library_path_lib.ps1'
[0.834s] INFO:colcon.colcon_core.shell:Creating environment descriptor '/home/imr/ws-for-ov2slam/install/kobuki_node/share/kobuki_node/hook/ld_library_path_lib.dsv'
[0.834s] INFO:colcon.colcon_core.shell:Creating environment hook '/home/imr/ws-for-ov2slam/install/kobuki_node/share/kobuki_node/hook/ld_library_path_lib.sh'
[0.835s] Level 1:colcon.colcon_core.environment:checking '/home/imr/ws-for-ov2slam/install/kobuki_node/bin'
[0.835s] Level 1:colcon.colcon_core.environment:checking '/home/imr/ws-for-ov2slam/install/kobuki_node/lib/pkgconfig/kobuki_node.pc'
[0.835s] Level 1:colcon.colcon_core.environment:checking '/home/imr/ws-for-ov2slam/install/kobuki_node/lib/python3.10/site-packages'
[0.835s] Level 1:colcon.colcon_core.environment:checking '/home/imr/ws-for-ov2slam/install/kobuki_node/bin'
[0.836s] INFO:colcon.colcon_core.shell:Creating package script '/home/imr/ws-for-ov2slam/install/kobuki_node/share/kobuki_node/package.ps1'
[0.836s] INFO:colcon.colcon_core.shell:Creating package descriptor '/home/imr/ws-for-ov2slam/install/kobuki_node/share/kobuki_node/package.dsv'
[0.837s] INFO:colcon.colcon_core.shell:Creating package script '/home/imr/ws-for-ov2slam/install/kobuki_node/share/kobuki_node/package.sh'
[0.837s] INFO:colcon.colcon_core.shell:Creating package script '/home/imr/ws-for-ov2slam/install/kobuki_node/share/kobuki_node/package.bash'
[0.838s] INFO:colcon.colcon_core.shell:Creating package script '/home/imr/ws-for-ov2slam/install/kobuki_node/share/kobuki_node/package.zsh'
[0.839s] Level 1:colcon.colcon_core.environment:create_file_with_runtime_dependencies(/home/imr/ws-for-ov2slam/install/kobuki_node/share/colcon-core/packages/kobuki_node)
[0.841s] Level 1:colcon.colcon_core.environment:create_environment_scripts_only(teleop_twist_joy)
[0.841s] Level 1:colcon.colcon_core.environment:checking '/home/imr/ws-for-ov2slam/install/teleop_twist_joy' for CMake module files
[0.842s] DEBUG:colcon.colcon_core.event_handler.log_command:Invoked command in '/home/imr/ws-for-ov2slam/build/teleop_twist_joy' returned '0': CMAKE_PREFIX_PATH=${CMAKE_PREFIX_PATH}:/home/imr/jauremax_ros2/install/controller_launcher:/home/imr/install/controller_launcher:/home/imr/ws-for-ov2slam/install/controller_launcher:/home/imr/ws-for-ov2slam/src/install/controller_launcher:/home/imr/ws-for-ov2slam/src/install/teleop_twist_joy:/home/imr/ws-for-ov2slam/src/install/kobuki_node:/opt/ros/humble /usr/bin/cmake --install /home/imr/ws-for-ov2slam/build/teleop_twist_joy
[0.843s] Level 1:colcon.colcon_core.environment:checking '/home/imr/ws-for-ov2slam/install/teleop_twist_joy' for CMake config files
[0.843s] Level 1:colcon.colcon_core.shell:create_environment_hook('teleop_twist_joy', 'cmake_prefix_path')
[0.844s] INFO:colcon.colcon_core.shell:Creating environment hook '/home/imr/ws-for-ov2slam/install/teleop_twist_joy/share/teleop_twist_joy/hook/cmake_prefix_path.ps1'
[0.844s] INFO:colcon.colcon_core.shell:Creating environment descriptor '/home/imr/ws-for-ov2slam/install/teleop_twist_joy/share/teleop_twist_joy/hook/cmake_prefix_path.dsv'
[0.845s] INFO:colcon.colcon_core.shell:Creating environment hook '/home/imr/ws-for-ov2slam/install/teleop_twist_joy/share/teleop_twist_joy/hook/cmake_prefix_path.sh'
[0.846s] Level 1:colcon.colcon_core.environment:checking '/home/imr/ws-for-ov2slam/install/teleop_twist_joy/lib'
[0.846s] Level 1:colcon.colcon_core.shell:create_environment_hook('teleop_twist_joy', 'ld_library_path_lib')
[0.846s] INFO:colcon.colcon_core.shell:Creating environment hook '/home/imr/ws-for-ov2slam/install/teleop_twist_joy/share/teleop_twist_joy/hook/ld_library_path_lib.ps1'
[0.847s] INFO:colcon.colcon_core.shell:Creating environment descriptor '/home/imr/ws-for-ov2slam/install/teleop_twist_joy/share/teleop_twist_joy/hook/ld_library_path_lib.dsv'
[0.847s] INFO:colcon.colcon_core.shell:Creating environment hook '/home/imr/ws-for-ov2slam/install/teleop_twist_joy/share/teleop_twist_joy/hook/ld_library_path_lib.sh'
[0.848s] Level 1:colcon.colcon_core.environment:checking '/home/imr/ws-for-ov2slam/install/teleop_twist_joy/bin'
[0.848s] Level 1:colcon.colcon_core.environment:checking '/home/imr/ws-for-ov2slam/install/teleop_twist_joy/lib/pkgconfig/teleop_twist_joy.pc'
[0.848s] Level 1:colcon.colcon_core.environment:checking '/home/imr/ws-for-ov2slam/install/teleop_twist_joy/lib/python3.10/site-packages'
[0.849s] Level 1:colcon.colcon_core.environment:checking '/home/imr/ws-for-ov2slam/install/teleop_twist_joy/bin'
[0.849s] INFO:colcon.colcon_core.shell:Creating package script '/home/imr/ws-for-ov2slam/install/teleop_twist_joy/share/teleop_twist_joy/package.ps1'
[0.850s] INFO:colcon.colcon_core.shell:Creating package descriptor '/home/imr/ws-for-ov2slam/install/teleop_twist_joy/share/teleop_twist_joy/package.dsv'
[0.851s] INFO:colcon.colcon_core.shell:Creating package script '/home/imr/ws-for-ov2slam/install/teleop_twist_joy/share/teleop_twist_joy/package.sh'
[0.852s] INFO:colcon.colcon_core.shell:Creating package script '/home/imr/ws-for-ov2slam/install/teleop_twist_joy/share/teleop_twist_joy/package.bash'
[0.852s] INFO:colcon.colcon_core.shell:Creating package script '/home/imr/ws-for-ov2slam/install/teleop_twist_joy/share/teleop_twist_joy/package.zsh'
[0.853s] Level 1:colcon.colcon_core.environment:create_file_with_runtime_dependencies(/home/imr/ws-for-ov2slam/install/teleop_twist_joy/share/colcon-core/packages/teleop_twist_joy)
[0.855s] Level 1:colcon.colcon_core.environment:create_environment_scripts_only(teleop_twist_joy)
[0.855s] Level 1:colcon.colcon_core.environment:checking '/home/imr/ws-for-ov2slam/install/teleop_twist_joy' for CMake module files
[0.856s] Level 1:colcon.colcon_core.environment:checking '/home/imr/ws-for-ov2slam/install/teleop_twist_joy' for CMake config files
[0.856s] Level 1:colcon.colcon_core.shell:create_environment_hook('teleop_twist_joy', 'cmake_prefix_path')
[0.857s] INFO:colcon.colcon_core.shell:Creating environment hook '/home/imr/ws-for-ov2slam/install/teleop_twist_joy/share/teleop_twist_joy/hook/cmake_prefix_path.ps1'
[0.857s] INFO:colcon.colcon_core.shell:Creating environment descriptor '/home/imr/ws-for-ov2slam/install/teleop_twist_joy/share/teleop_twist_joy/hook/cmake_prefix_path.dsv'
[0.858s] INFO:colcon.colcon_core.shell:Creating environment hook '/home/imr/ws-for-ov2slam/install/teleop_twist_joy/share/teleop_twist_joy/hook/cmake_prefix_path.sh'
[0.859s] Level 1:colcon.colcon_core.environment:checking '/home/imr/ws-for-ov2slam/install/teleop_twist_joy/lib'
[0.859s] Level 1:colcon.colcon_core.shell:create_environment_hook('teleop_twist_joy', 'ld_library_path_lib')
[0.859s] INFO:colcon.colcon_core.shell:Creating environment hook '/home/imr/ws-for-ov2slam/install/teleop_twist_joy/share/teleop_twist_joy/hook/ld_library_path_lib.ps1'
[0.860s] INFO:colcon.colcon_core.shell:Creating environment descriptor '/home/imr/ws-for-ov2slam/install/teleop_twist_joy/share/teleop_twist_joy/hook/ld_library_path_lib.dsv'
[0.860s] INFO:colcon.colcon_core.shell:Creating environment hook '/home/imr/ws-for-ov2slam/install/teleop_twist_joy/share/teleop_twist_joy/hook/ld_library_path_lib.sh'
[0.861s] Level 1:colcon.colcon_core.environment:checking '/home/imr/ws-for-ov2slam/install/teleop_twist_joy/bin'
[0.861s] Level 1:colcon.colcon_core.environment:checking '/home/imr/ws-for-ov2slam/install/teleop_twist_joy/lib/pkgconfig/teleop_twist_joy.pc'
[0.861s] Level 1:colcon.colcon_core.environment:checking '/home/imr/ws-for-ov2slam/install/teleop_twist_joy/lib/python3.10/site-packages'
[0.861s] Level 1:colcon.colcon_core.environment:checking '/home/imr/ws-for-ov2slam/install/teleop_twist_joy/bin'
[0.862s] INFO:colcon.colcon_core.shell:Creating package script '/home/imr/ws-for-ov2slam/install/teleop_twist_joy/share/teleop_twist_joy/package.ps1'
[0.862s] INFO:colcon.colcon_core.shell:Creating package descriptor '/home/imr/ws-for-ov2slam/install/teleop_twist_joy/share/teleop_twist_joy/package.dsv'
[0.863s] INFO:colcon.colcon_core.shell:Creating package script '/home/imr/ws-for-ov2slam/install/teleop_twist_joy/share/teleop_twist_joy/package.sh'
[0.863s] INFO:colcon.colcon_core.shell:Creating package script '/home/imr/ws-for-ov2slam/install/teleop_twist_joy/share/teleop_twist_joy/package.bash'
[0.864s] INFO:colcon.colcon_core.shell:Creating package script '/home/imr/ws-for-ov2slam/install/teleop_twist_joy/share/teleop_twist_joy/package.zsh'
[0.864s] Level 1:colcon.colcon_core.environment:create_file_with_runtime_dependencies(/home/imr/ws-for-ov2slam/install/teleop_twist_joy/share/colcon-core/packages/teleop_twist_joy)
[0.864s] INFO:colcon.colcon_ros.task.ament_python.build:Building ROS package in '/home/imr/ws-for-ov2slam/src/controller_launcher' with build type 'ament_python'
[0.865s] Level 1:colcon.colcon_core.shell:create_environment_hook('controller_launcher', 'ament_prefix_path')
[0.865s] INFO:colcon.colcon_core.shell:Creating environment hook '/home/imr/ws-for-ov2slam/install/controller_launcher/share/controller_launcher/hook/ament_prefix_path.ps1'
[0.867s] INFO:colcon.colcon_core.shell:Creating environment descriptor '/home/imr/ws-for-ov2slam/install/controller_launcher/share/controller_launcher/hook/ament_prefix_path.dsv'
[0.867s] INFO:colcon.colcon_core.shell:Creating environment hook '/home/imr/ws-for-ov2slam/install/controller_launcher/share/controller_launcher/hook/ament_prefix_path.sh'
[0.868s] INFO:colcon.colcon_core.shell:Skip shell extension 'powershell' for command environment: Not usable outside of PowerShell
[0.869s] DEBUG:colcon.colcon_core.shell:Skip shell extension 'dsv' for command environment
[1.379s] INFO:colcon.colcon_core.task.python.build:Building Python package in '/home/imr/ws-for-ov2slam/src/controller_launcher'
[1.379s] INFO:colcon.colcon_core.shell:Skip shell extension 'powershell' for command environment: Not usable outside of PowerShell
[1.379s] DEBUG:colcon.colcon_core.shell:Skip shell extension 'dsv' for command environment
[1.387s] DEBUG:colcon.colcon_core.event_handler.log_command:Invoked command in '/home/imr/ws-for-ov2slam/build/ov2slam' returned '0': CMAKE_PREFIX_PATH=${CMAKE_PREFIX_PATH}:/home/imr/jauremax_ros2/install/controller_launcher:/home/imr/install/controller_launcher:/home/imr/ws-for-ov2slam/install/controller_launcher:/home/imr/ws-for-ov2slam/src/install/controller_launcher:/home/imr/ws-for-ov2slam/src/install/teleop_twist_joy:/home/imr/ws-for-ov2slam/src/install/kobuki_node:/opt/ros/humble /usr/bin/cmake --build /home/imr/ws-for-ov2slam/build/ov2slam -- -j4 -l4
[1.389s] DEBUG:colcon.colcon_core.event_handler.log_command:Invoking command in '/home/imr/ws-for-ov2slam/build/ov2slam': CMAKE_PREFIX_PATH=${CMAKE_PREFIX_PATH}:/home/imr/jauremax_ros2/install/controller_launcher:/home/imr/install/controller_launcher:/home/imr/ws-for-ov2slam/install/controller_launcher:/home/imr/ws-for-ov2slam/src/install/controller_launcher:/home/imr/ws-for-ov2slam/src/install/teleop_twist_joy:/home/imr/ws-for-ov2slam/src/install/kobuki_node:/opt/ros/humble /usr/bin/cmake --install /home/imr/ws-for-ov2slam/build/ov2slam
[1.407s] Level 1:colcon.colcon_core.environment:create_environment_scripts_only(ov2slam)
[1.408s] Level 1:colcon.colcon_core.environment:checking '/home/imr/ws-for-ov2slam/install/ov2slam' for CMake module files
[1.408s] DEBUG:colcon.colcon_core.event_handler.log_command:Invoked command in '/home/imr/ws-for-ov2slam/build/ov2slam' returned '0': CMAKE_PREFIX_PATH=${CMAKE_PREFIX_PATH}:/home/imr/jauremax_ros2/install/controller_launcher:/home/imr/install/controller_launcher:/home/imr/ws-for-ov2slam/install/controller_launcher:/home/imr/ws-for-ov2slam/src/install/controller_launcher:/home/imr/ws-for-ov2slam/src/install/teleop_twist_joy:/home/imr/ws-for-ov2slam/src/install/kobuki_node:/opt/ros/humble /usr/bin/cmake --install /home/imr/ws-for-ov2slam/build/ov2slam
[1.409s] Level 1:colcon.colcon_core.environment:checking '/home/imr/ws-for-ov2slam/install/ov2slam' for CMake config files
[1.409s] Level 1:colcon.colcon_core.shell:create_environment_hook('ov2slam', 'cmake_prefix_path')
[1.410s] INFO:colcon.colcon_core.shell:Creating environment hook '/home/imr/ws-for-ov2slam/install/ov2slam/share/ov2slam/hook/cmake_prefix_path.ps1'
[1.410s] INFO:colcon.colcon_core.shell:Creating environment descriptor '/home/imr/ws-for-ov2slam/install/ov2slam/share/ov2slam/hook/cmake_prefix_path.dsv'
[1.411s] INFO:colcon.colcon_core.shell:Creating environment hook '/home/imr/ws-for-ov2slam/install/ov2slam/share/ov2slam/hook/cmake_prefix_path.sh'
[1.412s] Level 1:colcon.colcon_core.environment:checking '/home/imr/ws-for-ov2slam/install/ov2slam/lib'
[1.412s] Level 1:colcon.colcon_core.shell:create_environment_hook('ov2slam', 'ld_library_path_lib')
[1.412s] INFO:colcon.colcon_core.shell:Creating environment hook '/home/imr/ws-for-ov2slam/install/ov2slam/share/ov2slam/hook/ld_library_path_lib.ps1'
[1.413s] INFO:colcon.colcon_core.shell:Creating environment descriptor '/home/imr/ws-for-ov2slam/install/ov2slam/share/ov2slam/hook/ld_library_path_lib.dsv'
[1.413s] INFO:colcon.colcon_core.shell:Creating environment hook '/home/imr/ws-for-ov2slam/install/ov2slam/share/ov2slam/hook/ld_library_path_lib.sh'
[1.414s] Level 1:colcon.colcon_core.environment:checking '/home/imr/ws-for-ov2slam/install/ov2slam/bin'
[1.414s] Level 1:colcon.colcon_core.environment:checking '/home/imr/ws-for-ov2slam/install/ov2slam/lib/pkgconfig/ov2slam.pc'
[1.414s] Level 1:colcon.colcon_core.environment:checking '/home/imr/ws-for-ov2slam/install/ov2slam/lib/python3.10/site-packages'
[1.415s] Level 1:colcon.colcon_core.environment:checking '/home/imr/ws-for-ov2slam/install/ov2slam/bin'
[1.415s] INFO:colcon.colcon_core.shell:Creating package script '/home/imr/ws-for-ov2slam/install/ov2slam/share/ov2slam/package.ps1'
[1.416s] INFO:colcon.colcon_core.shell:Creating package descriptor '/home/imr/ws-for-ov2slam/install/ov2slam/share/ov2slam/package.dsv'
[1.417s] INFO:colcon.colcon_core.shell:Creating package script '/home/imr/ws-for-ov2slam/install/ov2slam/share/ov2slam/package.sh'
[1.417s] INFO:colcon.colcon_core.shell:Creating package script '/home/imr/ws-for-ov2slam/install/ov2slam/share/ov2slam/package.bash'
[1.418s] INFO:colcon.colcon_core.shell:Creating package script '/home/imr/ws-for-ov2slam/install/ov2slam/share/ov2slam/package.zsh'
[1.418s] Level 1:colcon.colcon_core.environment:create_file_with_runtime_dependencies(/home/imr/ws-for-ov2slam/install/ov2slam/share/colcon-core/packages/ov2slam)
[1.419s] Level 1:colcon.colcon_core.environment:create_environment_scripts_only(ov2slam)
[1.420s] Level 1:colcon.colcon_core.environment:checking '/home/imr/ws-for-ov2slam/install/ov2slam' for CMake module files
[1.420s] Level 1:colcon.colcon_core.environment:checking '/home/imr/ws-for-ov2slam/install/ov2slam' for CMake config files
[1.421s] Level 1:colcon.colcon_core.shell:create_environment_hook('ov2slam', 'cmake_prefix_path')
[1.421s] INFO:colcon.colcon_core.shell:Creating environment hook '/home/imr/ws-for-ov2slam/install/ov2slam/share/ov2slam/hook/cmake_prefix_path.ps1'
[1.422s] INFO:colcon.colcon_core.shell:Creating environment descriptor '/home/imr/ws-for-ov2slam/install/ov2slam/share/ov2slam/hook/cmake_prefix_path.dsv'
[1.422s] INFO:colcon.colcon_core.shell:Creating environment hook '/home/imr/ws-for-ov2slam/install/ov2slam/share/ov2slam/hook/cmake_prefix_path.sh'
[1.423s] Level 1:colcon.colcon_core.environment:checking '/home/imr/ws-for-ov2slam/install/ov2slam/lib'
[1.423s] Level 1:colcon.colcon_core.shell:create_environment_hook('ov2slam', 'ld_library_path_lib')
[1.423s] INFO:colcon.colcon_core.shell:Creating environment hook '/home/imr/ws-for-ov2slam/install/ov2slam/share/ov2slam/hook/ld_library_path_lib.ps1'
[1.424s] INFO:colcon.colcon_core.shell:Creating environment descriptor '/home/imr/ws-for-ov2slam/install/ov2slam/share/ov2slam/hook/ld_library_path_lib.dsv'
[1.424s] INFO:colcon.colcon_core.shell:Creating environment hook '/home/imr/ws-for-ov2slam/install/ov2slam/share/ov2slam/hook/ld_library_path_lib.sh'
[1.425s] Level 1:colcon.colcon_core.environment:checking '/home/imr/ws-for-ov2slam/install/ov2slam/bin'
[1.425s] Level 1:colcon.colcon_core.environment:checking '/home/imr/ws-for-ov2slam/install/ov2slam/lib/pkgconfig/ov2slam.pc'
[1.426s] Level 1:colcon.colcon_core.environment:checking '/home/imr/ws-for-ov2slam/install/ov2slam/lib/python3.10/site-packages'
[1.426s] Level 1:colcon.colcon_core.environment:checking '/home/imr/ws-for-ov2slam/install/ov2slam/bin'
[1.426s] INFO:colcon.colcon_core.shell:Creating package script '/home/imr/ws-for-ov2slam/install/ov2slam/share/ov2slam/package.ps1'
[1.427s] INFO:colcon.colcon_core.shell:Creating package descriptor '/home/imr/ws-for-ov2slam/install/ov2slam/share/ov2slam/package.dsv'
[1.428s] INFO:colcon.colcon_core.shell:Creating package script '/home/imr/ws-for-ov2slam/install/ov2slam/share/ov2slam/package.sh'
[1.429s] INFO:colcon.colcon_core.shell:Creating package script '/home/imr/ws-for-ov2slam/install/ov2slam/share/ov2slam/package.bash'
[1.429s] INFO:colcon.colcon_core.shell:Creating package script '/home/imr/ws-for-ov2slam/install/ov2slam/share/ov2slam/package.zsh'
[1.430s] Level 1:colcon.colcon_core.environment:create_file_with_runtime_dependencies(/home/imr/ws-for-ov2slam/install/ov2slam/share/colcon-core/packages/ov2slam)
[2.169s] DEBUG:colcon.colcon_core.event_handler.log_command:Invoking command in '/home/imr/ws-for-ov2slam/src/controller_launcher': CMAKE_PREFIX_PATH=/home/imr/ws-for-ov2slam/install/teleop_twist_joy:/home/imr/ws-for-ov2slam/install/kobuki_node:/home/imr/jauremax_ros2/install/teleop_twist_joy:/home/imr/jauremax_ros2/install/kobuki_node:/home/imr/ros2_ws/install/realsense2_description:/home/imr/ros2_ws/install/realsense2_camera:/home/imr/ros2_ws/install/realsense2_camera_msgs:/home/imr/ws-for-ov2slam/install/ov2slam:/home/imr/ws-for-ov2slam/src/install/librealsense2 LD_LIBRARY_PATH=/home/imr/ws-for-ov2slam/install/teleop_twist_joy/lib:/home/imr/ws-for-ov2slam/install/kobuki_node/lib:/usr/local/lib:/home/imr/jauremax_ros2/install/teleop_twist_joy/lib:/home/imr/jauremax_ros2/install/kobuki_node/lib:/home/imr/ros2_ws/install/realsense2_camera/lib:/home/imr/ros2_ws/install/realsense2_camera_msgs/lib:/home/imr/ws-for-ov2slam/install/ov2slam/lib:/home/imr/ws-for-ov2slam/src/install/teleop_twist_joy/lib:/home/imr/ws-for-ov2slam/src/install/librealsense2/lib:/opt/ros/humble/opt/rviz_ogre_vendor/lib:/opt/ros/humble/lib/x86_64-linux-gnu:/opt/ros/humble/lib PYTHONPATH=/home/imr/ws-for-ov2slam/build/controller_launcher/prefix_override:/usr/lib/python3/dist-packages/colcon_core/task/python/colcon_distutils_commands:/home/imr/ws-for-ov2slam/install/controller_launcher/lib/python3.10/site-packages:${PYTHONPATH} /usr/bin/python3 -W ignore:setup.py install is deprecated -W ignore:easy_install command is deprecated setup.py egg_info --egg-base ../../build/controller_launcher build --build-base /home/imr/ws-for-ov2slam/build/controller_launcher/build install --record /home/imr/ws-for-ov2slam/build/controller_launcher/install.log --single-version-externally-managed install_data
[2.921s] Level 1:colcon.colcon_core.environment:checking '/home/imr/ws-for-ov2slam/install/controller_launcher' for CMake module files
[2.922s] DEBUG:colcon.colcon_core.event_handler.log_command:Invoked command in '/home/imr/ws-for-ov2slam/src/controller_launcher' returned '0': CMAKE_PREFIX_PATH=/home/imr/ws-for-ov2slam/install/teleop_twist_joy:/home/imr/ws-for-ov2slam/install/kobuki_node:/home/imr/jauremax_ros2/install/teleop_twist_joy:/home/imr/jauremax_ros2/install/kobuki_node:/home/imr/ros2_ws/install/realsense2_description:/home/imr/ros2_ws/install/realsense2_camera:/home/imr/ros2_ws/install/realsense2_camera_msgs:/home/imr/ws-for-ov2slam/install/ov2slam:/home/imr/ws-for-ov2slam/src/install/librealsense2 LD_LIBRARY_PATH=/home/imr/ws-for-ov2slam/install/teleop_twist_joy/lib:/home/imr/ws-for-ov2slam/install/kobuki_node/lib:/usr/local/lib:/home/imr/jauremax_ros2/install/teleop_twist_joy/lib:/home/imr/jauremax_ros2/install/kobuki_node/lib:/home/imr/ros2_ws/install/realsense2_camera/lib:/home/imr/ros2_ws/install/realsense2_camera_msgs/lib:/home/imr/ws-for-ov2slam/install/ov2slam/lib:/home/imr/ws-for-ov2slam/src/install/teleop_twist_joy/lib:/home/imr/ws-for-ov2slam/src/install/librealsense2/lib:/opt/ros/humble/opt/rviz_ogre_vendor/lib:/opt/ros/humble/lib/x86_64-linux-gnu:/opt/ros/humble/lib PYTHONPATH=/home/imr/ws-for-ov2slam/build/controller_launcher/prefix_override:/usr/lib/python3/dist-packages/colcon_core/task/python/colcon_distutils_commands:/home/imr/ws-for-ov2slam/install/controller_launcher/lib/python3.10/site-packages:${PYTHONPATH} /usr/bin/python3 -W ignore:setup.py install is deprecated -W ignore:easy_install command is deprecated setup.py egg_info --egg-base ../../build/controller_launcher build --build-base /home/imr/ws-for-ov2slam/build/controller_launcher/build install --record /home/imr/ws-for-ov2slam/build/controller_launcher/install.log --single-version-externally-managed install_data
[2.922s] Level 1:colcon.colcon_core.environment:checking '/home/imr/ws-for-ov2slam/install/controller_launcher' for CMake config files
[2.922s] Level 1:colcon.colcon_core.environment:checking '/home/imr/ws-for-ov2slam/install/controller_launcher/lib'
[2.922s] Level 1:colcon.colcon_core.environment:checking '/home/imr/ws-for-ov2slam/install/controller_launcher/bin'
[2.923s] Level 1:colcon.colcon_core.environment:checking '/home/imr/ws-for-ov2slam/install/controller_launcher/lib/pkgconfig/controller_launcher.pc'
[2.923s] Level 1:colcon.colcon_core.environment:checking '/home/imr/ws-for-ov2slam/install/controller_launcher/lib/python3.10/site-packages'
[2.923s] Level 1:colcon.colcon_core.shell:create_environment_hook('controller_launcher', 'pythonpath')
[2.923s] INFO:colcon.colcon_core.shell:Creating environment hook '/home/imr/ws-for-ov2slam/install/controller_launcher/share/controller_launcher/hook/pythonpath.ps1'
[2.924s] INFO:colcon.colcon_core.shell:Creating environment descriptor '/home/imr/ws-for-ov2slam/install/controller_launcher/share/controller_launcher/hook/pythonpath.dsv'
[2.924s] INFO:colcon.colcon_core.shell:Creating environment hook '/home/imr/ws-for-ov2slam/install/controller_launcher/share/controller_launcher/hook/pythonpath.sh'
[2.924s] Level 1:colcon.colcon_core.environment:checking '/home/imr/ws-for-ov2slam/install/controller_launcher/bin'
[2.925s] Level 1:colcon.colcon_core.environment:create_environment_scripts_only(controller_launcher)
[2.925s] INFO:colcon.colcon_core.shell:Creating package script '/home/imr/ws-for-ov2slam/install/controller_launcher/share/controller_launcher/package.ps1'
[2.925s] INFO:colcon.colcon_core.shell:Creating package descriptor '/home/imr/ws-for-ov2slam/install/controller_launcher/share/controller_launcher/package.dsv'
[2.926s] INFO:colcon.colcon_core.shell:Creating package script '/home/imr/ws-for-ov2slam/install/controller_launcher/share/controller_launcher/package.sh'
[2.926s] INFO:colcon.colcon_core.shell:Creating package script '/home/imr/ws-for-ov2slam/install/controller_launcher/share/controller_launcher/package.bash'
[2.927s] INFO:colcon.colcon_core.shell:Creating package script '/home/imr/ws-for-ov2slam/install/controller_launcher/share/controller_launcher/package.zsh'
[2.927s] Level 1:colcon.colcon_core.environment:create_file_with_runtime_dependencies(/home/imr/ws-for-ov2slam/install/controller_launcher/share/colcon-core/packages/controller_launcher)
[2.927s] DEBUG:colcon.colcon_parallel_executor.executor.parallel:closing loop
[2.928s] DEBUG:colcon.colcon_parallel_executor.executor.parallel:loop closed
[2.928s] DEBUG:colcon.colcon_parallel_executor.executor.parallel:run_until_complete finished with '0'
[2.928s] DEBUG:colcon.colcon_core.event_reactor:joining thread
[2.936s] INFO:colcon.colcon_core.plugin_system:Skipping extension 'colcon_notification.desktop_notification.terminal_notifier': Not used on non-Darwin systems
[2.936s] INFO:colcon.colcon_core.plugin_system:Skipping extension 'colcon_notification.desktop_notification.win32': Not used on non-Windows systems
[2.936s] INFO:colcon.colcon_notification.desktop_notification:Sending desktop notification using 'notify2'
[2.952s] DEBUG:colcon.colcon_core.event_reactor:joined thread
[2.953s] INFO:colcon.colcon_core.shell:Creating prefix script '/home/imr/ws-for-ov2slam/install/local_setup.ps1'
[2.954s] INFO:colcon.colcon_core.shell:Creating prefix util module '/home/imr/ws-for-ov2slam/install/_local_setup_util_ps1.py'
[2.958s] INFO:colcon.colcon_core.shell:Creating prefix chain script '/home/imr/ws-for-ov2slam/install/setup.ps1'
[2.961s] INFO:colcon.colcon_core.shell:Creating prefix script '/home/imr/ws-for-ov2slam/install/local_setup.sh'
[2.962s] INFO:colcon.colcon_core.shell:Creating prefix util module '/home/imr/ws-for-ov2slam/install/_local_setup_util_sh.py'
[2.962s] INFO:colcon.colcon_core.shell:Creating prefix chain script '/home/imr/ws-for-ov2slam/install/setup.sh'
[2.964s] INFO:colcon.colcon_core.shell:Creating prefix script '/home/imr/ws-for-ov2slam/install/local_setup.bash'
[2.967s] INFO:colcon.colcon_core.shell:Creating prefix chain script '/home/imr/ws-for-ov2slam/install/setup.bash'
[2.970s] INFO:colcon.colcon_core.shell:Creating prefix script '/home/imr/ws-for-ov2slam/install/local_setup.zsh'
[2.970s] INFO:colcon.colcon_core.shell:Creating prefix chain script '/home/imr/ws-for-ov2slam/install/setup.zsh'
