[0.027s] Invoking command in '/home/imr/ws-for-ov2slam/build/realsense2_description': AMENT_PREFIX_PATH=/home/imr/ws-for-ov2slam/install/realsense2_camera_msgs:${AMENT_PREFIX_PATH} CMAKE_PREFIX_PATH=/home/imr/ws-for-ov2slam/install/realsense2_camera_msgs:/home/imr/jauremax_ros2/install/teleop_twist_joy:/home/imr/jauremax_ros2/install/kobuki_node:/home/imr/ros2_ws/install/realsense2_description:/home/imr/ros2_ws/install/realsense2_camera:/home/imr/ros2_ws/install/realsense2_camera_msgs:/home/imr/ws-for-ov2slam/install/teleop_twist_joy:/home/imr/ws-for-ov2slam/install/ov2slam:/home/imr/ws-for-ov2slam/install/kobuki_node:/home/imr/ws-for-ov2slam/src/install/librealsense2:/home/imr/jauremax_ros2/install/controller_launcher:/home/imr/install/controller_launcher:/home/imr/ws-for-ov2slam/install/controller_launcher:/home/imr/ws-for-ov2slam/src/install/controller_launcher:/home/imr/ws-for-ov2slam/src/install/teleop_twist_joy:/home/imr/ws-for-ov2slam/src/install/kobuki_node:/opt/ros/humble LD_LIBRARY_PATH=/home/imr/ws-for-ov2slam/install/realsense2_camera_msgs/lib:${LD_LIBRARY_PATH} PYTHONPATH=/home/imr/ws-for-ov2slam/install/realsense2_camera_msgs/local/lib/python3.10/dist-packages:${PYTHONPATH} /usr/bin/cmake /home/imr/ws-for-ov2slam/src/realsense-ros/realsense2_description -DCMAKE_INSTALL_PREFIX=/home/imr/ws-for-ov2slam/install/realsense2_description
[0.116s] -- The C compiler identification is GNU 11.4.0
[0.206s] -- The CXX compiler identification is GNU 11.4.0
[0.218s] -- Detecting C compiler ABI info
[0.320s] -- Detecting C compiler ABI info - done
[0.338s] -- Check for working C compiler: /usr/bin/cc - skipped
[0.339s] -- Detecting C compile features
[0.339s] -- Detecting C compile features - done
[0.345s] -- Detecting CXX compiler ABI info
[0.457s] -- Detecting CXX compiler ABI info - done
[0.470s] -- Check for working CXX compiler: /usr/bin/c++ - skipped
[0.471s] -- Detecting CXX compile features
[0.472s] -- Detecting CXX compile features - done
[0.487s] -- Found ament_cmake: 1.3.11 (/opt/ros/humble/share/ament_cmake/cmake)
[1.892s] -- Found Python3: /usr/bin/python3 (found version "3.10.12") found components: Interpreter 
[2.195s] -- Configuring done
[2.199s] -- Generating done
[2.202s] -- Build files have been written to: /home/imr/ws-for-ov2slam/build/realsense2_description
[2.208s] Invoked command in '/home/imr/ws-for-ov2slam/build/realsense2_description' returned '0': AMENT_PREFIX_PATH=/home/imr/ws-for-ov2slam/install/realsense2_camera_msgs:${AMENT_PREFIX_PATH} CMAKE_PREFIX_PATH=/home/imr/ws-for-ov2slam/install/realsense2_camera_msgs:/home/imr/jauremax_ros2/install/teleop_twist_joy:/home/imr/jauremax_ros2/install/kobuki_node:/home/imr/ros2_ws/install/realsense2_description:/home/imr/ros2_ws/install/realsense2_camera:/home/imr/ros2_ws/install/realsense2_camera_msgs:/home/imr/ws-for-ov2slam/install/teleop_twist_joy:/home/imr/ws-for-ov2slam/install/ov2slam:/home/imr/ws-for-ov2slam/install/kobuki_node:/home/imr/ws-for-ov2slam/src/install/librealsense2:/home/imr/jauremax_ros2/install/controller_launcher:/home/imr/install/controller_launcher:/home/imr/ws-for-ov2slam/install/controller_launcher:/home/imr/ws-for-ov2slam/src/install/controller_launcher:/home/imr/ws-for-ov2slam/src/install/teleop_twist_joy:/home/imr/ws-for-ov2slam/src/install/kobuki_node:/opt/ros/humble LD_LIBRARY_PATH=/home/imr/ws-for-ov2slam/install/realsense2_camera_msgs/lib:${LD_LIBRARY_PATH} PYTHONPATH=/home/imr/ws-for-ov2slam/install/realsense2_camera_msgs/local/lib/python3.10/dist-packages:${PYTHONPATH} /usr/bin/cmake /home/imr/ws-for-ov2slam/src/realsense-ros/realsense2_description -DCMAKE_INSTALL_PREFIX=/home/imr/ws-for-ov2slam/install/realsense2_description
[2.210s] Invoking command in '/home/imr/ws-for-ov2slam/build/realsense2_description': AMENT_PREFIX_PATH=/home/imr/ws-for-ov2slam/install/realsense2_camera_msgs:${AMENT_PREFIX_PATH} CMAKE_PREFIX_PATH=/home/imr/ws-for-ov2slam/install/realsense2_camera_msgs:/home/imr/jauremax_ros2/install/teleop_twist_joy:/home/imr/jauremax_ros2/install/kobuki_node:/home/imr/ros2_ws/install/realsense2_description:/home/imr/ros2_ws/install/realsense2_camera:/home/imr/ros2_ws/install/realsense2_camera_msgs:/home/imr/ws-for-ov2slam/install/teleop_twist_joy:/home/imr/ws-for-ov2slam/install/ov2slam:/home/imr/ws-for-ov2slam/install/kobuki_node:/home/imr/ws-for-ov2slam/src/install/librealsense2:/home/imr/jauremax_ros2/install/controller_launcher:/home/imr/install/controller_launcher:/home/imr/ws-for-ov2slam/install/controller_launcher:/home/imr/ws-for-ov2slam/src/install/controller_launcher:/home/imr/ws-for-ov2slam/src/install/teleop_twist_joy:/home/imr/ws-for-ov2slam/src/install/kobuki_node:/opt/ros/humble LD_LIBRARY_PATH=/home/imr/ws-for-ov2slam/install/realsense2_camera_msgs/lib:${LD_LIBRARY_PATH} PYTHONPATH=/home/imr/ws-for-ov2slam/install/realsense2_camera_msgs/local/lib/python3.10/dist-packages:${PYTHONPATH} /usr/bin/cmake --build /home/imr/ws-for-ov2slam/build/realsense2_description -- -j4 -l4
[2.269s] Invoked command in '/home/imr/ws-for-ov2slam/build/realsense2_description' returned '0': AMENT_PREFIX_PATH=/home/imr/ws-for-ov2slam/install/realsense2_camera_msgs:${AMENT_PREFIX_PATH} CMAKE_PREFIX_PATH=/home/imr/ws-for-ov2slam/install/realsense2_camera_msgs:/home/imr/jauremax_ros2/install/teleop_twist_joy:/home/imr/jauremax_ros2/install/kobuki_node:/home/imr/ros2_ws/install/realsense2_description:/home/imr/ros2_ws/install/realsense2_camera:/home/imr/ros2_ws/install/realsense2_camera_msgs:/home/imr/ws-for-ov2slam/install/teleop_twist_joy:/home/imr/ws-for-ov2slam/install/ov2slam:/home/imr/ws-for-ov2slam/install/kobuki_node:/home/imr/ws-for-ov2slam/src/install/librealsense2:/home/imr/jauremax_ros2/install/controller_launcher:/home/imr/install/controller_launcher:/home/imr/ws-for-ov2slam/install/controller_launcher:/home/imr/ws-for-ov2slam/src/install/controller_launcher:/home/imr/ws-for-ov2slam/src/install/teleop_twist_joy:/home/imr/ws-for-ov2slam/src/install/kobuki_node:/opt/ros/humble LD_LIBRARY_PATH=/home/imr/ws-for-ov2slam/install/realsense2_camera_msgs/lib:${LD_LIBRARY_PATH} PYTHONPATH=/home/imr/ws-for-ov2slam/install/realsense2_camera_msgs/local/lib/python3.10/dist-packages:${PYTHONPATH} /usr/bin/cmake --build /home/imr/ws-for-ov2slam/build/realsense2_description -- -j4 -l4
[2.271s] Invoking command in '/home/imr/ws-for-ov2slam/build/realsense2_description': AMENT_PREFIX_PATH=/home/imr/ws-for-ov2slam/install/realsense2_camera_msgs:${AMENT_PREFIX_PATH} CMAKE_PREFIX_PATH=/home/imr/ws-for-ov2slam/install/realsense2_camera_msgs:/home/imr/jauremax_ros2/install/teleop_twist_joy:/home/imr/jauremax_ros2/install/kobuki_node:/home/imr/ros2_ws/install/realsense2_description:/home/imr/ros2_ws/install/realsense2_camera:/home/imr/ros2_ws/install/realsense2_camera_msgs:/home/imr/ws-for-ov2slam/install/teleop_twist_joy:/home/imr/ws-for-ov2slam/install/ov2slam:/home/imr/ws-for-ov2slam/install/kobuki_node:/home/imr/ws-for-ov2slam/src/install/librealsense2:/home/imr/jauremax_ros2/install/controller_launcher:/home/imr/install/controller_launcher:/home/imr/ws-for-ov2slam/install/controller_launcher:/home/imr/ws-for-ov2slam/src/install/controller_launcher:/home/imr/ws-for-ov2slam/src/install/teleop_twist_joy:/home/imr/ws-for-ov2slam/src/install/kobuki_node:/opt/ros/humble LD_LIBRARY_PATH=/home/imr/ws-for-ov2slam/install/realsense2_camera_msgs/lib:${LD_LIBRARY_PATH} PYTHONPATH=/home/imr/ws-for-ov2slam/install/realsense2_camera_msgs/local/lib/python3.10/dist-packages:${PYTHONPATH} /usr/bin/cmake --install /home/imr/ws-for-ov2slam/build/realsense2_description
[2.281s] -- Install configuration: ""
[2.282s] -- Installing: /home/imr/ws-for-ov2slam/install/realsense2_description/share/realsense2_description/launch
[2.282s] -- Installing: /home/imr/ws-for-ov2slam/install/realsense2_description/share/realsense2_description/launch/launch_utils.py
[2.282s] -- Installing: /home/imr/ws-for-ov2slam/install/realsense2_description/share/realsense2_description/launch/view_model.launch.py
[2.282s] -- Installing: /home/imr/ws-for-ov2slam/install/realsense2_description/share/realsense2_description/meshes
[2.282s] -- Installing: /home/imr/ws-for-ov2slam/install/realsense2_description/share/realsense2_description/meshes/d435.dae
[2.300s] -- Installing: /home/imr/ws-for-ov2slam/install/realsense2_description/share/realsense2_description/meshes/d405.stl
[2.300s] -- Installing: /home/imr/ws-for-ov2slam/install/realsense2_description/share/realsense2_description/meshes/d415.stl
[2.323s] -- Installing: /home/imr/ws-for-ov2slam/install/realsense2_description/share/realsense2_description/meshes/plug_collision.stl
[2.323s] -- Installing: /home/imr/ws-for-ov2slam/install/realsense2_description/share/realsense2_description/meshes/plug.stl
[2.324s] -- Installing: /home/imr/ws-for-ov2slam/install/realsense2_description/share/realsense2_description/meshes/d455.stl
[2.326s] -- Installing: /home/imr/ws-for-ov2slam/install/realsense2_description/share/realsense2_description/meshes/l515.dae
[2.364s] -- Installing: /home/imr/ws-for-ov2slam/install/realsense2_description/share/realsense2_description/rviz
[2.364s] -- Installing: /home/imr/ws-for-ov2slam/install/realsense2_description/share/realsense2_description/rviz/urdf.rviz
[2.365s] -- Installing: /home/imr/ws-for-ov2slam/install/realsense2_description/share/realsense2_description/urdf
[2.365s] -- Installing: /home/imr/ws-for-ov2slam/install/realsense2_description/share/realsense2_description/urdf/_materials.urdf.xacro
[2.365s] -- Installing: /home/imr/ws-for-ov2slam/install/realsense2_description/share/realsense2_description/urdf/test_d435i_camera.urdf.xacro
[2.365s] -- Installing: /home/imr/ws-for-ov2slam/install/realsense2_description/share/realsense2_description/urdf/test_d415_camera.urdf.xacro
[2.365s] -- Installing: /home/imr/ws-for-ov2slam/install/realsense2_description/share/realsense2_description/urdf/test_d405_camera.urdf.xacro
[2.365s] -- Installing: /home/imr/ws-for-ov2slam/install/realsense2_description/share/realsense2_description/urdf/_d435i_imu_modules.urdf.xacro
[2.366s] -- Installing: /home/imr/ws-for-ov2slam/install/realsense2_description/share/realsense2_description/urdf/_r410.urdf.xacro
[2.366s] -- Installing: /home/imr/ws-for-ov2slam/install/realsense2_description/share/realsense2_description/urdf/test_d435_multiple_cameras.urdf.xacro
[2.366s] -- Installing: /home/imr/ws-for-ov2slam/install/realsense2_description/share/realsense2_description/urdf/_d435.urdf.xacro
[2.366s] -- Installing: /home/imr/ws-for-ov2slam/install/realsense2_description/share/realsense2_description/urdf/_usb_plug.urdf.xacro
[2.366s] -- Installing: /home/imr/ws-for-ov2slam/install/realsense2_description/share/realsense2_description/urdf/_d415.urdf.xacro
[2.367s] -- Installing: /home/imr/ws-for-ov2slam/install/realsense2_description/share/realsense2_description/urdf/test_d455_camera.urdf.xacro
[2.367s] -- Installing: /home/imr/ws-for-ov2slam/install/realsense2_description/share/realsense2_description/urdf/test_r430_camera.urdf.xacro
[2.367s] -- Installing: /home/imr/ws-for-ov2slam/install/realsense2_description/share/realsense2_description/urdf/test_r410_camera.urdf.xacro
[2.367s] -- Installing: /home/imr/ws-for-ov2slam/install/realsense2_description/share/realsense2_description/urdf/_r430.urdf.xacro
[2.367s] -- Installing: /home/imr/ws-for-ov2slam/install/realsense2_description/share/realsense2_description/urdf/test_d435_camera.urdf.xacro
[2.367s] -- Installing: /home/imr/ws-for-ov2slam/install/realsense2_description/share/realsense2_description/urdf/_d455.urdf.xacro
[2.368s] -- Installing: /home/imr/ws-for-ov2slam/install/realsense2_description/share/realsense2_description/urdf/_d435i.urdf.xacro
[2.368s] -- Installing: /home/imr/ws-for-ov2slam/install/realsense2_description/share/realsense2_description/urdf/_d405.urdf.xacro
[2.368s] -- Installing: /home/imr/ws-for-ov2slam/install/realsense2_description/share/ament_index/resource_index/package_run_dependencies/realsense2_description
[2.368s] -- Installing: /home/imr/ws-for-ov2slam/install/realsense2_description/share/ament_index/resource_index/parent_prefix_path/realsense2_description
[2.369s] -- Installing: /home/imr/ws-for-ov2slam/install/realsense2_description/share/realsense2_description/environment/ament_prefix_path.sh
[2.369s] -- Installing: /home/imr/ws-for-ov2slam/install/realsense2_description/share/realsense2_description/environment/ament_prefix_path.dsv
[2.370s] -- Installing: /home/imr/ws-for-ov2slam/install/realsense2_description/share/realsense2_description/environment/path.sh
[2.370s] -- Installing: /home/imr/ws-for-ov2slam/install/realsense2_description/share/realsense2_description/environment/path.dsv
[2.370s] -- Installing: /home/imr/ws-for-ov2slam/install/realsense2_description/share/realsense2_description/local_setup.bash
[2.370s] -- Installing: /home/imr/ws-for-ov2slam/install/realsense2_description/share/realsense2_description/local_setup.sh
[2.370s] -- Installing: /home/imr/ws-for-ov2slam/install/realsense2_description/share/realsense2_description/local_setup.zsh
[2.370s] -- Installing: /home/imr/ws-for-ov2slam/install/realsense2_description/share/realsense2_description/local_setup.dsv
[2.370s] -- Installing: /home/imr/ws-for-ov2slam/install/realsense2_description/share/realsense2_description/package.dsv
[2.371s] -- Installing: /home/imr/ws-for-ov2slam/install/realsense2_description/share/ament_index/resource_index/packages/realsense2_description
[2.371s] -- Installing: /home/imr/ws-for-ov2slam/install/realsense2_description/share/realsense2_description/cmake/realsense2_descriptionConfig.cmake
[2.371s] -- Installing: /home/imr/ws-for-ov2slam/install/realsense2_description/share/realsense2_description/cmake/realsense2_descriptionConfig-version.cmake
[2.371s] -- Installing: /home/imr/ws-for-ov2slam/install/realsense2_description/share/realsense2_description/package.xml
[2.373s] Invoked command in '/home/imr/ws-for-ov2slam/build/realsense2_description' returned '0': AMENT_PREFIX_PATH=/home/imr/ws-for-ov2slam/install/realsense2_camera_msgs:${AMENT_PREFIX_PATH} CMAKE_PREFIX_PATH=/home/imr/ws-for-ov2slam/install/realsense2_camera_msgs:/home/imr/jauremax_ros2/install/teleop_twist_joy:/home/imr/jauremax_ros2/install/kobuki_node:/home/imr/ros2_ws/install/realsense2_description:/home/imr/ros2_ws/install/realsense2_camera:/home/imr/ros2_ws/install/realsense2_camera_msgs:/home/imr/ws-for-ov2slam/install/teleop_twist_joy:/home/imr/ws-for-ov2slam/install/ov2slam:/home/imr/ws-for-ov2slam/install/kobuki_node:/home/imr/ws-for-ov2slam/src/install/librealsense2:/home/imr/jauremax_ros2/install/controller_launcher:/home/imr/install/controller_launcher:/home/imr/ws-for-ov2slam/install/controller_launcher:/home/imr/ws-for-ov2slam/src/install/controller_launcher:/home/imr/ws-for-ov2slam/src/install/teleop_twist_joy:/home/imr/ws-for-ov2slam/src/install/kobuki_node:/opt/ros/humble LD_LIBRARY_PATH=/home/imr/ws-for-ov2slam/install/realsense2_camera_msgs/lib:${LD_LIBRARY_PATH} PYTHONPATH=/home/imr/ws-for-ov2slam/install/realsense2_camera_msgs/local/lib/python3.10/dist-packages:${PYTHONPATH} /usr/bin/cmake --install /home/imr/ws-for-ov2slam/build/realsense2_description
