[0.033s] Invoking command in '/home/imr/ws-for-ov2slam/build/realsense2_camera': AMENT_PREFIX_PATH=/home/imr/ws-for-ov2slam/install/realsense2_camera_msgs:${AMENT_PREFIX_PATH} CMAKE_PREFIX_PATH=/home/imr/ws-for-ov2slam/install/realsense2_camera_msgs:/home/imr/jauremax_ros2/install/teleop_twist_joy:/home/imr/jauremax_ros2/install/kobuki_node:/home/imr/ros2_ws/install/realsense2_description:/home/imr/ros2_ws/install/realsense2_camera:/home/imr/ros2_ws/install/realsense2_camera_msgs:/home/imr/ws-for-ov2slam/install/teleop_twist_joy:/home/imr/ws-for-ov2slam/install/ov2slam:/home/imr/ws-for-ov2slam/install/kobuki_node:/home/imr/ws-for-ov2slam/src/install/librealsense2:/home/imr/jauremax_ros2/install/controller_launcher:/home/imr/install/controller_launcher:/home/imr/ws-for-ov2slam/install/controller_launcher:/home/imr/ws-for-ov2slam/src/install/controller_launcher:/home/imr/ws-for-ov2slam/src/install/teleop_twist_joy:/home/imr/ws-for-ov2slam/src/install/kobuki_node:/opt/ros/humble LD_LIBRARY_PATH=/home/imr/ws-for-ov2slam/install/realsense2_camera_msgs/lib:${LD_LIBRARY_PATH} PYTHONPATH=/home/imr/ws-for-ov2slam/install/realsense2_camera_msgs/local/lib/python3.10/dist-packages:${PYTHONPATH} /usr/bin/cmake /home/imr/ws-for-ov2slam/src/realsense-ros/realsense2_camera -DCMAKE_INSTALL_PREFIX=/home/imr/ws-for-ov2slam/install/realsense2_camera
[0.132s] -- The C compiler identification is GNU 11.4.0
[0.223s] -- The CXX compiler identification is GNU 11.4.0
[0.234s] -- Detecting C compiler ABI info
[0.340s] -- Detecting C compiler ABI info - done
[0.359s] -- Check for working C compiler: /usr/bin/cc - skipped
[0.360s] -- Detecting C compile features
[0.360s] -- Detecting C compile features - done
[0.366s] -- Detecting CXX compiler ABI info
[0.486s] -- Detecting CXX compiler ABI info - done
[0.507s] -- Check for working CXX compiler: /usr/bin/c++ - skipped
[0.508s] -- Detecting CXX compile features
[0.509s] -- Detecting CXX compile features - done
[0.510s] -- Create Release Build.
[0.516s] -- Found ament_cmake: 1.3.11 (/opt/ros/humble/share/ament_cmake/cmake)
[1.775s] -- Found Python3: /usr/bin/python3 (found version "3.10.12") found components: Interpreter 
[1.971s] -- Found builtin_interfaces: 1.2.1 (/opt/ros/humble/share/builtin_interfaces/cmake)
[2.052s] -- Found rosidl_generator_c: 3.1.6 (/opt/ros/humble/share/rosidl_generator_c/cmake)
[2.066s] -- Found rosidl_adapter: 3.1.6 (/opt/ros/humble/share/rosidl_adapter/cmake)
[2.087s] -- Found rosidl_generator_cpp: 3.1.6 (/opt/ros/humble/share/rosidl_generator_cpp/cmake)
[2.119s] -- Using all available rosidl_typesupport_c: rosidl_typesupport_fastrtps_c;rosidl_typesupport_introspection_c
[2.160s] -- Using all available rosidl_typesupport_cpp: rosidl_typesupport_fastrtps_cpp;rosidl_typesupport_introspection_cpp
[2.199s] -- Found cv_bridge: 3.2.1 (/opt/ros/humble/share/cv_bridge/cmake)
[2.341s] -- Found image_transport: 3.1.11 (/opt/ros/humble/share/image_transport/cmake)
[2.484s] -- Found rmw_implementation_cmake: 6.1.2 (/opt/ros/humble/share/rmw_implementation_cmake/cmake)
[2.498s] -- Found rmw_fastrtps_cpp: 6.2.7 (/opt/ros/humble/share/rmw_fastrtps_cpp/cmake)
[2.664s] -- Found OpenSSL: /usr/lib/x86_64-linux-gnu/libcrypto.so (found version "3.0.2")  
[2.709s] -- Found FastRTPS: /opt/ros/humble/include  
[2.776s] -- Using RMW implementation 'rmw_fastrtps_cpp' as default
[2.804s] -- Looking for pthread.h
[2.906s] -- Looking for pthread.h - found
[2.906s] -- Performing Test CMAKE_HAVE_LIBC_PTHREAD
[3.006s] -- Performing Test CMAKE_HAVE_LIBC_PTHREAD - Success
[3.008s] -- Found Threads: TRUE  
[3.170s] -- Found rclcpp_components: 16.0.12 (/opt/ros/humble/share/rclcpp_components/cmake)
[3.218s] -- Found realsense2_camera_msgs: 4.55.1 (/home/imr/ws-for-ov2slam/install/realsense2_camera_msgs/share/realsense2_camera_msgs/cmake)
[3.268s] -- Found nav_msgs: 4.8.0 (/opt/ros/humble/share/nav_msgs/cmake)
[3.320s] -- Found tf2_ros: 0.25.12 (/opt/ros/humble/share/tf2_ros/cmake)
[3.514s] -- Found diagnostic_updater: 4.0.4 (/opt/ros/humble/share/diagnostic_updater/cmake)
[3.566s] -- Found OpenCV: /usr/local (found version "4.5.5") found components: core 
[3.572s] [31mCMake Error at /home/imr/ws-for-ov2slam/src/install/librealsense2/lib/cmake/realsense2/realsense2Targets.cmake:100 (message):
[3.572s]   The imported target "realsense2::fw" references the file
[3.572s] 
[3.572s]      "/home/imr/ws-for-ov2slam/src/install/librealsense2/lib/libfw.a"
[3.572s] 
[3.572s]   but this file does not exist.  Possible reasons include:
[3.572s] 
[3.573s]   * The file was deleted, renamed, or moved to another location.
[3.573s] 
[3.573s]   * An install or uninstall procedure did not complete successfully.
[3.573s] 
[3.573s]   * The installation package was faulty and contained
[3.573s] 
[3.573s]      "/home/imr/ws-for-ov2slam/src/install/librealsense2/lib/cmake/realsense2/realsense2Targets.cmake"
[3.574s] 
[3.574s]   but not all the files it references.
[3.574s] 
[3.574s] Call Stack (most recent call first):
[3.574s]   /home/imr/ws-for-ov2slam/src/install/librealsense2/lib/cmake/realsense2/realsense2Config.cmake:35 (include)
[3.574s]   CMakeLists.txt:120 (find_package)
[3.574s] 
[3.574s] [0m
[3.574s] -- Configuring incomplete, errors occurred!
[3.575s] See also "/home/imr/ws-for-ov2slam/build/realsense2_camera/CMakeFiles/CMakeOutput.log".
[3.585s] Invoked command in '/home/imr/ws-for-ov2slam/build/realsense2_camera' returned '1': AMENT_PREFIX_PATH=/home/imr/ws-for-ov2slam/install/realsense2_camera_msgs:${AMENT_PREFIX_PATH} CMAKE_PREFIX_PATH=/home/imr/ws-for-ov2slam/install/realsense2_camera_msgs:/home/imr/jauremax_ros2/install/teleop_twist_joy:/home/imr/jauremax_ros2/install/kobuki_node:/home/imr/ros2_ws/install/realsense2_description:/home/imr/ros2_ws/install/realsense2_camera:/home/imr/ros2_ws/install/realsense2_camera_msgs:/home/imr/ws-for-ov2slam/install/teleop_twist_joy:/home/imr/ws-for-ov2slam/install/ov2slam:/home/imr/ws-for-ov2slam/install/kobuki_node:/home/imr/ws-for-ov2slam/src/install/librealsense2:/home/imr/jauremax_ros2/install/controller_launcher:/home/imr/install/controller_launcher:/home/imr/ws-for-ov2slam/install/controller_launcher:/home/imr/ws-for-ov2slam/src/install/controller_launcher:/home/imr/ws-for-ov2slam/src/install/teleop_twist_joy:/home/imr/ws-for-ov2slam/src/install/kobuki_node:/opt/ros/humble LD_LIBRARY_PATH=/home/imr/ws-for-ov2slam/install/realsense2_camera_msgs/lib:${LD_LIBRARY_PATH} PYTHONPATH=/home/imr/ws-for-ov2slam/install/realsense2_camera_msgs/local/lib/python3.10/dist-packages:${PYTHONPATH} /usr/bin/cmake /home/imr/ws-for-ov2slam/src/realsense-ros/realsense2_camera -DCMAKE_INSTALL_PREFIX=/home/imr/ws-for-ov2slam/install/realsense2_camera
