[2.163s] Invoking command in '/home/imr/jauremax_ros2/src/controller_launcher': AMENT_PREFIX_PATH=/home/imr/jauremax_ros2/src/install/teleop_twist_joy:/home/imr/jauremax_ros2/src/install/kobuki_node:${AMENT_PREFIX_PATH} CMAKE_PREFIX_PATH=/home/imr/jauremax_ros2/src/install/teleop_twist_joy:/home/imr/jauremax_ros2/src/install/kobuki_node:${CMAKE_PREFIX_PATH} LD_LIBRARY_PATH=/home/imr/jauremax_ros2/src/install/teleop_twist_joy/lib:/home/imr/jauremax_ros2/src/install/kobuki_node/lib:${LD_LIBRARY_PATH} PYTHONPATH=/home/imr/jauremax_ros2/src/build/controller_launcher/prefix_override:/usr/lib/python3/dist-packages/colcon_core/task/python/colcon_distutils_commands:/home/imr/jauremax_ros2/src/install/controller_launcher/lib/python3.10/site-packages:${PYTHONPATH} /usr/bin/python3 -W ignore:setup.py install is deprecated -W ignore:easy_install command is deprecated setup.py egg_info --egg-base ../build/controller_launcher build --build-base /home/imr/jauremax_ros2/src/build/controller_launcher/build install --record /home/imr/jauremax_ros2/src/build/controller_launcher/install.log --single-version-externally-managed install_data
[2.955s] running egg_info
[2.956s] creating ../build/controller_launcher/controller_launcher.egg-info
[2.999s] writing ../build/controller_launcher/controller_launcher.egg-info/PKG-INFO
[3.000s] writing dependency_links to ../build/controller_launcher/controller_launcher.egg-info/dependency_links.txt
[3.002s] writing requirements to ../build/controller_launcher/controller_launcher.egg-info/requires.txt
[3.002s] writing top-level names to ../build/controller_launcher/controller_launcher.egg-info/top_level.txt
[3.002s] writing manifest file '../build/controller_launcher/controller_launcher.egg-info/SOURCES.txt'
[3.085s] reading manifest file '../build/controller_launcher/controller_launcher.egg-info/SOURCES.txt'
[3.086s] writing manifest file '../build/controller_launcher/controller_launcher.egg-info/SOURCES.txt'
[3.087s] running build
[3.087s] running build_py
[3.087s] creating /home/imr/jauremax_ros2/src/build/controller_launcher/build
[3.087s] creating /home/imr/jauremax_ros2/src/build/controller_launcher/build/lib
[3.088s] creating /home/imr/jauremax_ros2/src/build/controller_launcher/build/lib/controller_launcher
[3.088s] copying controller_launcher/__init__.py -> /home/imr/jauremax_ros2/src/build/controller_launcher/build/lib/controller_launcher
[3.091s] running install
[3.100s] running install_lib
[3.133s] creating /home/imr/jauremax_ros2/src/install/controller_launcher/lib/python3.10/site-packages/controller_launcher
[3.134s] copying /home/imr/jauremax_ros2/src/build/controller_launcher/build/lib/controller_launcher/__init__.py -> /home/imr/jauremax_ros2/src/install/controller_launcher/lib/python3.10/site-packages/controller_launcher
[3.135s] byte-compiling /home/imr/jauremax_ros2/src/install/controller_launcher/lib/python3.10/site-packages/controller_launcher/__init__.py to __init__.cpython-310.pyc
[3.135s] running install_data
[3.136s] creating /home/imr/jauremax_ros2/src/install/controller_launcher/share/ament_index
[3.136s] creating /home/imr/jauremax_ros2/src/install/controller_launcher/share/ament_index/resource_index
[3.136s] creating /home/imr/jauremax_ros2/src/install/controller_launcher/share/ament_index/resource_index/packages
[3.136s] copying resource/controller_launcher -> /home/imr/jauremax_ros2/src/install/controller_launcher/share/ament_index/resource_index/packages
[3.137s] copying package.xml -> /home/imr/jauremax_ros2/src/install/controller_launcher/share/controller_launcher
[3.137s] creating /home/imr/jauremax_ros2/src/install/controller_launcher/share/controller_launcher/launch
[3.138s] copying launch/controller_launch.py -> /home/imr/jauremax_ros2/src/install/controller_launcher/share/controller_launcher/launch
[3.141s] running install_egg_info
[3.174s] Copying ../build/controller_launcher/controller_launcher.egg-info to /home/imr/jauremax_ros2/src/install/controller_launcher/lib/python3.10/site-packages/controller_launcher-0.0.1-py3.10.egg-info
[3.176s] running install_scripts
[3.306s] writing list of installed files to '/home/imr/jauremax_ros2/src/build/controller_launcher/install.log'
[3.377s] Invoked command in '/home/imr/jauremax_ros2/src/controller_launcher' returned '0': AMENT_PREFIX_PATH=/home/imr/jauremax_ros2/src/install/teleop_twist_joy:/home/imr/jauremax_ros2/src/install/kobuki_node:${AMENT_PREFIX_PATH} CMAKE_PREFIX_PATH=/home/imr/jauremax_ros2/src/install/teleop_twist_joy:/home/imr/jauremax_ros2/src/install/kobuki_node:${CMAKE_PREFIX_PATH} LD_LIBRARY_PATH=/home/imr/jauremax_ros2/src/install/teleop_twist_joy/lib:/home/imr/jauremax_ros2/src/install/kobuki_node/lib:${LD_LIBRARY_PATH} PYTHONPATH=/home/imr/jauremax_ros2/src/build/controller_launcher/prefix_override:/usr/lib/python3/dist-packages/colcon_core/task/python/colcon_distutils_commands:/home/imr/jauremax_ros2/src/install/controller_launcher/lib/python3.10/site-packages:${PYTHONPATH} /usr/bin/python3 -W ignore:setup.py install is deprecated -W ignore:easy_install command is deprecated setup.py egg_info --egg-base ../build/controller_launcher build --build-base /home/imr/jauremax_ros2/src/build/controller_launcher/build install --record /home/imr/jauremax_ros2/src/build/controller_launcher/install.log --single-version-externally-managed install_data
